[0.152s] DEBUG:colcon:Command line arguments: ['/usr/bin/colcon', 'build']
[0.152s] DEBUG:colcon:Parsed command line arguments: Namespace(log_base=None, log_level=None, verb_name='build', build_base='build', install_base='install', merge_install=False, symlink_install=False, test_result_base=None, continue_on_error=False, executor='parallel', parallel_workers=9, event_handlers=None, ignore_user_meta=False, metas=['./colcon.meta'], base_paths=['.'], packages_ignore=None, packages_ignore_regex=None, paths=None, packages_up_to=None, packages_up_to_regex=None, packages_above=None, packages_above_and_dependencies=None, packages_above_depth=None, packages_select_by_dep=None, packages_skip_by_dep=None, packages_skip_up_to=None, packages_select_build_failed=False, packages_skip_build_finished=False, packages_select_test_failures=False, packages_skip_test_passed=False, packages_select=None, packages_skip=None, packages_select_regex=None, packages_skip_regex=None, packages_start=None, packages_end=None, allow_overriding=[], cmake_args=None, cmake_target=None, cmake_target_skip_unavailable=False, cmake_clean_cache=False, cmake_clean_first=False, cmake_force_configure=False, ament_cmake_args=None, catkin_cmake_args=None, catkin_skip_building_tests=False, verb_parser=<colcon_defaults.argument_parser.defaults.DefaultArgumentsDecorator object at 0xffff7ec09120>, verb_extension=<colcon_core.verb.build.BuildVerb object at 0xffff7ec08c10>, main=<bound method BuildVerb.main of <colcon_core.verb.build.BuildVerb object at 0xffff7ec08c10>>)
[0.387s] Level 1:colcon.colcon_core.package_discovery:discover_packages(colcon_meta) check parameters
[0.388s] Level 1:colcon.colcon_core.package_discovery:discover_packages(recursive) check parameters
[0.388s] Level 1:colcon.colcon_core.package_discovery:discover_packages(ignore) check parameters
[0.388s] Level 1:colcon.colcon_core.package_discovery:discover_packages(path) check parameters
[0.388s] Level 1:colcon.colcon_core.package_discovery:discover_packages(colcon_meta) discover
[0.388s] Level 1:colcon.colcon_core.package_discovery:discover_packages(recursive) discover
[0.388s] INFO:colcon.colcon_core.package_discovery:Crawling recursively for packages in '/home/niic/427/427/sb_new_tor/WK_ZY'
[0.388s] Level 1:colcon.colcon_core.package_identification:_identify(.) by extensions ['ignore', 'ignore_ament_install']
[0.388s] Level 1:colcon.colcon_core.package_identification:_identify(.) by extension 'ignore'
[0.388s] Level 1:colcon.colcon_core.package_identification:_identify(.) by extension 'ignore_ament_install'
[0.389s] Level 1:colcon.colcon_core.package_identification:_identify(.) by extensions ['colcon_pkg']
[0.389s] Level 1:colcon.colcon_core.package_identification:_identify(.) by extension 'colcon_pkg'
[0.389s] Level 1:colcon.colcon_core.package_identification:_identify(.) by extensions ['colcon_meta']
[0.389s] Level 1:colcon.colcon_core.package_identification:_identify(.) by extension 'colcon_meta'
[0.389s] Level 1:colcon.colcon_core.package_identification:_identify(.) by extensions ['ros']
[0.389s] Level 1:colcon.colcon_core.package_identification:_identify(.) by extension 'ros'
[0.405s] Level 1:colcon.colcon_core.package_identification:_identify(.) by extensions ['cmake', 'python']
[0.405s] Level 1:colcon.colcon_core.package_identification:_identify(.) by extension 'cmake'
[0.405s] Level 1:colcon.colcon_core.package_identification:_identify(.) by extension 'python'
[0.406s] Level 1:colcon.colcon_core.package_identification:_identify(.) by extensions ['python_setup_py']
[0.406s] Level 1:colcon.colcon_core.package_identification:_identify(.) by extension 'python_setup_py'
[0.406s] Level 1:colcon.colcon_core.package_identification:_identify(build) by extensions ['ignore', 'ignore_ament_install']
[0.406s] Level 1:colcon.colcon_core.package_identification:_identify(build) by extension 'ignore'
[0.406s] Level 1:colcon.colcon_core.package_identification:_identify(build) ignored
[0.406s] Level 1:colcon.colcon_core.package_identification:_identify(install) by extensions ['ignore', 'ignore_ament_install']
[0.406s] Level 1:colcon.colcon_core.package_identification:_identify(install) by extension 'ignore'
[0.407s] Level 1:colcon.colcon_core.package_identification:_identify(install) ignored
[0.407s] Level 1:colcon.colcon_core.package_identification:_identify(log) by extensions ['ignore', 'ignore_ament_install']
[0.407s] Level 1:colcon.colcon_core.package_identification:_identify(log) by extension 'ignore'
[0.407s] Level 1:colcon.colcon_core.package_identification:_identify(log) ignored
[0.407s] Level 1:colcon.colcon_core.package_identification:_identify(src) by extensions ['ignore', 'ignore_ament_install']
[0.407s] Level 1:colcon.colcon_core.package_identification:_identify(src) by extension 'ignore'
[0.407s] Level 1:colcon.colcon_core.package_identification:_identify(src) by extension 'ignore_ament_install'
[0.407s] Level 1:colcon.colcon_core.package_identification:_identify(src) by extensions ['colcon_pkg']
[0.407s] Level 1:colcon.colcon_core.package_identification:_identify(src) by extension 'colcon_pkg'
[0.407s] Level 1:colcon.colcon_core.package_identification:_identify(src) by extensions ['colcon_meta']
[0.408s] Level 1:colcon.colcon_core.package_identification:_identify(src) by extension 'colcon_meta'
[0.408s] Level 1:colcon.colcon_core.package_identification:_identify(src) by extensions ['ros']
[0.408s] Level 1:colcon.colcon_core.package_identification:_identify(src) by extension 'ros'
[0.408s] Level 1:colcon.colcon_core.package_identification:_identify(src) by extensions ['cmake', 'python']
[0.408s] Level 1:colcon.colcon_core.package_identification:_identify(src) by extension 'cmake'
[0.408s] Level 1:colcon.colcon_core.package_identification:_identify(src) by extension 'python'
[0.408s] Level 1:colcon.colcon_core.package_identification:_identify(src) by extensions ['python_setup_py']
[0.408s] Level 1:colcon.colcon_core.package_identification:_identify(src) by extension 'python_setup_py'
[0.408s] Level 1:colcon.colcon_core.package_identification:_identify(src/motor_communication_pkg) by extensions ['ignore', 'ignore_ament_install']
[0.408s] Level 1:colcon.colcon_core.package_identification:_identify(src/motor_communication_pkg) by extension 'ignore'
[0.408s] Level 1:colcon.colcon_core.package_identification:_identify(src/motor_communication_pkg) by extension 'ignore_ament_install'
[0.408s] Level 1:colcon.colcon_core.package_identification:_identify(src/motor_communication_pkg) by extensions ['colcon_pkg']
[0.409s] Level 1:colcon.colcon_core.package_identification:_identify(src/motor_communication_pkg) by extension 'colcon_pkg'
[0.409s] Level 1:colcon.colcon_core.package_identification:_identify(src/motor_communication_pkg) by extensions ['colcon_meta']
[0.409s] Level 1:colcon.colcon_core.package_identification:_identify(src/motor_communication_pkg) by extension 'colcon_meta'
[0.409s] Level 1:colcon.colcon_core.package_identification:_identify(src/motor_communication_pkg) by extensions ['ros']
[0.409s] Level 1:colcon.colcon_core.package_identification:_identify(src/motor_communication_pkg) by extension 'ros'
[0.412s] DEBUG:colcon.colcon_core.package_identification:Package 'src/motor_communication_pkg' with type 'ros.ament_cmake' and name 'motor_communication_pkg'
[0.413s] Level 1:colcon.colcon_core.package_identification:_identify(src/motor_interface) by extensions ['ignore', 'ignore_ament_install']
[0.413s] Level 1:colcon.colcon_core.package_identification:_identify(src/motor_interface) by extension 'ignore'
[0.413s] Level 1:colcon.colcon_core.package_identification:_identify(src/motor_interface) by extension 'ignore_ament_install'
[0.413s] Level 1:colcon.colcon_core.package_identification:_identify(src/motor_interface) by extensions ['colcon_pkg']
[0.413s] Level 1:colcon.colcon_core.package_identification:_identify(src/motor_interface) by extension 'colcon_pkg'
[0.413s] Level 1:colcon.colcon_core.package_identification:_identify(src/motor_interface) by extensions ['colcon_meta']
[0.413s] Level 1:colcon.colcon_core.package_identification:_identify(src/motor_interface) by extension 'colcon_meta'
[0.413s] Level 1:colcon.colcon_core.package_identification:_identify(src/motor_interface) by extensions ['ros']
[0.413s] Level 1:colcon.colcon_core.package_identification:_identify(src/motor_interface) by extension 'ros'
[0.415s] DEBUG:colcon.colcon_core.package_identification:Package 'src/motor_interface' with type 'ros.ament_cmake' and name 'motor_interface'
[0.415s] Level 1:colcon.colcon_core.package_identification:_identify(src/motor_test_pkg) by extensions ['ignore', 'ignore_ament_install']
[0.415s] Level 1:colcon.colcon_core.package_identification:_identify(src/motor_test_pkg) by extension 'ignore'
[0.415s] Level 1:colcon.colcon_core.package_identification:_identify(src/motor_test_pkg) by extension 'ignore_ament_install'
[0.415s] Level 1:colcon.colcon_core.package_identification:_identify(src/motor_test_pkg) by extensions ['colcon_pkg']
[0.415s] Level 1:colcon.colcon_core.package_identification:_identify(src/motor_test_pkg) by extension 'colcon_pkg'
[0.415s] Level 1:colcon.colcon_core.package_identification:_identify(src/motor_test_pkg) by extensions ['colcon_meta']
[0.415s] Level 1:colcon.colcon_core.package_identification:_identify(src/motor_test_pkg) by extension 'colcon_meta'
[0.415s] Level 1:colcon.colcon_core.package_identification:_identify(src/motor_test_pkg) by extensions ['ros']
[0.415s] Level 1:colcon.colcon_core.package_identification:_identify(src/motor_test_pkg) by extension 'ros'
[0.416s] DEBUG:colcon.colcon_core.package_identification:Package 'src/motor_test_pkg' with type 'ros.ament_cmake' and name 'motor_test_pkg'
[0.416s] Level 1:colcon.colcon_core.package_discovery:discover_packages(recursive) using defaults
[0.416s] Level 1:colcon.colcon_core.package_discovery:discover_packages(ignore) discover
[0.416s] Level 1:colcon.colcon_core.package_discovery:discover_packages(ignore) using defaults
[0.417s] Level 1:colcon.colcon_core.package_discovery:discover_packages(path) discover
[0.417s] Level 1:colcon.colcon_core.package_discovery:discover_packages(path) using defaults
[0.444s] Level 1:colcon.colcon_core.package_discovery:discover_packages(prefix_path) check parameters
[0.444s] Level 1:colcon.colcon_core.package_discovery:discover_packages(prefix_path) discover
[0.447s] DEBUG:colcon.colcon_installed_package_information.package_discovery:Found 3 installed packages in /home/niic/427/427/sb_new_tor/WK_ZY/install
[0.449s] DEBUG:colcon.colcon_installed_package_information.package_discovery:Found 299 installed packages in /opt/ros/humble
[0.471s] Level 1:colcon.colcon_core.package_discovery:discover_packages(prefix_path) using defaults
[0.528s] Level 5:colcon.colcon_core.verb:set package 'motor_interface' build argument 'cmake_args' from command line to 'None'
[0.528s] Level 5:colcon.colcon_core.verb:set package 'motor_interface' build argument 'cmake_target' from command line to 'None'
[0.528s] Level 5:colcon.colcon_core.verb:set package 'motor_interface' build argument 'cmake_target_skip_unavailable' from command line to 'False'
[0.528s] Level 5:colcon.colcon_core.verb:set package 'motor_interface' build argument 'cmake_clean_cache' from command line to 'False'
[0.528s] Level 5:colcon.colcon_core.verb:set package 'motor_interface' build argument 'cmake_clean_first' from command line to 'False'
[0.528s] Level 5:colcon.colcon_core.verb:set package 'motor_interface' build argument 'cmake_force_configure' from command line to 'False'
[0.528s] Level 5:colcon.colcon_core.verb:set package 'motor_interface' build argument 'ament_cmake_args' from command line to 'None'
[0.528s] Level 5:colcon.colcon_core.verb:set package 'motor_interface' build argument 'catkin_cmake_args' from command line to 'None'
[0.528s] Level 5:colcon.colcon_core.verb:set package 'motor_interface' build argument 'catkin_skip_building_tests' from command line to 'False'
[0.528s] DEBUG:colcon.colcon_core.verb:Building package 'motor_interface' with the following arguments: {'ament_cmake_args': None, 'build_base': '/home/niic/427/427/sb_new_tor/WK_ZY/build/motor_interface', 'catkin_cmake_args': None, 'catkin_skip_building_tests': False, 'cmake_args': None, 'cmake_clean_cache': False, 'cmake_clean_first': False, 'cmake_force_configure': False, 'cmake_target': None, 'cmake_target_skip_unavailable': False, 'install_base': '/home/niic/427/427/sb_new_tor/WK_ZY/install/motor_interface', 'merge_install': False, 'path': '/home/niic/427/427/sb_new_tor/WK_ZY/src/motor_interface', 'symlink_install': False, 'test_result_base': None}
[0.529s] Level 5:colcon.colcon_core.verb:set package 'motor_communication_pkg' build argument 'cmake_args' from command line to 'None'
[0.529s] Level 5:colcon.colcon_core.verb:set package 'motor_communication_pkg' build argument 'cmake_target' from command line to 'None'
[0.529s] Level 5:colcon.colcon_core.verb:set package 'motor_communication_pkg' build argument 'cmake_target_skip_unavailable' from command line to 'False'
[0.529s] Level 5:colcon.colcon_core.verb:set package 'motor_communication_pkg' build argument 'cmake_clean_cache' from command line to 'False'
[0.529s] Level 5:colcon.colcon_core.verb:set package 'motor_communication_pkg' build argument 'cmake_clean_first' from command line to 'False'
[0.529s] Level 5:colcon.colcon_core.verb:set package 'motor_communication_pkg' build argument 'cmake_force_configure' from command line to 'False'
[0.529s] Level 5:colcon.colcon_core.verb:set package 'motor_communication_pkg' build argument 'ament_cmake_args' from command line to 'None'
[0.529s] Level 5:colcon.colcon_core.verb:set package 'motor_communication_pkg' build argument 'catkin_cmake_args' from command line to 'None'
[0.529s] Level 5:colcon.colcon_core.verb:set package 'motor_communication_pkg' build argument 'catkin_skip_building_tests' from command line to 'False'
[0.529s] DEBUG:colcon.colcon_core.verb:Building package 'motor_communication_pkg' with the following arguments: {'ament_cmake_args': None, 'build_base': '/home/niic/427/427/sb_new_tor/WK_ZY/build/motor_communication_pkg', 'catkin_cmake_args': None, 'catkin_skip_building_tests': False, 'cmake_args': None, 'cmake_clean_cache': False, 'cmake_clean_first': False, 'cmake_force_configure': False, 'cmake_target': None, 'cmake_target_skip_unavailable': False, 'install_base': '/home/niic/427/427/sb_new_tor/WK_ZY/install/motor_communication_pkg', 'merge_install': False, 'path': '/home/niic/427/427/sb_new_tor/WK_ZY/src/motor_communication_pkg', 'symlink_install': False, 'test_result_base': None}
[0.530s] Level 5:colcon.colcon_core.verb:set package 'motor_test_pkg' build argument 'cmake_args' from command line to 'None'
[0.530s] Level 5:colcon.colcon_core.verb:set package 'motor_test_pkg' build argument 'cmake_target' from command line to 'None'
[0.530s] Level 5:colcon.colcon_core.verb:set package 'motor_test_pkg' build argument 'cmake_target_skip_unavailable' from command line to 'False'
[0.530s] Level 5:colcon.colcon_core.verb:set package 'motor_test_pkg' build argument 'cmake_clean_cache' from command line to 'False'
[0.530s] Level 5:colcon.colcon_core.verb:set package 'motor_test_pkg' build argument 'cmake_clean_first' from command line to 'False'
[0.530s] Level 5:colcon.colcon_core.verb:set package 'motor_test_pkg' build argument 'cmake_force_configure' from command line to 'False'
[0.530s] Level 5:colcon.colcon_core.verb:set package 'motor_test_pkg' build argument 'ament_cmake_args' from command line to 'None'
[0.530s] Level 5:colcon.colcon_core.verb:set package 'motor_test_pkg' build argument 'catkin_cmake_args' from command line to 'None'
[0.530s] Level 5:colcon.colcon_core.verb:set package 'motor_test_pkg' build argument 'catkin_skip_building_tests' from command line to 'False'
[0.530s] DEBUG:colcon.colcon_core.verb:Building package 'motor_test_pkg' with the following arguments: {'ament_cmake_args': None, 'build_base': '/home/niic/427/427/sb_new_tor/WK_ZY/build/motor_test_pkg', 'catkin_cmake_args': None, 'catkin_skip_building_tests': False, 'cmake_args': None, 'cmake_clean_cache': False, 'cmake_clean_first': False, 'cmake_force_configure': False, 'cmake_target': None, 'cmake_target_skip_unavailable': False, 'install_base': '/home/niic/427/427/sb_new_tor/WK_ZY/install/motor_test_pkg', 'merge_install': False, 'path': '/home/niic/427/427/sb_new_tor/WK_ZY/src/motor_test_pkg', 'symlink_install': False, 'test_result_base': None}
[0.530s] INFO:colcon.colcon_core.executor:Executing jobs using 'parallel' executor
[0.532s] DEBUG:colcon.colcon_parallel_executor.executor.parallel:run_until_complete
[0.532s] INFO:colcon.colcon_ros.task.ament_cmake.build:Building ROS package in '/home/niic/427/427/sb_new_tor/WK_ZY/src/motor_interface' with build type 'ament_cmake'
[0.533s] INFO:colcon.colcon_cmake.task.cmake.build:Building CMake package in '/home/niic/427/427/sb_new_tor/WK_ZY/src/motor_interface'
[0.536s] INFO:colcon.colcon_core.plugin_system:Skipping extension 'colcon_core.shell.bat': Not used on non-Windows systems
[0.536s] INFO:colcon.colcon_core.shell:Skip shell extension 'powershell' for command environment: Not usable outside of PowerShell
[0.536s] DEBUG:colcon.colcon_core.shell:Skip shell extension 'dsv' for command environment
[0.549s] DEBUG:colcon.colcon_core.event_handler.log_command:Invoking command in '/home/niic/427/427/sb_new_tor/WK_ZY/build/motor_interface': CMAKE_PREFIX_PATH=${CMAKE_PREFIX_PATH}:/opt/ros/humble /usr/bin/cmake --build /home/niic/427/427/sb_new_tor/WK_ZY/build/motor_interface -- -j9 -l9
[1.052s] DEBUG:colcon.colcon_core.event_handler.log_command:Invoked command in '/home/niic/427/427/sb_new_tor/WK_ZY/build/motor_interface' returned '0': CMAKE_PREFIX_PATH=${CMAKE_PREFIX_PATH}:/opt/ros/humble /usr/bin/cmake --build /home/niic/427/427/sb_new_tor/WK_ZY/build/motor_interface -- -j9 -l9
[1.067s] DEBUG:colcon.colcon_core.event_handler.log_command:Invoking command in '/home/niic/427/427/sb_new_tor/WK_ZY/build/motor_interface': CMAKE_PREFIX_PATH=${CMAKE_PREFIX_PATH}:/opt/ros/humble /usr/bin/cmake --install /home/niic/427/427/sb_new_tor/WK_ZY/build/motor_interface
[1.142s] Level 1:colcon.colcon_core.environment:create_environment_scripts_only(motor_interface)
[1.143s] DEBUG:colcon.colcon_core.event_handler.log_command:Invoked command in '/home/niic/427/427/sb_new_tor/WK_ZY/build/motor_interface' returned '0': CMAKE_PREFIX_PATH=${CMAKE_PREFIX_PATH}:/opt/ros/humble /usr/bin/cmake --install /home/niic/427/427/sb_new_tor/WK_ZY/build/motor_interface
[1.146s] Level 1:colcon.colcon_core.environment:checking '/home/niic/427/427/sb_new_tor/WK_ZY/install/motor_interface' for CMake module files
[1.147s] Level 1:colcon.colcon_core.environment:checking '/home/niic/427/427/sb_new_tor/WK_ZY/install/motor_interface' for CMake config files
[1.147s] Level 1:colcon.colcon_core.shell:create_environment_hook('motor_interface', 'cmake_prefix_path')
[1.148s] INFO:colcon.colcon_core.shell:Creating environment hook '/home/niic/427/427/sb_new_tor/WK_ZY/install/motor_interface/share/motor_interface/hook/cmake_prefix_path.ps1'
[1.149s] INFO:colcon.colcon_core.shell:Creating environment descriptor '/home/niic/427/427/sb_new_tor/WK_ZY/install/motor_interface/share/motor_interface/hook/cmake_prefix_path.dsv'
[1.149s] INFO:colcon.colcon_core.shell:Creating environment hook '/home/niic/427/427/sb_new_tor/WK_ZY/install/motor_interface/share/motor_interface/hook/cmake_prefix_path.sh'
[1.151s] Level 1:colcon.colcon_core.environment:checking '/home/niic/427/427/sb_new_tor/WK_ZY/install/motor_interface/lib'
[1.151s] Level 1:colcon.colcon_core.shell:create_environment_hook('motor_interface', 'ld_library_path_lib')
[1.151s] INFO:colcon.colcon_core.shell:Creating environment hook '/home/niic/427/427/sb_new_tor/WK_ZY/install/motor_interface/share/motor_interface/hook/ld_library_path_lib.ps1'
[1.152s] INFO:colcon.colcon_core.shell:Creating environment descriptor '/home/niic/427/427/sb_new_tor/WK_ZY/install/motor_interface/share/motor_interface/hook/ld_library_path_lib.dsv'
[1.152s] INFO:colcon.colcon_core.shell:Creating environment hook '/home/niic/427/427/sb_new_tor/WK_ZY/install/motor_interface/share/motor_interface/hook/ld_library_path_lib.sh'
[1.153s] Level 1:colcon.colcon_core.environment:checking '/home/niic/427/427/sb_new_tor/WK_ZY/install/motor_interface/bin'
[1.153s] Level 1:colcon.colcon_core.environment:checking '/home/niic/427/427/sb_new_tor/WK_ZY/install/motor_interface/lib/pkgconfig/motor_interface.pc'
[1.153s] Level 1:colcon.colcon_core.environment:checking '/home/niic/427/427/sb_new_tor/WK_ZY/install/motor_interface/lib/python3.10/site-packages'
[1.154s] Level 1:colcon.colcon_core.environment:checking '/home/niic/427/427/sb_new_tor/WK_ZY/install/motor_interface/bin'
[1.154s] INFO:colcon.colcon_core.shell:Creating package script '/home/niic/427/427/sb_new_tor/WK_ZY/install/motor_interface/share/motor_interface/package.ps1'
[1.155s] INFO:colcon.colcon_core.shell:Creating package descriptor '/home/niic/427/427/sb_new_tor/WK_ZY/install/motor_interface/share/motor_interface/package.dsv'
[1.156s] INFO:colcon.colcon_core.shell:Creating package script '/home/niic/427/427/sb_new_tor/WK_ZY/install/motor_interface/share/motor_interface/package.sh'
[1.157s] INFO:colcon.colcon_core.shell:Creating package script '/home/niic/427/427/sb_new_tor/WK_ZY/install/motor_interface/share/motor_interface/package.bash'
[1.158s] INFO:colcon.colcon_core.shell:Creating package script '/home/niic/427/427/sb_new_tor/WK_ZY/install/motor_interface/share/motor_interface/package.zsh'
[1.160s] Level 1:colcon.colcon_core.environment:create_file_with_runtime_dependencies(/home/niic/427/427/sb_new_tor/WK_ZY/install/motor_interface/share/colcon-core/packages/motor_interface)
[1.161s] Level 1:colcon.colcon_core.environment:create_environment_scripts_only(motor_interface)
[1.161s] Level 1:colcon.colcon_core.environment:checking '/home/niic/427/427/sb_new_tor/WK_ZY/install/motor_interface' for CMake module files
[1.162s] Level 1:colcon.colcon_core.environment:checking '/home/niic/427/427/sb_new_tor/WK_ZY/install/motor_interface' for CMake config files
[1.163s] Level 1:colcon.colcon_core.shell:create_environment_hook('motor_interface', 'cmake_prefix_path')
[1.163s] INFO:colcon.colcon_core.shell:Creating environment hook '/home/niic/427/427/sb_new_tor/WK_ZY/install/motor_interface/share/motor_interface/hook/cmake_prefix_path.ps1'
[1.164s] INFO:colcon.colcon_core.shell:Creating environment descriptor '/home/niic/427/427/sb_new_tor/WK_ZY/install/motor_interface/share/motor_interface/hook/cmake_prefix_path.dsv'
[1.164s] INFO:colcon.colcon_core.shell:Creating environment hook '/home/niic/427/427/sb_new_tor/WK_ZY/install/motor_interface/share/motor_interface/hook/cmake_prefix_path.sh'
[1.165s] Level 1:colcon.colcon_core.environment:checking '/home/niic/427/427/sb_new_tor/WK_ZY/install/motor_interface/lib'
[1.165s] Level 1:colcon.colcon_core.shell:create_environment_hook('motor_interface', 'ld_library_path_lib')
[1.165s] INFO:colcon.colcon_core.shell:Creating environment hook '/home/niic/427/427/sb_new_tor/WK_ZY/install/motor_interface/share/motor_interface/hook/ld_library_path_lib.ps1'
[1.166s] INFO:colcon.colcon_core.shell:Creating environment descriptor '/home/niic/427/427/sb_new_tor/WK_ZY/install/motor_interface/share/motor_interface/hook/ld_library_path_lib.dsv'
[1.167s] INFO:colcon.colcon_core.shell:Creating environment hook '/home/niic/427/427/sb_new_tor/WK_ZY/install/motor_interface/share/motor_interface/hook/ld_library_path_lib.sh'
[1.167s] Level 1:colcon.colcon_core.environment:checking '/home/niic/427/427/sb_new_tor/WK_ZY/install/motor_interface/bin'
[1.167s] Level 1:colcon.colcon_core.environment:checking '/home/niic/427/427/sb_new_tor/WK_ZY/install/motor_interface/lib/pkgconfig/motor_interface.pc'
[1.168s] Level 1:colcon.colcon_core.environment:checking '/home/niic/427/427/sb_new_tor/WK_ZY/install/motor_interface/lib/python3.10/site-packages'
[1.168s] Level 1:colcon.colcon_core.environment:checking '/home/niic/427/427/sb_new_tor/WK_ZY/install/motor_interface/bin'
[1.168s] INFO:colcon.colcon_core.shell:Creating package script '/home/niic/427/427/sb_new_tor/WK_ZY/install/motor_interface/share/motor_interface/package.ps1'
[1.169s] INFO:colcon.colcon_core.shell:Creating package descriptor '/home/niic/427/427/sb_new_tor/WK_ZY/install/motor_interface/share/motor_interface/package.dsv'
[1.170s] INFO:colcon.colcon_core.shell:Creating package script '/home/niic/427/427/sb_new_tor/WK_ZY/install/motor_interface/share/motor_interface/package.sh'
[1.171s] INFO:colcon.colcon_core.shell:Creating package script '/home/niic/427/427/sb_new_tor/WK_ZY/install/motor_interface/share/motor_interface/package.bash'
[1.171s] INFO:colcon.colcon_core.shell:Creating package script '/home/niic/427/427/sb_new_tor/WK_ZY/install/motor_interface/share/motor_interface/package.zsh'
[1.172s] Level 1:colcon.colcon_core.environment:create_file_with_runtime_dependencies(/home/niic/427/427/sb_new_tor/WK_ZY/install/motor_interface/share/colcon-core/packages/motor_interface)
[1.173s] INFO:colcon.colcon_ros.task.ament_cmake.build:Building ROS package in '/home/niic/427/427/sb_new_tor/WK_ZY/src/motor_communication_pkg' with build type 'ament_cmake'
[1.173s] INFO:colcon.colcon_cmake.task.cmake.build:Building CMake package in '/home/niic/427/427/sb_new_tor/WK_ZY/src/motor_communication_pkg'
[1.173s] INFO:colcon.colcon_core.shell:Skip shell extension 'powershell' for command environment: Not usable outside of PowerShell
[1.173s] DEBUG:colcon.colcon_core.shell:Skip shell extension 'dsv' for command environment
[1.179s] INFO:colcon.colcon_ros.task.ament_cmake.build:Building ROS package in '/home/niic/427/427/sb_new_tor/WK_ZY/src/motor_test_pkg' with build type 'ament_cmake'
[1.179s] INFO:colcon.colcon_cmake.task.cmake.build:Building CMake package in '/home/niic/427/427/sb_new_tor/WK_ZY/src/motor_test_pkg'
[1.179s] INFO:colcon.colcon_core.shell:Skip shell extension 'powershell' for command environment: Not usable outside of PowerShell
[1.179s] DEBUG:colcon.colcon_core.shell:Skip shell extension 'dsv' for command environment
[1.189s] DEBUG:colcon.colcon_core.event_handler.log_command:Invoking command in '/home/niic/427/427/sb_new_tor/WK_ZY/build/motor_communication_pkg': CMAKE_PREFIX_PATH=/home/niic/427/427/sb_new_tor/WK_ZY/install/motor_interface:/home/niic/427/427/sb_new_tor/WK_ZY/install/motor_test_pkg:/home/niic/427/427/sb_new_tor/WK_ZY/install/motor_communication_pkg:/opt/ros/humble /usr/bin/cmake --build /home/niic/427/427/sb_new_tor/WK_ZY/build/motor_communication_pkg -- -j9 -l9
[1.193s] DEBUG:colcon.colcon_core.event_handler.log_command:Invoking command in '/home/niic/427/427/sb_new_tor/WK_ZY/build/motor_test_pkg': CMAKE_PREFIX_PATH=/home/niic/427/427/sb_new_tor/WK_ZY/install/motor_interface:/home/niic/427/427/sb_new_tor/WK_ZY/install/motor_test_pkg:/home/niic/427/427/sb_new_tor/WK_ZY/install/motor_communication_pkg:/opt/ros/humble /usr/bin/cmake --build /home/niic/427/427/sb_new_tor/WK_ZY/build/motor_test_pkg -- -j9 -l9
[1.279s] DEBUG:colcon.colcon_core.event_handler.log_command:Invoked command in '/home/niic/427/427/sb_new_tor/WK_ZY/build/motor_test_pkg' returned '0': CMAKE_PREFIX_PATH=/home/niic/427/427/sb_new_tor/WK_ZY/install/motor_interface:/home/niic/427/427/sb_new_tor/WK_ZY/install/motor_test_pkg:/home/niic/427/427/sb_new_tor/WK_ZY/install/motor_communication_pkg:/opt/ros/humble /usr/bin/cmake --build /home/niic/427/427/sb_new_tor/WK_ZY/build/motor_test_pkg -- -j9 -l9
[1.282s] DEBUG:colcon.colcon_core.event_handler.log_command:Invoking command in '/home/niic/427/427/sb_new_tor/WK_ZY/build/motor_test_pkg': CMAKE_PREFIX_PATH=/home/niic/427/427/sb_new_tor/WK_ZY/install/motor_interface:/home/niic/427/427/sb_new_tor/WK_ZY/install/motor_test_pkg:/home/niic/427/427/sb_new_tor/WK_ZY/install/motor_communication_pkg:/opt/ros/humble /usr/bin/cmake --install /home/niic/427/427/sb_new_tor/WK_ZY/build/motor_test_pkg
[1.295s] Level 1:colcon.colcon_core.environment:create_environment_scripts_only(motor_test_pkg)
[1.296s] Level 1:colcon.colcon_core.environment:checking '/home/niic/427/427/sb_new_tor/WK_ZY/install/motor_test_pkg' for CMake module files
[1.297s] DEBUG:colcon.colcon_core.event_handler.log_command:Invoked command in '/home/niic/427/427/sb_new_tor/WK_ZY/build/motor_test_pkg' returned '0': CMAKE_PREFIX_PATH=/home/niic/427/427/sb_new_tor/WK_ZY/install/motor_interface:/home/niic/427/427/sb_new_tor/WK_ZY/install/motor_test_pkg:/home/niic/427/427/sb_new_tor/WK_ZY/install/motor_communication_pkg:/opt/ros/humble /usr/bin/cmake --install /home/niic/427/427/sb_new_tor/WK_ZY/build/motor_test_pkg
[1.297s] Level 1:colcon.colcon_core.environment:checking '/home/niic/427/427/sb_new_tor/WK_ZY/install/motor_test_pkg' for CMake config files
[1.298s] Level 1:colcon.colcon_core.shell:create_environment_hook('motor_test_pkg', 'cmake_prefix_path')
[1.298s] INFO:colcon.colcon_core.shell:Creating environment hook '/home/niic/427/427/sb_new_tor/WK_ZY/install/motor_test_pkg/share/motor_test_pkg/hook/cmake_prefix_path.ps1'
[1.299s] INFO:colcon.colcon_core.shell:Creating environment descriptor '/home/niic/427/427/sb_new_tor/WK_ZY/install/motor_test_pkg/share/motor_test_pkg/hook/cmake_prefix_path.dsv'
[1.299s] INFO:colcon.colcon_core.shell:Creating environment hook '/home/niic/427/427/sb_new_tor/WK_ZY/install/motor_test_pkg/share/motor_test_pkg/hook/cmake_prefix_path.sh'
[1.300s] Level 1:colcon.colcon_core.environment:checking '/home/niic/427/427/sb_new_tor/WK_ZY/install/motor_test_pkg/lib'
[1.300s] Level 1:colcon.colcon_core.environment:checking '/home/niic/427/427/sb_new_tor/WK_ZY/install/motor_test_pkg/bin'
[1.300s] Level 1:colcon.colcon_core.environment:checking '/home/niic/427/427/sb_new_tor/WK_ZY/install/motor_test_pkg/lib/pkgconfig/motor_test_pkg.pc'
[1.301s] Level 1:colcon.colcon_core.environment:checking '/home/niic/427/427/sb_new_tor/WK_ZY/install/motor_test_pkg/lib/python3.10/site-packages'
[1.301s] Level 1:colcon.colcon_core.environment:checking '/home/niic/427/427/sb_new_tor/WK_ZY/install/motor_test_pkg/bin'
[1.301s] INFO:colcon.colcon_core.shell:Creating package script '/home/niic/427/427/sb_new_tor/WK_ZY/install/motor_test_pkg/share/motor_test_pkg/package.ps1'
[1.302s] INFO:colcon.colcon_core.shell:Creating package descriptor '/home/niic/427/427/sb_new_tor/WK_ZY/install/motor_test_pkg/share/motor_test_pkg/package.dsv'
[1.303s] INFO:colcon.colcon_core.shell:Creating package script '/home/niic/427/427/sb_new_tor/WK_ZY/install/motor_test_pkg/share/motor_test_pkg/package.sh'
[1.303s] INFO:colcon.colcon_core.shell:Creating package script '/home/niic/427/427/sb_new_tor/WK_ZY/install/motor_test_pkg/share/motor_test_pkg/package.bash'
[1.304s] INFO:colcon.colcon_core.shell:Creating package script '/home/niic/427/427/sb_new_tor/WK_ZY/install/motor_test_pkg/share/motor_test_pkg/package.zsh'
[1.304s] Level 1:colcon.colcon_core.environment:create_file_with_runtime_dependencies(/home/niic/427/427/sb_new_tor/WK_ZY/install/motor_test_pkg/share/colcon-core/packages/motor_test_pkg)
[1.305s] Level 1:colcon.colcon_core.environment:create_environment_scripts_only(motor_test_pkg)
[1.306s] Level 1:colcon.colcon_core.environment:checking '/home/niic/427/427/sb_new_tor/WK_ZY/install/motor_test_pkg' for CMake module files
[1.306s] Level 1:colcon.colcon_core.environment:checking '/home/niic/427/427/sb_new_tor/WK_ZY/install/motor_test_pkg' for CMake config files
[1.307s] Level 1:colcon.colcon_core.shell:create_environment_hook('motor_test_pkg', 'cmake_prefix_path')
[1.307s] INFO:colcon.colcon_core.shell:Creating environment hook '/home/niic/427/427/sb_new_tor/WK_ZY/install/motor_test_pkg/share/motor_test_pkg/hook/cmake_prefix_path.ps1'
[1.307s] INFO:colcon.colcon_core.shell:Creating environment descriptor '/home/niic/427/427/sb_new_tor/WK_ZY/install/motor_test_pkg/share/motor_test_pkg/hook/cmake_prefix_path.dsv'
[1.308s] INFO:colcon.colcon_core.shell:Creating environment hook '/home/niic/427/427/sb_new_tor/WK_ZY/install/motor_test_pkg/share/motor_test_pkg/hook/cmake_prefix_path.sh'
[1.309s] Level 1:colcon.colcon_core.environment:checking '/home/niic/427/427/sb_new_tor/WK_ZY/install/motor_test_pkg/lib'
[1.309s] Level 1:colcon.colcon_core.environment:checking '/home/niic/427/427/sb_new_tor/WK_ZY/install/motor_test_pkg/bin'
[1.309s] Level 1:colcon.colcon_core.environment:checking '/home/niic/427/427/sb_new_tor/WK_ZY/install/motor_test_pkg/lib/pkgconfig/motor_test_pkg.pc'
[1.309s] Level 1:colcon.colcon_core.environment:checking '/home/niic/427/427/sb_new_tor/WK_ZY/install/motor_test_pkg/lib/python3.10/site-packages'
[1.310s] Level 1:colcon.colcon_core.environment:checking '/home/niic/427/427/sb_new_tor/WK_ZY/install/motor_test_pkg/bin'
[1.310s] INFO:colcon.colcon_core.shell:Creating package script '/home/niic/427/427/sb_new_tor/WK_ZY/install/motor_test_pkg/share/motor_test_pkg/package.ps1'
[1.311s] INFO:colcon.colcon_core.shell:Creating package descriptor '/home/niic/427/427/sb_new_tor/WK_ZY/install/motor_test_pkg/share/motor_test_pkg/package.dsv'
[1.311s] INFO:colcon.colcon_core.shell:Creating package script '/home/niic/427/427/sb_new_tor/WK_ZY/install/motor_test_pkg/share/motor_test_pkg/package.sh'
[1.312s] INFO:colcon.colcon_core.shell:Creating package script '/home/niic/427/427/sb_new_tor/WK_ZY/install/motor_test_pkg/share/motor_test_pkg/package.bash'
[1.313s] INFO:colcon.colcon_core.shell:Creating package script '/home/niic/427/427/sb_new_tor/WK_ZY/install/motor_test_pkg/share/motor_test_pkg/package.zsh'
[1.313s] Level 1:colcon.colcon_core.environment:create_file_with_runtime_dependencies(/home/niic/427/427/sb_new_tor/WK_ZY/install/motor_test_pkg/share/colcon-core/packages/motor_test_pkg)
[3.011s] DEBUG:colcon.colcon_core.event_handler.log_command:Invoked command in '/home/niic/427/427/sb_new_tor/WK_ZY/build/motor_communication_pkg' returned '0': CMAKE_PREFIX_PATH=/home/niic/427/427/sb_new_tor/WK_ZY/install/motor_interface:/home/niic/427/427/sb_new_tor/WK_ZY/install/motor_test_pkg:/home/niic/427/427/sb_new_tor/WK_ZY/install/motor_communication_pkg:/opt/ros/humble /usr/bin/cmake --build /home/niic/427/427/sb_new_tor/WK_ZY/build/motor_communication_pkg -- -j9 -l9
[3.013s] DEBUG:colcon.colcon_core.event_handler.log_command:Invoking command in '/home/niic/427/427/sb_new_tor/WK_ZY/build/motor_communication_pkg': CMAKE_PREFIX_PATH=/home/niic/427/427/sb_new_tor/WK_ZY/install/motor_interface:/home/niic/427/427/sb_new_tor/WK_ZY/install/motor_test_pkg:/home/niic/427/427/sb_new_tor/WK_ZY/install/motor_communication_pkg:/opt/ros/humble /usr/bin/cmake --install /home/niic/427/427/sb_new_tor/WK_ZY/build/motor_communication_pkg
[3.036s] Level 1:colcon.colcon_core.environment:create_environment_scripts_only(motor_communication_pkg)
[3.037s] Level 1:colcon.colcon_core.environment:checking '/home/niic/427/427/sb_new_tor/WK_ZY/install/motor_communication_pkg' for CMake module files
[3.037s] DEBUG:colcon.colcon_core.event_handler.log_command:Invoked command in '/home/niic/427/427/sb_new_tor/WK_ZY/build/motor_communication_pkg' returned '0': CMAKE_PREFIX_PATH=/home/niic/427/427/sb_new_tor/WK_ZY/install/motor_interface:/home/niic/427/427/sb_new_tor/WK_ZY/install/motor_test_pkg:/home/niic/427/427/sb_new_tor/WK_ZY/install/motor_communication_pkg:/opt/ros/humble /usr/bin/cmake --install /home/niic/427/427/sb_new_tor/WK_ZY/build/motor_communication_pkg
[3.038s] Level 1:colcon.colcon_core.environment:checking '/home/niic/427/427/sb_new_tor/WK_ZY/install/motor_communication_pkg' for CMake config files
[3.038s] Level 1:colcon.colcon_core.shell:create_environment_hook('motor_communication_pkg', 'cmake_prefix_path')
[3.039s] INFO:colcon.colcon_core.shell:Creating environment hook '/home/niic/427/427/sb_new_tor/WK_ZY/install/motor_communication_pkg/share/motor_communication_pkg/hook/cmake_prefix_path.ps1'
[3.039s] INFO:colcon.colcon_core.shell:Creating environment descriptor '/home/niic/427/427/sb_new_tor/WK_ZY/install/motor_communication_pkg/share/motor_communication_pkg/hook/cmake_prefix_path.dsv'
[3.040s] INFO:colcon.colcon_core.shell:Creating environment hook '/home/niic/427/427/sb_new_tor/WK_ZY/install/motor_communication_pkg/share/motor_communication_pkg/hook/cmake_prefix_path.sh'
[3.041s] Level 1:colcon.colcon_core.environment:checking '/home/niic/427/427/sb_new_tor/WK_ZY/install/motor_communication_pkg/lib'
[3.041s] Level 1:colcon.colcon_core.environment:checking '/home/niic/427/427/sb_new_tor/WK_ZY/install/motor_communication_pkg/bin'
[3.041s] Level 1:colcon.colcon_core.environment:checking '/home/niic/427/427/sb_new_tor/WK_ZY/install/motor_communication_pkg/lib/pkgconfig/motor_communication_pkg.pc'
[3.042s] Level 1:colcon.colcon_core.environment:checking '/home/niic/427/427/sb_new_tor/WK_ZY/install/motor_communication_pkg/lib/python3.10/site-packages'
[3.042s] Level 1:colcon.colcon_core.environment:checking '/home/niic/427/427/sb_new_tor/WK_ZY/install/motor_communication_pkg/bin'
[3.042s] INFO:colcon.colcon_core.shell:Creating package script '/home/niic/427/427/sb_new_tor/WK_ZY/install/motor_communication_pkg/share/motor_communication_pkg/package.ps1'
[3.043s] INFO:colcon.colcon_core.shell:Creating package descriptor '/home/niic/427/427/sb_new_tor/WK_ZY/install/motor_communication_pkg/share/motor_communication_pkg/package.dsv'
[3.044s] INFO:colcon.colcon_core.shell:Creating package script '/home/niic/427/427/sb_new_tor/WK_ZY/install/motor_communication_pkg/share/motor_communication_pkg/package.sh'
[3.044s] INFO:colcon.colcon_core.shell:Creating package script '/home/niic/427/427/sb_new_tor/WK_ZY/install/motor_communication_pkg/share/motor_communication_pkg/package.bash'
[3.045s] INFO:colcon.colcon_core.shell:Creating package script '/home/niic/427/427/sb_new_tor/WK_ZY/install/motor_communication_pkg/share/motor_communication_pkg/package.zsh'
[3.045s] Level 1:colcon.colcon_core.environment:create_file_with_runtime_dependencies(/home/niic/427/427/sb_new_tor/WK_ZY/install/motor_communication_pkg/share/colcon-core/packages/motor_communication_pkg)
[3.046s] Level 1:colcon.colcon_core.environment:create_environment_scripts_only(motor_communication_pkg)
[3.047s] Level 1:colcon.colcon_core.environment:checking '/home/niic/427/427/sb_new_tor/WK_ZY/install/motor_communication_pkg' for CMake module files
[3.047s] Level 1:colcon.colcon_core.environment:checking '/home/niic/427/427/sb_new_tor/WK_ZY/install/motor_communication_pkg' for CMake config files
[3.048s] Level 1:colcon.colcon_core.shell:create_environment_hook('motor_communication_pkg', 'cmake_prefix_path')
[3.048s] INFO:colcon.colcon_core.shell:Creating environment hook '/home/niic/427/427/sb_new_tor/WK_ZY/install/motor_communication_pkg/share/motor_communication_pkg/hook/cmake_prefix_path.ps1'
[3.049s] INFO:colcon.colcon_core.shell:Creating environment descriptor '/home/niic/427/427/sb_new_tor/WK_ZY/install/motor_communication_pkg/share/motor_communication_pkg/hook/cmake_prefix_path.dsv'
[3.049s] INFO:colcon.colcon_core.shell:Creating environment hook '/home/niic/427/427/sb_new_tor/WK_ZY/install/motor_communication_pkg/share/motor_communication_pkg/hook/cmake_prefix_path.sh'
[3.050s] Level 1:colcon.colcon_core.environment:checking '/home/niic/427/427/sb_new_tor/WK_ZY/install/motor_communication_pkg/lib'
[3.050s] Level 1:colcon.colcon_core.environment:checking '/home/niic/427/427/sb_new_tor/WK_ZY/install/motor_communication_pkg/bin'
[3.050s] Level 1:colcon.colcon_core.environment:checking '/home/niic/427/427/sb_new_tor/WK_ZY/install/motor_communication_pkg/lib/pkgconfig/motor_communication_pkg.pc'
[3.050s] Level 1:colcon.colcon_core.environment:checking '/home/niic/427/427/sb_new_tor/WK_ZY/install/motor_communication_pkg/lib/python3.10/site-packages'
[3.051s] Level 1:colcon.colcon_core.environment:checking '/home/niic/427/427/sb_new_tor/WK_ZY/install/motor_communication_pkg/bin'
[3.051s] INFO:colcon.colcon_core.shell:Creating package script '/home/niic/427/427/sb_new_tor/WK_ZY/install/motor_communication_pkg/share/motor_communication_pkg/package.ps1'
[3.052s] INFO:colcon.colcon_core.shell:Creating package descriptor '/home/niic/427/427/sb_new_tor/WK_ZY/install/motor_communication_pkg/share/motor_communication_pkg/package.dsv'
[3.053s] INFO:colcon.colcon_core.shell:Creating package script '/home/niic/427/427/sb_new_tor/WK_ZY/install/motor_communication_pkg/share/motor_communication_pkg/package.sh'
[3.053s] INFO:colcon.colcon_core.shell:Creating package script '/home/niic/427/427/sb_new_tor/WK_ZY/install/motor_communication_pkg/share/motor_communication_pkg/package.bash'
[3.054s] INFO:colcon.colcon_core.shell:Creating package script '/home/niic/427/427/sb_new_tor/WK_ZY/install/motor_communication_pkg/share/motor_communication_pkg/package.zsh'
[3.054s] Level 1:colcon.colcon_core.environment:create_file_with_runtime_dependencies(/home/niic/427/427/sb_new_tor/WK_ZY/install/motor_communication_pkg/share/colcon-core/packages/motor_communication_pkg)
[3.055s] DEBUG:colcon.colcon_parallel_executor.executor.parallel:closing loop
[3.055s] DEBUG:colcon.colcon_parallel_executor.executor.parallel:loop closed
[3.056s] DEBUG:colcon.colcon_parallel_executor.executor.parallel:run_until_complete finished with '0'
[3.056s] DEBUG:colcon.colcon_core.event_reactor:joining thread
[3.063s] INFO:colcon.colcon_core.plugin_system:Skipping extension 'colcon_notification.desktop_notification.terminal_notifier': Not used on non-Darwin systems
[3.064s] INFO:colcon.colcon_core.plugin_system:Skipping extension 'colcon_notification.desktop_notification.win32': Not used on non-Windows systems
[3.064s] INFO:colcon.colcon_notification.desktop_notification:Sending desktop notification using 'notify2'
[3.235s] DEBUG:colcon.colcon_core.event_reactor:joined thread
[3.236s] INFO:colcon.colcon_core.shell:Creating prefix script '/home/niic/427/427/sb_new_tor/WK_ZY/install/local_setup.ps1'
[3.238s] INFO:colcon.colcon_core.shell:Creating prefix util module '/home/niic/427/427/sb_new_tor/WK_ZY/install/_local_setup_util_ps1.py'
[3.240s] INFO:colcon.colcon_core.shell:Creating prefix chain script '/home/niic/427/427/sb_new_tor/WK_ZY/install/setup.ps1'
[3.243s] INFO:colcon.colcon_core.shell:Creating prefix script '/home/niic/427/427/sb_new_tor/WK_ZY/install/local_setup.sh'
[3.244s] INFO:colcon.colcon_core.shell:Creating prefix util module '/home/niic/427/427/sb_new_tor/WK_ZY/install/_local_setup_util_sh.py'
[3.245s] INFO:colcon.colcon_core.shell:Creating prefix chain script '/home/niic/427/427/sb_new_tor/WK_ZY/install/setup.sh'
[3.246s] INFO:colcon.colcon_core.shell:Creating prefix script '/home/niic/427/427/sb_new_tor/WK_ZY/install/local_setup.bash'
[3.247s] INFO:colcon.colcon_core.shell:Creating prefix chain script '/home/niic/427/427/sb_new_tor/WK_ZY/install/setup.bash'
[3.249s] INFO:colcon.colcon_core.shell:Creating prefix script '/home/niic/427/427/sb_new_tor/WK_ZY/install/local_setup.zsh'
[3.249s] INFO:colcon.colcon_core.shell:Creating prefix chain script '/home/niic/427/427/sb_new_tor/WK_ZY/install/setup.zsh'
