[0.235s] DEBUG:colcon:Command line arguments: ['/usr/bin/colcon', 'build']
[0.235s] DEBUG:colcon:Parsed command line arguments: Namespace(log_base=None, log_level=None, verb_name='build', build_base='build', install_base='install', merge_install=False, symlink_install=False, test_result_base=None, continue_on_error=False, executor='parallel', parallel_workers=9, event_handlers=None, ignore_user_meta=False, metas=['./colcon.meta'], base_paths=['.'], packages_ignore=None, packages_ignore_regex=None, paths=None, packages_up_to=None, packages_up_to_regex=None, packages_above=None, packages_above_and_dependencies=None, packages_above_depth=None, packages_select_by_dep=None, packages_skip_by_dep=None, packages_skip_up_to=None, packages_select_build_failed=False, packages_skip_build_finished=False, packages_select_test_failures=False, packages_skip_test_passed=False, packages_select=None, packages_skip=None, packages_select_regex=None, packages_skip_regex=None, packages_start=None, packages_end=None, allow_overriding=[], cmake_args=None, cmake_target=None, cmake_target_skip_unavailable=False, cmake_clean_cache=False, cmake_clean_first=False, cmake_force_configure=False, ament_cmake_args=None, catkin_cmake_args=None, catkin_skip_building_tests=False, verb_parser=<colcon_defaults.argument_parser.defaults.DefaultArgumentsDecorator object at 0xffffa134cb20>, verb_extension=<colcon_core.verb.build.BuildVerb object at 0xffffa134c610>, main=<bound method BuildVerb.main of <colcon_core.verb.build.BuildVerb object at 0xffffa134c610>>)
[0.561s] Level 1:colcon.colcon_core.package_discovery:discover_packages(colcon_meta) check parameters
[0.561s] Level 1:colcon.colcon_core.package_discovery:discover_packages(recursive) check parameters
[0.561s] Level 1:colcon.colcon_core.package_discovery:discover_packages(ignore) check parameters
[0.562s] Level 1:colcon.colcon_core.package_discovery:discover_packages(path) check parameters
[0.562s] Level 1:colcon.colcon_core.package_discovery:discover_packages(colcon_meta) discover
[0.562s] Level 1:colcon.colcon_core.package_discovery:discover_packages(recursive) discover
[0.562s] INFO:colcon.colcon_core.package_discovery:Crawling recursively for packages in '/home/niic/427/427/sb_new_tor/WK_ZY'
[0.562s] Level 1:colcon.colcon_core.package_identification:_identify(.) by extensions ['ignore', 'ignore_ament_install']
[0.562s] Level 1:colcon.colcon_core.package_identification:_identify(.) by extension 'ignore'
[0.562s] Level 1:colcon.colcon_core.package_identification:_identify(.) by extension 'ignore_ament_install'
[0.562s] Level 1:colcon.colcon_core.package_identification:_identify(.) by extensions ['colcon_pkg']
[0.562s] Level 1:colcon.colcon_core.package_identification:_identify(.) by extension 'colcon_pkg'
[0.562s] Level 1:colcon.colcon_core.package_identification:_identify(.) by extensions ['colcon_meta']
[0.562s] Level 1:colcon.colcon_core.package_identification:_identify(.) by extension 'colcon_meta'
[0.562s] Level 1:colcon.colcon_core.package_identification:_identify(.) by extensions ['ros']
[0.563s] Level 1:colcon.colcon_core.package_identification:_identify(.) by extension 'ros'
[0.579s] Level 1:colcon.colcon_core.package_identification:_identify(.) by extensions ['cmake', 'python']
[0.580s] Level 1:colcon.colcon_core.package_identification:_identify(.) by extension 'cmake'
[0.580s] Level 1:colcon.colcon_core.package_identification:_identify(.) by extension 'python'
[0.580s] Level 1:colcon.colcon_core.package_identification:_identify(.) by extensions ['python_setup_py']
[0.580s] Level 1:colcon.colcon_core.package_identification:_identify(.) by extension 'python_setup_py'
[0.580s] Level 1:colcon.colcon_core.package_identification:_identify(build) by extensions ['ignore', 'ignore_ament_install']
[0.580s] Level 1:colcon.colcon_core.package_identification:_identify(build) by extension 'ignore'
[0.580s] Level 1:colcon.colcon_core.package_identification:_identify(build) ignored
[0.581s] Level 1:colcon.colcon_core.package_identification:_identify(install) by extensions ['ignore', 'ignore_ament_install']
[0.581s] Level 1:colcon.colcon_core.package_identification:_identify(install) by extension 'ignore'
[0.581s] Level 1:colcon.colcon_core.package_identification:_identify(install) ignored
[0.581s] Level 1:colcon.colcon_core.package_identification:_identify(log) by extensions ['ignore', 'ignore_ament_install']
[0.581s] Level 1:colcon.colcon_core.package_identification:_identify(log) by extension 'ignore'
[0.581s] Level 1:colcon.colcon_core.package_identification:_identify(log) ignored
[0.581s] Level 1:colcon.colcon_core.package_identification:_identify(src) by extensions ['ignore', 'ignore_ament_install']
[0.581s] Level 1:colcon.colcon_core.package_identification:_identify(src) by extension 'ignore'
[0.581s] Level 1:colcon.colcon_core.package_identification:_identify(src) by extension 'ignore_ament_install'
[0.581s] Level 1:colcon.colcon_core.package_identification:_identify(src) by extensions ['colcon_pkg']
[0.582s] Level 1:colcon.colcon_core.package_identification:_identify(src) by extension 'colcon_pkg'
[0.582s] Level 1:colcon.colcon_core.package_identification:_identify(src) by extensions ['colcon_meta']
[0.582s] Level 1:colcon.colcon_core.package_identification:_identify(src) by extension 'colcon_meta'
[0.582s] Level 1:colcon.colcon_core.package_identification:_identify(src) by extensions ['ros']
[0.582s] Level 1:colcon.colcon_core.package_identification:_identify(src) by extension 'ros'
[0.582s] Level 1:colcon.colcon_core.package_identification:_identify(src) by extensions ['cmake', 'python']
[0.582s] Level 1:colcon.colcon_core.package_identification:_identify(src) by extension 'cmake'
[0.582s] Level 1:colcon.colcon_core.package_identification:_identify(src) by extension 'python'
[0.582s] Level 1:colcon.colcon_core.package_identification:_identify(src) by extensions ['python_setup_py']
[0.582s] Level 1:colcon.colcon_core.package_identification:_identify(src) by extension 'python_setup_py'
[0.582s] Level 1:colcon.colcon_core.package_identification:_identify(src/motor_communication_pkg) by extensions ['ignore', 'ignore_ament_install']
[0.582s] Level 1:colcon.colcon_core.package_identification:_identify(src/motor_communication_pkg) by extension 'ignore'
[0.582s] Level 1:colcon.colcon_core.package_identification:_identify(src/motor_communication_pkg) by extension 'ignore_ament_install'
[0.583s] Level 1:colcon.colcon_core.package_identification:_identify(src/motor_communication_pkg) by extensions ['colcon_pkg']
[0.583s] Level 1:colcon.colcon_core.package_identification:_identify(src/motor_communication_pkg) by extension 'colcon_pkg'
[0.583s] Level 1:colcon.colcon_core.package_identification:_identify(src/motor_communication_pkg) by extensions ['colcon_meta']
[0.583s] Level 1:colcon.colcon_core.package_identification:_identify(src/motor_communication_pkg) by extension 'colcon_meta'
[0.583s] Level 1:colcon.colcon_core.package_identification:_identify(src/motor_communication_pkg) by extensions ['ros']
[0.583s] Level 1:colcon.colcon_core.package_identification:_identify(src/motor_communication_pkg) by extension 'ros'
[0.586s] DEBUG:colcon.colcon_core.package_identification:Package 'src/motor_communication_pkg' with type 'ros.ament_cmake' and name 'motor_communication_pkg'
[0.587s] Level 1:colcon.colcon_core.package_identification:_identify(src/motor_interface) by extensions ['ignore', 'ignore_ament_install']
[0.587s] Level 1:colcon.colcon_core.package_identification:_identify(src/motor_interface) by extension 'ignore'
[0.587s] Level 1:colcon.colcon_core.package_identification:_identify(src/motor_interface) by extension 'ignore_ament_install'
[0.587s] Level 1:colcon.colcon_core.package_identification:_identify(src/motor_interface) by extensions ['colcon_pkg']
[0.587s] Level 1:colcon.colcon_core.package_identification:_identify(src/motor_interface) by extension 'colcon_pkg'
[0.587s] Level 1:colcon.colcon_core.package_identification:_identify(src/motor_interface) by extensions ['colcon_meta']
[0.587s] Level 1:colcon.colcon_core.package_identification:_identify(src/motor_interface) by extension 'colcon_meta'
[0.587s] Level 1:colcon.colcon_core.package_identification:_identify(src/motor_interface) by extensions ['ros']
[0.587s] Level 1:colcon.colcon_core.package_identification:_identify(src/motor_interface) by extension 'ros'
[0.588s] DEBUG:colcon.colcon_core.package_identification:Package 'src/motor_interface' with type 'ros.ament_cmake' and name 'motor_interface'
[0.588s] Level 1:colcon.colcon_core.package_identification:_identify(src/motor_test_pkg) by extensions ['ignore', 'ignore_ament_install']
[0.589s] Level 1:colcon.colcon_core.package_identification:_identify(src/motor_test_pkg) by extension 'ignore'
[0.589s] Level 1:colcon.colcon_core.package_identification:_identify(src/motor_test_pkg) by extension 'ignore_ament_install'
[0.589s] Level 1:colcon.colcon_core.package_identification:_identify(src/motor_test_pkg) by extensions ['colcon_pkg']
[0.589s] Level 1:colcon.colcon_core.package_identification:_identify(src/motor_test_pkg) by extension 'colcon_pkg'
[0.589s] Level 1:colcon.colcon_core.package_identification:_identify(src/motor_test_pkg) by extensions ['colcon_meta']
[0.589s] Level 1:colcon.colcon_core.package_identification:_identify(src/motor_test_pkg) by extension 'colcon_meta'
[0.589s] Level 1:colcon.colcon_core.package_identification:_identify(src/motor_test_pkg) by extensions ['ros']
[0.589s] Level 1:colcon.colcon_core.package_identification:_identify(src/motor_test_pkg) by extension 'ros'
[0.590s] DEBUG:colcon.colcon_core.package_identification:Package 'src/motor_test_pkg' with type 'ros.ament_cmake' and name 'motor_test_pkg'
[0.590s] Level 1:colcon.colcon_core.package_discovery:discover_packages(recursive) using defaults
[0.590s] Level 1:colcon.colcon_core.package_discovery:discover_packages(ignore) discover
[0.590s] Level 1:colcon.colcon_core.package_discovery:discover_packages(ignore) using defaults
[0.590s] Level 1:colcon.colcon_core.package_discovery:discover_packages(path) discover
[0.590s] Level 1:colcon.colcon_core.package_discovery:discover_packages(path) using defaults
[0.618s] Level 1:colcon.colcon_core.package_discovery:discover_packages(prefix_path) check parameters
[0.618s] Level 1:colcon.colcon_core.package_discovery:discover_packages(prefix_path) discover
[0.622s] DEBUG:colcon.colcon_installed_package_information.package_discovery:Found 299 installed packages in /opt/ros/humble
[0.645s] Level 1:colcon.colcon_core.package_discovery:discover_packages(prefix_path) using defaults
[0.702s] Level 5:colcon.colcon_core.verb:set package 'motor_interface' build argument 'cmake_args' from command line to 'None'
[0.702s] Level 5:colcon.colcon_core.verb:set package 'motor_interface' build argument 'cmake_target' from command line to 'None'
[0.702s] Level 5:colcon.colcon_core.verb:set package 'motor_interface' build argument 'cmake_target_skip_unavailable' from command line to 'False'
[0.702s] Level 5:colcon.colcon_core.verb:set package 'motor_interface' build argument 'cmake_clean_cache' from command line to 'False'
[0.702s] Level 5:colcon.colcon_core.verb:set package 'motor_interface' build argument 'cmake_clean_first' from command line to 'False'
[0.703s] Level 5:colcon.colcon_core.verb:set package 'motor_interface' build argument 'cmake_force_configure' from command line to 'False'
[0.703s] Level 5:colcon.colcon_core.verb:set package 'motor_interface' build argument 'ament_cmake_args' from command line to 'None'
[0.703s] Level 5:colcon.colcon_core.verb:set package 'motor_interface' build argument 'catkin_cmake_args' from command line to 'None'
[0.703s] Level 5:colcon.colcon_core.verb:set package 'motor_interface' build argument 'catkin_skip_building_tests' from command line to 'False'
[0.703s] DEBUG:colcon.colcon_core.verb:Building package 'motor_interface' with the following arguments: {'ament_cmake_args': None, 'build_base': '/home/niic/427/427/sb_new_tor/WK_ZY/build/motor_interface', 'catkin_cmake_args': None, 'catkin_skip_building_tests': False, 'cmake_args': None, 'cmake_clean_cache': False, 'cmake_clean_first': False, 'cmake_force_configure': False, 'cmake_target': None, 'cmake_target_skip_unavailable': False, 'install_base': '/home/niic/427/427/sb_new_tor/WK_ZY/install/motor_interface', 'merge_install': False, 'path': '/home/niic/427/427/sb_new_tor/WK_ZY/src/motor_interface', 'symlink_install': False, 'test_result_base': None}
[0.703s] Level 5:colcon.colcon_core.verb:set package 'motor_communication_pkg' build argument 'cmake_args' from command line to 'None'
[0.703s] Level 5:colcon.colcon_core.verb:set package 'motor_communication_pkg' build argument 'cmake_target' from command line to 'None'
[0.703s] Level 5:colcon.colcon_core.verb:set package 'motor_communication_pkg' build argument 'cmake_target_skip_unavailable' from command line to 'False'
[0.703s] Level 5:colcon.colcon_core.verb:set package 'motor_communication_pkg' build argument 'cmake_clean_cache' from command line to 'False'
[0.703s] Level 5:colcon.colcon_core.verb:set package 'motor_communication_pkg' build argument 'cmake_clean_first' from command line to 'False'
[0.703s] Level 5:colcon.colcon_core.verb:set package 'motor_communication_pkg' build argument 'cmake_force_configure' from command line to 'False'
[0.703s] Level 5:colcon.colcon_core.verb:set package 'motor_communication_pkg' build argument 'ament_cmake_args' from command line to 'None'
[0.703s] Level 5:colcon.colcon_core.verb:set package 'motor_communication_pkg' build argument 'catkin_cmake_args' from command line to 'None'
[0.703s] Level 5:colcon.colcon_core.verb:set package 'motor_communication_pkg' build argument 'catkin_skip_building_tests' from command line to 'False'
[0.704s] DEBUG:colcon.colcon_core.verb:Building package 'motor_communication_pkg' with the following arguments: {'ament_cmake_args': None, 'build_base': '/home/niic/427/427/sb_new_tor/WK_ZY/build/motor_communication_pkg', 'catkin_cmake_args': None, 'catkin_skip_building_tests': False, 'cmake_args': None, 'cmake_clean_cache': False, 'cmake_clean_first': False, 'cmake_force_configure': False, 'cmake_target': None, 'cmake_target_skip_unavailable': False, 'install_base': '/home/niic/427/427/sb_new_tor/WK_ZY/install/motor_communication_pkg', 'merge_install': False, 'path': '/home/niic/427/427/sb_new_tor/WK_ZY/src/motor_communication_pkg', 'symlink_install': False, 'test_result_base': None}
[0.704s] Level 5:colcon.colcon_core.verb:set package 'motor_test_pkg' build argument 'cmake_args' from command line to 'None'
[0.704s] Level 5:colcon.colcon_core.verb:set package 'motor_test_pkg' build argument 'cmake_target' from command line to 'None'
[0.704s] Level 5:colcon.colcon_core.verb:set package 'motor_test_pkg' build argument 'cmake_target_skip_unavailable' from command line to 'False'
[0.704s] Level 5:colcon.colcon_core.verb:set package 'motor_test_pkg' build argument 'cmake_clean_cache' from command line to 'False'
[0.704s] Level 5:colcon.colcon_core.verb:set package 'motor_test_pkg' build argument 'cmake_clean_first' from command line to 'False'
[0.704s] Level 5:colcon.colcon_core.verb:set package 'motor_test_pkg' build argument 'cmake_force_configure' from command line to 'False'
[0.704s] Level 5:colcon.colcon_core.verb:set package 'motor_test_pkg' build argument 'ament_cmake_args' from command line to 'None'
[0.704s] Level 5:colcon.colcon_core.verb:set package 'motor_test_pkg' build argument 'catkin_cmake_args' from command line to 'None'
[0.704s] Level 5:colcon.colcon_core.verb:set package 'motor_test_pkg' build argument 'catkin_skip_building_tests' from command line to 'False'
[0.704s] DEBUG:colcon.colcon_core.verb:Building package 'motor_test_pkg' with the following arguments: {'ament_cmake_args': None, 'build_base': '/home/niic/427/427/sb_new_tor/WK_ZY/build/motor_test_pkg', 'catkin_cmake_args': None, 'catkin_skip_building_tests': False, 'cmake_args': None, 'cmake_clean_cache': False, 'cmake_clean_first': False, 'cmake_force_configure': False, 'cmake_target': None, 'cmake_target_skip_unavailable': False, 'install_base': '/home/niic/427/427/sb_new_tor/WK_ZY/install/motor_test_pkg', 'merge_install': False, 'path': '/home/niic/427/427/sb_new_tor/WK_ZY/src/motor_test_pkg', 'symlink_install': False, 'test_result_base': None}
[0.704s] INFO:colcon.colcon_core.executor:Executing jobs using 'parallel' executor
[0.706s] DEBUG:colcon.colcon_parallel_executor.executor.parallel:run_until_complete
[0.706s] INFO:colcon.colcon_ros.task.ament_cmake.build:Building ROS package in '/home/niic/427/427/sb_new_tor/WK_ZY/src/motor_interface' with build type 'ament_cmake'
[0.706s] INFO:colcon.colcon_cmake.task.cmake.build:Building CMake package in '/home/niic/427/427/sb_new_tor/WK_ZY/src/motor_interface'
[0.709s] INFO:colcon.colcon_core.plugin_system:Skipping extension 'colcon_core.shell.bat': Not used on non-Windows systems
[0.710s] INFO:colcon.colcon_core.shell:Skip shell extension 'powershell' for command environment: Not usable outside of PowerShell
[0.710s] DEBUG:colcon.colcon_core.shell:Skip shell extension 'dsv' for command environment
[0.720s] DEBUG:colcon.colcon_core.event_handler.log_command:Invoking command in '/home/niic/427/427/sb_new_tor/WK_ZY/build/motor_interface': CMAKE_PREFIX_PATH=/opt/ros/humble /usr/bin/cmake /home/niic/427/427/sb_new_tor/WK_ZY/src/motor_interface -DCMAKE_INSTALL_PREFIX=/home/niic/427/427/sb_new_tor/WK_ZY/install/motor_interface
[3.764s] DEBUG:colcon.colcon_core.event_handler.log_command:Invoked command in '/home/niic/427/427/sb_new_tor/WK_ZY/build/motor_interface' returned '0': CMAKE_PREFIX_PATH=/opt/ros/humble /usr/bin/cmake /home/niic/427/427/sb_new_tor/WK_ZY/src/motor_interface -DCMAKE_INSTALL_PREFIX=/home/niic/427/427/sb_new_tor/WK_ZY/install/motor_interface
[3.766s] DEBUG:colcon.colcon_core.event_handler.log_command:Invoking command in '/home/niic/427/427/sb_new_tor/WK_ZY/build/motor_interface': CMAKE_PREFIX_PATH=/opt/ros/humble /usr/bin/cmake --build /home/niic/427/427/sb_new_tor/WK_ZY/build/motor_interface -- -j9 -l9
[6.422s] DEBUG:colcon.colcon_core.event_handler.log_command:Invoked command in '/home/niic/427/427/sb_new_tor/WK_ZY/build/motor_interface' returned '0': CMAKE_PREFIX_PATH=/opt/ros/humble /usr/bin/cmake --build /home/niic/427/427/sb_new_tor/WK_ZY/build/motor_interface -- -j9 -l9
[6.436s] DEBUG:colcon.colcon_core.event_handler.log_command:Invoking command in '/home/niic/427/427/sb_new_tor/WK_ZY/build/motor_interface': CMAKE_PREFIX_PATH=/opt/ros/humble /usr/bin/cmake --install /home/niic/427/427/sb_new_tor/WK_ZY/build/motor_interface
[6.531s] Level 1:colcon.colcon_core.environment:create_environment_scripts_only(motor_interface)
[6.532s] DEBUG:colcon.colcon_core.event_handler.log_command:Invoked command in '/home/niic/427/427/sb_new_tor/WK_ZY/build/motor_interface' returned '0': CMAKE_PREFIX_PATH=/opt/ros/humble /usr/bin/cmake --install /home/niic/427/427/sb_new_tor/WK_ZY/build/motor_interface
[6.535s] Level 1:colcon.colcon_core.environment:checking '/home/niic/427/427/sb_new_tor/WK_ZY/install/motor_interface' for CMake module files
[6.536s] Level 1:colcon.colcon_core.environment:checking '/home/niic/427/427/sb_new_tor/WK_ZY/install/motor_interface' for CMake config files
[6.537s] Level 1:colcon.colcon_core.shell:create_environment_hook('motor_interface', 'cmake_prefix_path')
[6.537s] INFO:colcon.colcon_core.shell:Creating environment hook '/home/niic/427/427/sb_new_tor/WK_ZY/install/motor_interface/share/motor_interface/hook/cmake_prefix_path.ps1'
[6.538s] INFO:colcon.colcon_core.shell:Creating environment descriptor '/home/niic/427/427/sb_new_tor/WK_ZY/install/motor_interface/share/motor_interface/hook/cmake_prefix_path.dsv'
[6.540s] INFO:colcon.colcon_core.shell:Creating environment hook '/home/niic/427/427/sb_new_tor/WK_ZY/install/motor_interface/share/motor_interface/hook/cmake_prefix_path.sh'
[6.541s] Level 1:colcon.colcon_core.environment:checking '/home/niic/427/427/sb_new_tor/WK_ZY/install/motor_interface/lib'
[6.541s] Level 1:colcon.colcon_core.shell:create_environment_hook('motor_interface', 'ld_library_path_lib')
[6.542s] INFO:colcon.colcon_core.shell:Creating environment hook '/home/niic/427/427/sb_new_tor/WK_ZY/install/motor_interface/share/motor_interface/hook/ld_library_path_lib.ps1'
[6.542s] INFO:colcon.colcon_core.shell:Creating environment descriptor '/home/niic/427/427/sb_new_tor/WK_ZY/install/motor_interface/share/motor_interface/hook/ld_library_path_lib.dsv'
[6.543s] INFO:colcon.colcon_core.shell:Creating environment hook '/home/niic/427/427/sb_new_tor/WK_ZY/install/motor_interface/share/motor_interface/hook/ld_library_path_lib.sh'
[6.543s] Level 1:colcon.colcon_core.environment:checking '/home/niic/427/427/sb_new_tor/WK_ZY/install/motor_interface/bin'
[6.543s] Level 1:colcon.colcon_core.environment:checking '/home/niic/427/427/sb_new_tor/WK_ZY/install/motor_interface/lib/pkgconfig/motor_interface.pc'
[6.543s] Level 1:colcon.colcon_core.environment:checking '/home/niic/427/427/sb_new_tor/WK_ZY/install/motor_interface/lib/python3.10/site-packages'
[6.544s] Level 1:colcon.colcon_core.environment:checking '/home/niic/427/427/sb_new_tor/WK_ZY/install/motor_interface/bin'
[6.544s] INFO:colcon.colcon_core.shell:Creating package script '/home/niic/427/427/sb_new_tor/WK_ZY/install/motor_interface/share/motor_interface/package.ps1'
[6.545s] INFO:colcon.colcon_core.shell:Creating package descriptor '/home/niic/427/427/sb_new_tor/WK_ZY/install/motor_interface/share/motor_interface/package.dsv'
[6.546s] INFO:colcon.colcon_core.shell:Creating package script '/home/niic/427/427/sb_new_tor/WK_ZY/install/motor_interface/share/motor_interface/package.sh'
[6.547s] INFO:colcon.colcon_core.shell:Creating package script '/home/niic/427/427/sb_new_tor/WK_ZY/install/motor_interface/share/motor_interface/package.bash'
[6.548s] INFO:colcon.colcon_core.shell:Creating package script '/home/niic/427/427/sb_new_tor/WK_ZY/install/motor_interface/share/motor_interface/package.zsh'
[6.549s] Level 1:colcon.colcon_core.environment:create_file_with_runtime_dependencies(/home/niic/427/427/sb_new_tor/WK_ZY/install/motor_interface/share/colcon-core/packages/motor_interface)
[6.550s] Level 1:colcon.colcon_core.environment:create_environment_scripts_only(motor_interface)
[6.551s] Level 1:colcon.colcon_core.environment:checking '/home/niic/427/427/sb_new_tor/WK_ZY/install/motor_interface' for CMake module files
[6.552s] Level 1:colcon.colcon_core.environment:checking '/home/niic/427/427/sb_new_tor/WK_ZY/install/motor_interface' for CMake config files
[6.552s] Level 1:colcon.colcon_core.shell:create_environment_hook('motor_interface', 'cmake_prefix_path')
[6.552s] INFO:colcon.colcon_core.shell:Creating environment hook '/home/niic/427/427/sb_new_tor/WK_ZY/install/motor_interface/share/motor_interface/hook/cmake_prefix_path.ps1'
[6.553s] INFO:colcon.colcon_core.shell:Creating environment descriptor '/home/niic/427/427/sb_new_tor/WK_ZY/install/motor_interface/share/motor_interface/hook/cmake_prefix_path.dsv'
[6.554s] INFO:colcon.colcon_core.shell:Creating environment hook '/home/niic/427/427/sb_new_tor/WK_ZY/install/motor_interface/share/motor_interface/hook/cmake_prefix_path.sh'
[6.554s] Level 1:colcon.colcon_core.environment:checking '/home/niic/427/427/sb_new_tor/WK_ZY/install/motor_interface/lib'
[6.554s] Level 1:colcon.colcon_core.shell:create_environment_hook('motor_interface', 'ld_library_path_lib')
[6.555s] INFO:colcon.colcon_core.shell:Creating environment hook '/home/niic/427/427/sb_new_tor/WK_ZY/install/motor_interface/share/motor_interface/hook/ld_library_path_lib.ps1'
[6.555s] INFO:colcon.colcon_core.shell:Creating environment descriptor '/home/niic/427/427/sb_new_tor/WK_ZY/install/motor_interface/share/motor_interface/hook/ld_library_path_lib.dsv'
[6.556s] INFO:colcon.colcon_core.shell:Creating environment hook '/home/niic/427/427/sb_new_tor/WK_ZY/install/motor_interface/share/motor_interface/hook/ld_library_path_lib.sh'
[6.556s] Level 1:colcon.colcon_core.environment:checking '/home/niic/427/427/sb_new_tor/WK_ZY/install/motor_interface/bin'
[6.556s] Level 1:colcon.colcon_core.environment:checking '/home/niic/427/427/sb_new_tor/WK_ZY/install/motor_interface/lib/pkgconfig/motor_interface.pc'
[6.557s] Level 1:colcon.colcon_core.environment:checking '/home/niic/427/427/sb_new_tor/WK_ZY/install/motor_interface/lib/python3.10/site-packages'
[6.557s] Level 1:colcon.colcon_core.environment:checking '/home/niic/427/427/sb_new_tor/WK_ZY/install/motor_interface/bin'
[6.557s] INFO:colcon.colcon_core.shell:Creating package script '/home/niic/427/427/sb_new_tor/WK_ZY/install/motor_interface/share/motor_interface/package.ps1'
[6.558s] INFO:colcon.colcon_core.shell:Creating package descriptor '/home/niic/427/427/sb_new_tor/WK_ZY/install/motor_interface/share/motor_interface/package.dsv'
[6.559s] INFO:colcon.colcon_core.shell:Creating package script '/home/niic/427/427/sb_new_tor/WK_ZY/install/motor_interface/share/motor_interface/package.sh'
[6.559s] INFO:colcon.colcon_core.shell:Creating package script '/home/niic/427/427/sb_new_tor/WK_ZY/install/motor_interface/share/motor_interface/package.bash'
[6.560s] INFO:colcon.colcon_core.shell:Creating package script '/home/niic/427/427/sb_new_tor/WK_ZY/install/motor_interface/share/motor_interface/package.zsh'
[6.561s] Level 1:colcon.colcon_core.environment:create_file_with_runtime_dependencies(/home/niic/427/427/sb_new_tor/WK_ZY/install/motor_interface/share/colcon-core/packages/motor_interface)
[6.561s] INFO:colcon.colcon_ros.task.ament_cmake.build:Building ROS package in '/home/niic/427/427/sb_new_tor/WK_ZY/src/motor_communication_pkg' with build type 'ament_cmake'
[6.561s] INFO:colcon.colcon_cmake.task.cmake.build:Building CMake package in '/home/niic/427/427/sb_new_tor/WK_ZY/src/motor_communication_pkg'
[6.562s] INFO:colcon.colcon_core.shell:Skip shell extension 'powershell' for command environment: Not usable outside of PowerShell
[6.562s] DEBUG:colcon.colcon_core.shell:Skip shell extension 'dsv' for command environment
[6.566s] INFO:colcon.colcon_ros.task.ament_cmake.build:Building ROS package in '/home/niic/427/427/sb_new_tor/WK_ZY/src/motor_test_pkg' with build type 'ament_cmake'
[6.566s] INFO:colcon.colcon_cmake.task.cmake.build:Building CMake package in '/home/niic/427/427/sb_new_tor/WK_ZY/src/motor_test_pkg'
[6.566s] INFO:colcon.colcon_core.shell:Skip shell extension 'powershell' for command environment: Not usable outside of PowerShell
[6.566s] DEBUG:colcon.colcon_core.shell:Skip shell extension 'dsv' for command environment
[6.574s] DEBUG:colcon.colcon_core.event_handler.log_command:Invoking command in '/home/niic/427/427/sb_new_tor/WK_ZY/build/motor_communication_pkg': AMENT_PREFIX_PATH=/home/niic/427/427/sb_new_tor/WK_ZY/install/motor_interface:${AMENT_PREFIX_PATH} CMAKE_PREFIX_PATH=/home/niic/427/427/sb_new_tor/WK_ZY/install/motor_interface:/opt/ros/humble LD_LIBRARY_PATH=/home/niic/427/427/sb_new_tor/WK_ZY/install/motor_interface/lib:${LD_LIBRARY_PATH} PYTHONPATH=/home/niic/427/427/sb_new_tor/WK_ZY/install/motor_interface/local/lib/python3.10/dist-packages:${PYTHONPATH} /usr/bin/cmake /home/niic/427/427/sb_new_tor/WK_ZY/src/motor_communication_pkg -DCMAKE_INSTALL_PREFIX=/home/niic/427/427/sb_new_tor/WK_ZY/install/motor_communication_pkg
[6.578s] DEBUG:colcon.colcon_core.event_handler.log_command:Invoking command in '/home/niic/427/427/sb_new_tor/WK_ZY/build/motor_test_pkg': AMENT_PREFIX_PATH=/home/niic/427/427/sb_new_tor/WK_ZY/install/motor_interface:${AMENT_PREFIX_PATH} CMAKE_PREFIX_PATH=/home/niic/427/427/sb_new_tor/WK_ZY/install/motor_interface:/opt/ros/humble LD_LIBRARY_PATH=/home/niic/427/427/sb_new_tor/WK_ZY/install/motor_interface/lib:${LD_LIBRARY_PATH} PYTHONPATH=/home/niic/427/427/sb_new_tor/WK_ZY/install/motor_interface/local/lib/python3.10/dist-packages:${PYTHONPATH} /usr/bin/cmake /home/niic/427/427/sb_new_tor/WK_ZY/src/motor_test_pkg -DCMAKE_INSTALL_PREFIX=/home/niic/427/427/sb_new_tor/WK_ZY/install/motor_test_pkg
[8.101s] DEBUG:colcon.colcon_core.event_handler.log_command:Invoked command in '/home/niic/427/427/sb_new_tor/WK_ZY/build/motor_test_pkg' returned '0': AMENT_PREFIX_PATH=/home/niic/427/427/sb_new_tor/WK_ZY/install/motor_interface:${AMENT_PREFIX_PATH} CMAKE_PREFIX_PATH=/home/niic/427/427/sb_new_tor/WK_ZY/install/motor_interface:/opt/ros/humble LD_LIBRARY_PATH=/home/niic/427/427/sb_new_tor/WK_ZY/install/motor_interface/lib:${LD_LIBRARY_PATH} PYTHONPATH=/home/niic/427/427/sb_new_tor/WK_ZY/install/motor_interface/local/lib/python3.10/dist-packages:${PYTHONPATH} /usr/bin/cmake /home/niic/427/427/sb_new_tor/WK_ZY/src/motor_test_pkg -DCMAKE_INSTALL_PREFIX=/home/niic/427/427/sb_new_tor/WK_ZY/install/motor_test_pkg
[8.103s] DEBUG:colcon.colcon_core.event_handler.log_command:Invoking command in '/home/niic/427/427/sb_new_tor/WK_ZY/build/motor_test_pkg': AMENT_PREFIX_PATH=/home/niic/427/427/sb_new_tor/WK_ZY/install/motor_interface:${AMENT_PREFIX_PATH} CMAKE_PREFIX_PATH=/home/niic/427/427/sb_new_tor/WK_ZY/install/motor_interface:/opt/ros/humble LD_LIBRARY_PATH=/home/niic/427/427/sb_new_tor/WK_ZY/install/motor_interface/lib:${LD_LIBRARY_PATH} PYTHONPATH=/home/niic/427/427/sb_new_tor/WK_ZY/install/motor_interface/local/lib/python3.10/dist-packages:${PYTHONPATH} /usr/bin/cmake --build /home/niic/427/427/sb_new_tor/WK_ZY/build/motor_test_pkg -- -j9 -l9
[8.200s] DEBUG:colcon.colcon_core.event_handler.log_command:Invoked command in '/home/niic/427/427/sb_new_tor/WK_ZY/build/motor_communication_pkg' returned '0': AMENT_PREFIX_PATH=/home/niic/427/427/sb_new_tor/WK_ZY/install/motor_interface:${AMENT_PREFIX_PATH} CMAKE_PREFIX_PATH=/home/niic/427/427/sb_new_tor/WK_ZY/install/motor_interface:/opt/ros/humble LD_LIBRARY_PATH=/home/niic/427/427/sb_new_tor/WK_ZY/install/motor_interface/lib:${LD_LIBRARY_PATH} PYTHONPATH=/home/niic/427/427/sb_new_tor/WK_ZY/install/motor_interface/local/lib/python3.10/dist-packages:${PYTHONPATH} /usr/bin/cmake /home/niic/427/427/sb_new_tor/WK_ZY/src/motor_communication_pkg -DCMAKE_INSTALL_PREFIX=/home/niic/427/427/sb_new_tor/WK_ZY/install/motor_communication_pkg
[8.202s] DEBUG:colcon.colcon_core.event_handler.log_command:Invoking command in '/home/niic/427/427/sb_new_tor/WK_ZY/build/motor_communication_pkg': AMENT_PREFIX_PATH=/home/niic/427/427/sb_new_tor/WK_ZY/install/motor_interface:${AMENT_PREFIX_PATH} CMAKE_PREFIX_PATH=/home/niic/427/427/sb_new_tor/WK_ZY/install/motor_interface:/opt/ros/humble LD_LIBRARY_PATH=/home/niic/427/427/sb_new_tor/WK_ZY/install/motor_interface/lib:${LD_LIBRARY_PATH} PYTHONPATH=/home/niic/427/427/sb_new_tor/WK_ZY/install/motor_interface/local/lib/python3.10/dist-packages:${PYTHONPATH} /usr/bin/cmake --build /home/niic/427/427/sb_new_tor/WK_ZY/build/motor_communication_pkg -- -j9 -l9
[22.674s] DEBUG:colcon.colcon_core.event_handler.log_command:Invoked command in '/home/niic/427/427/sb_new_tor/WK_ZY/build/motor_test_pkg' returned '0': AMENT_PREFIX_PATH=/home/niic/427/427/sb_new_tor/WK_ZY/install/motor_interface:${AMENT_PREFIX_PATH} CMAKE_PREFIX_PATH=/home/niic/427/427/sb_new_tor/WK_ZY/install/motor_interface:/opt/ros/humble LD_LIBRARY_PATH=/home/niic/427/427/sb_new_tor/WK_ZY/install/motor_interface/lib:${LD_LIBRARY_PATH} PYTHONPATH=/home/niic/427/427/sb_new_tor/WK_ZY/install/motor_interface/local/lib/python3.10/dist-packages:${PYTHONPATH} /usr/bin/cmake --build /home/niic/427/427/sb_new_tor/WK_ZY/build/motor_test_pkg -- -j9 -l9
[22.677s] DEBUG:colcon.colcon_core.event_handler.log_command:Invoking command in '/home/niic/427/427/sb_new_tor/WK_ZY/build/motor_test_pkg': AMENT_PREFIX_PATH=/home/niic/427/427/sb_new_tor/WK_ZY/install/motor_interface:${AMENT_PREFIX_PATH} CMAKE_PREFIX_PATH=/home/niic/427/427/sb_new_tor/WK_ZY/install/motor_interface:/opt/ros/humble LD_LIBRARY_PATH=/home/niic/427/427/sb_new_tor/WK_ZY/install/motor_interface/lib:${LD_LIBRARY_PATH} PYTHONPATH=/home/niic/427/427/sb_new_tor/WK_ZY/install/motor_interface/local/lib/python3.10/dist-packages:${PYTHONPATH} /usr/bin/cmake --install /home/niic/427/427/sb_new_tor/WK_ZY/build/motor_test_pkg
[22.699s] Level 1:colcon.colcon_core.environment:create_environment_scripts_only(motor_test_pkg)
[22.699s] Level 1:colcon.colcon_core.environment:checking '/home/niic/427/427/sb_new_tor/WK_ZY/install/motor_test_pkg' for CMake module files
[22.700s] DEBUG:colcon.colcon_core.event_handler.log_command:Invoked command in '/home/niic/427/427/sb_new_tor/WK_ZY/build/motor_test_pkg' returned '0': AMENT_PREFIX_PATH=/home/niic/427/427/sb_new_tor/WK_ZY/install/motor_interface:${AMENT_PREFIX_PATH} CMAKE_PREFIX_PATH=/home/niic/427/427/sb_new_tor/WK_ZY/install/motor_interface:/opt/ros/humble LD_LIBRARY_PATH=/home/niic/427/427/sb_new_tor/WK_ZY/install/motor_interface/lib:${LD_LIBRARY_PATH} PYTHONPATH=/home/niic/427/427/sb_new_tor/WK_ZY/install/motor_interface/local/lib/python3.10/dist-packages:${PYTHONPATH} /usr/bin/cmake --install /home/niic/427/427/sb_new_tor/WK_ZY/build/motor_test_pkg
[22.701s] Level 1:colcon.colcon_core.environment:checking '/home/niic/427/427/sb_new_tor/WK_ZY/install/motor_test_pkg' for CMake config files
[22.701s] Level 1:colcon.colcon_core.shell:create_environment_hook('motor_test_pkg', 'cmake_prefix_path')
[22.701s] INFO:colcon.colcon_core.shell:Creating environment hook '/home/niic/427/427/sb_new_tor/WK_ZY/install/motor_test_pkg/share/motor_test_pkg/hook/cmake_prefix_path.ps1'
[22.702s] INFO:colcon.colcon_core.shell:Creating environment descriptor '/home/niic/427/427/sb_new_tor/WK_ZY/install/motor_test_pkg/share/motor_test_pkg/hook/cmake_prefix_path.dsv'
[22.703s] INFO:colcon.colcon_core.shell:Creating environment hook '/home/niic/427/427/sb_new_tor/WK_ZY/install/motor_test_pkg/share/motor_test_pkg/hook/cmake_prefix_path.sh'
[22.704s] Level 1:colcon.colcon_core.environment:checking '/home/niic/427/427/sb_new_tor/WK_ZY/install/motor_test_pkg/lib'
[22.704s] Level 1:colcon.colcon_core.environment:checking '/home/niic/427/427/sb_new_tor/WK_ZY/install/motor_test_pkg/bin'
[22.704s] Level 1:colcon.colcon_core.environment:checking '/home/niic/427/427/sb_new_tor/WK_ZY/install/motor_test_pkg/lib/pkgconfig/motor_test_pkg.pc'
[22.704s] Level 1:colcon.colcon_core.environment:checking '/home/niic/427/427/sb_new_tor/WK_ZY/install/motor_test_pkg/lib/python3.10/site-packages'
[22.705s] Level 1:colcon.colcon_core.environment:checking '/home/niic/427/427/sb_new_tor/WK_ZY/install/motor_test_pkg/bin'
[22.705s] INFO:colcon.colcon_core.shell:Creating package script '/home/niic/427/427/sb_new_tor/WK_ZY/install/motor_test_pkg/share/motor_test_pkg/package.ps1'
[22.706s] INFO:colcon.colcon_core.shell:Creating package descriptor '/home/niic/427/427/sb_new_tor/WK_ZY/install/motor_test_pkg/share/motor_test_pkg/package.dsv'
[22.706s] INFO:colcon.colcon_core.shell:Creating package script '/home/niic/427/427/sb_new_tor/WK_ZY/install/motor_test_pkg/share/motor_test_pkg/package.sh'
[22.707s] INFO:colcon.colcon_core.shell:Creating package script '/home/niic/427/427/sb_new_tor/WK_ZY/install/motor_test_pkg/share/motor_test_pkg/package.bash'
[22.707s] INFO:colcon.colcon_core.shell:Creating package script '/home/niic/427/427/sb_new_tor/WK_ZY/install/motor_test_pkg/share/motor_test_pkg/package.zsh'
[22.708s] Level 1:colcon.colcon_core.environment:create_file_with_runtime_dependencies(/home/niic/427/427/sb_new_tor/WK_ZY/install/motor_test_pkg/share/colcon-core/packages/motor_test_pkg)
[22.709s] Level 1:colcon.colcon_core.environment:create_environment_scripts_only(motor_test_pkg)
[22.709s] Level 1:colcon.colcon_core.environment:checking '/home/niic/427/427/sb_new_tor/WK_ZY/install/motor_test_pkg' for CMake module files
[22.710s] Level 1:colcon.colcon_core.environment:checking '/home/niic/427/427/sb_new_tor/WK_ZY/install/motor_test_pkg' for CMake config files
[22.710s] Level 1:colcon.colcon_core.shell:create_environment_hook('motor_test_pkg', 'cmake_prefix_path')
[22.710s] INFO:colcon.colcon_core.shell:Creating environment hook '/home/niic/427/427/sb_new_tor/WK_ZY/install/motor_test_pkg/share/motor_test_pkg/hook/cmake_prefix_path.ps1'
[22.711s] INFO:colcon.colcon_core.shell:Creating environment descriptor '/home/niic/427/427/sb_new_tor/WK_ZY/install/motor_test_pkg/share/motor_test_pkg/hook/cmake_prefix_path.dsv'
[22.712s] INFO:colcon.colcon_core.shell:Creating environment hook '/home/niic/427/427/sb_new_tor/WK_ZY/install/motor_test_pkg/share/motor_test_pkg/hook/cmake_prefix_path.sh'
[22.712s] Level 1:colcon.colcon_core.environment:checking '/home/niic/427/427/sb_new_tor/WK_ZY/install/motor_test_pkg/lib'
[22.712s] Level 1:colcon.colcon_core.environment:checking '/home/niic/427/427/sb_new_tor/WK_ZY/install/motor_test_pkg/bin'
[22.713s] Level 1:colcon.colcon_core.environment:checking '/home/niic/427/427/sb_new_tor/WK_ZY/install/motor_test_pkg/lib/pkgconfig/motor_test_pkg.pc'
[22.713s] Level 1:colcon.colcon_core.environment:checking '/home/niic/427/427/sb_new_tor/WK_ZY/install/motor_test_pkg/lib/python3.10/site-packages'
[22.713s] Level 1:colcon.colcon_core.environment:checking '/home/niic/427/427/sb_new_tor/WK_ZY/install/motor_test_pkg/bin'
[22.714s] INFO:colcon.colcon_core.shell:Creating package script '/home/niic/427/427/sb_new_tor/WK_ZY/install/motor_test_pkg/share/motor_test_pkg/package.ps1'
[22.714s] INFO:colcon.colcon_core.shell:Creating package descriptor '/home/niic/427/427/sb_new_tor/WK_ZY/install/motor_test_pkg/share/motor_test_pkg/package.dsv'
[22.715s] INFO:colcon.colcon_core.shell:Creating package script '/home/niic/427/427/sb_new_tor/WK_ZY/install/motor_test_pkg/share/motor_test_pkg/package.sh'
[22.716s] INFO:colcon.colcon_core.shell:Creating package script '/home/niic/427/427/sb_new_tor/WK_ZY/install/motor_test_pkg/share/motor_test_pkg/package.bash'
[22.716s] INFO:colcon.colcon_core.shell:Creating package script '/home/niic/427/427/sb_new_tor/WK_ZY/install/motor_test_pkg/share/motor_test_pkg/package.zsh'
[22.717s] Level 1:colcon.colcon_core.environment:create_file_with_runtime_dependencies(/home/niic/427/427/sb_new_tor/WK_ZY/install/motor_test_pkg/share/colcon-core/packages/motor_test_pkg)
[22.738s] DEBUG:colcon.colcon_core.event_handler.log_command:Invoked command in '/home/niic/427/427/sb_new_tor/WK_ZY/build/motor_communication_pkg' returned '0': AMENT_PREFIX_PATH=/home/niic/427/427/sb_new_tor/WK_ZY/install/motor_interface:${AMENT_PREFIX_PATH} CMAKE_PREFIX_PATH=/home/niic/427/427/sb_new_tor/WK_ZY/install/motor_interface:/opt/ros/humble LD_LIBRARY_PATH=/home/niic/427/427/sb_new_tor/WK_ZY/install/motor_interface/lib:${LD_LIBRARY_PATH} PYTHONPATH=/home/niic/427/427/sb_new_tor/WK_ZY/install/motor_interface/local/lib/python3.10/dist-packages:${PYTHONPATH} /usr/bin/cmake --build /home/niic/427/427/sb_new_tor/WK_ZY/build/motor_communication_pkg -- -j9 -l9
[22.741s] DEBUG:colcon.colcon_core.event_handler.log_command:Invoking command in '/home/niic/427/427/sb_new_tor/WK_ZY/build/motor_communication_pkg': AMENT_PREFIX_PATH=/home/niic/427/427/sb_new_tor/WK_ZY/install/motor_interface:${AMENT_PREFIX_PATH} CMAKE_PREFIX_PATH=/home/niic/427/427/sb_new_tor/WK_ZY/install/motor_interface:/opt/ros/humble LD_LIBRARY_PATH=/home/niic/427/427/sb_new_tor/WK_ZY/install/motor_interface/lib:${LD_LIBRARY_PATH} PYTHONPATH=/home/niic/427/427/sb_new_tor/WK_ZY/install/motor_interface/local/lib/python3.10/dist-packages:${PYTHONPATH} /usr/bin/cmake --install /home/niic/427/427/sb_new_tor/WK_ZY/build/motor_communication_pkg
[22.762s] Level 1:colcon.colcon_core.environment:create_environment_scripts_only(motor_communication_pkg)
[22.762s] Level 1:colcon.colcon_core.environment:checking '/home/niic/427/427/sb_new_tor/WK_ZY/install/motor_communication_pkg' for CMake module files
[22.763s] DEBUG:colcon.colcon_core.event_handler.log_command:Invoked command in '/home/niic/427/427/sb_new_tor/WK_ZY/build/motor_communication_pkg' returned '0': AMENT_PREFIX_PATH=/home/niic/427/427/sb_new_tor/WK_ZY/install/motor_interface:${AMENT_PREFIX_PATH} CMAKE_PREFIX_PATH=/home/niic/427/427/sb_new_tor/WK_ZY/install/motor_interface:/opt/ros/humble LD_LIBRARY_PATH=/home/niic/427/427/sb_new_tor/WK_ZY/install/motor_interface/lib:${LD_LIBRARY_PATH} PYTHONPATH=/home/niic/427/427/sb_new_tor/WK_ZY/install/motor_interface/local/lib/python3.10/dist-packages:${PYTHONPATH} /usr/bin/cmake --install /home/niic/427/427/sb_new_tor/WK_ZY/build/motor_communication_pkg
[22.764s] Level 1:colcon.colcon_core.environment:checking '/home/niic/427/427/sb_new_tor/WK_ZY/install/motor_communication_pkg' for CMake config files
[22.764s] Level 1:colcon.colcon_core.shell:create_environment_hook('motor_communication_pkg', 'cmake_prefix_path')
[22.764s] INFO:colcon.colcon_core.shell:Creating environment hook '/home/niic/427/427/sb_new_tor/WK_ZY/install/motor_communication_pkg/share/motor_communication_pkg/hook/cmake_prefix_path.ps1'
[22.765s] INFO:colcon.colcon_core.shell:Creating environment descriptor '/home/niic/427/427/sb_new_tor/WK_ZY/install/motor_communication_pkg/share/motor_communication_pkg/hook/cmake_prefix_path.dsv'
[22.765s] INFO:colcon.colcon_core.shell:Creating environment hook '/home/niic/427/427/sb_new_tor/WK_ZY/install/motor_communication_pkg/share/motor_communication_pkg/hook/cmake_prefix_path.sh'
[22.766s] Level 1:colcon.colcon_core.environment:checking '/home/niic/427/427/sb_new_tor/WK_ZY/install/motor_communication_pkg/lib'
[22.766s] Level 1:colcon.colcon_core.environment:checking '/home/niic/427/427/sb_new_tor/WK_ZY/install/motor_communication_pkg/bin'
[22.766s] Level 1:colcon.colcon_core.environment:checking '/home/niic/427/427/sb_new_tor/WK_ZY/install/motor_communication_pkg/lib/pkgconfig/motor_communication_pkg.pc'
[22.767s] Level 1:colcon.colcon_core.environment:checking '/home/niic/427/427/sb_new_tor/WK_ZY/install/motor_communication_pkg/lib/python3.10/site-packages'
[22.767s] Level 1:colcon.colcon_core.environment:checking '/home/niic/427/427/sb_new_tor/WK_ZY/install/motor_communication_pkg/bin'
[22.767s] INFO:colcon.colcon_core.shell:Creating package script '/home/niic/427/427/sb_new_tor/WK_ZY/install/motor_communication_pkg/share/motor_communication_pkg/package.ps1'
[22.768s] INFO:colcon.colcon_core.shell:Creating package descriptor '/home/niic/427/427/sb_new_tor/WK_ZY/install/motor_communication_pkg/share/motor_communication_pkg/package.dsv'
[22.769s] INFO:colcon.colcon_core.shell:Creating package script '/home/niic/427/427/sb_new_tor/WK_ZY/install/motor_communication_pkg/share/motor_communication_pkg/package.sh'
[22.769s] INFO:colcon.colcon_core.shell:Creating package script '/home/niic/427/427/sb_new_tor/WK_ZY/install/motor_communication_pkg/share/motor_communication_pkg/package.bash'
[22.770s] INFO:colcon.colcon_core.shell:Creating package script '/home/niic/427/427/sb_new_tor/WK_ZY/install/motor_communication_pkg/share/motor_communication_pkg/package.zsh'
[22.770s] Level 1:colcon.colcon_core.environment:create_file_with_runtime_dependencies(/home/niic/427/427/sb_new_tor/WK_ZY/install/motor_communication_pkg/share/colcon-core/packages/motor_communication_pkg)
[22.771s] Level 1:colcon.colcon_core.environment:create_environment_scripts_only(motor_communication_pkg)
[22.772s] Level 1:colcon.colcon_core.environment:checking '/home/niic/427/427/sb_new_tor/WK_ZY/install/motor_communication_pkg' for CMake module files
[22.772s] Level 1:colcon.colcon_core.environment:checking '/home/niic/427/427/sb_new_tor/WK_ZY/install/motor_communication_pkg' for CMake config files
[22.772s] Level 1:colcon.colcon_core.shell:create_environment_hook('motor_communication_pkg', 'cmake_prefix_path')
[22.773s] INFO:colcon.colcon_core.shell:Creating environment hook '/home/niic/427/427/sb_new_tor/WK_ZY/install/motor_communication_pkg/share/motor_communication_pkg/hook/cmake_prefix_path.ps1'
[22.773s] INFO:colcon.colcon_core.shell:Creating environment descriptor '/home/niic/427/427/sb_new_tor/WK_ZY/install/motor_communication_pkg/share/motor_communication_pkg/hook/cmake_prefix_path.dsv'
[22.774s] INFO:colcon.colcon_core.shell:Creating environment hook '/home/niic/427/427/sb_new_tor/WK_ZY/install/motor_communication_pkg/share/motor_communication_pkg/hook/cmake_prefix_path.sh'
[22.775s] Level 1:colcon.colcon_core.environment:checking '/home/niic/427/427/sb_new_tor/WK_ZY/install/motor_communication_pkg/lib'
[22.775s] Level 1:colcon.colcon_core.environment:checking '/home/niic/427/427/sb_new_tor/WK_ZY/install/motor_communication_pkg/bin'
[22.775s] Level 1:colcon.colcon_core.environment:checking '/home/niic/427/427/sb_new_tor/WK_ZY/install/motor_communication_pkg/lib/pkgconfig/motor_communication_pkg.pc'
[22.775s] Level 1:colcon.colcon_core.environment:checking '/home/niic/427/427/sb_new_tor/WK_ZY/install/motor_communication_pkg/lib/python3.10/site-packages'
[22.775s] Level 1:colcon.colcon_core.environment:checking '/home/niic/427/427/sb_new_tor/WK_ZY/install/motor_communication_pkg/bin'
[22.776s] INFO:colcon.colcon_core.shell:Creating package script '/home/niic/427/427/sb_new_tor/WK_ZY/install/motor_communication_pkg/share/motor_communication_pkg/package.ps1'
[22.777s] INFO:colcon.colcon_core.shell:Creating package descriptor '/home/niic/427/427/sb_new_tor/WK_ZY/install/motor_communication_pkg/share/motor_communication_pkg/package.dsv'
[22.777s] INFO:colcon.colcon_core.shell:Creating package script '/home/niic/427/427/sb_new_tor/WK_ZY/install/motor_communication_pkg/share/motor_communication_pkg/package.sh'
[22.778s] INFO:colcon.colcon_core.shell:Creating package script '/home/niic/427/427/sb_new_tor/WK_ZY/install/motor_communication_pkg/share/motor_communication_pkg/package.bash'
[22.778s] INFO:colcon.colcon_core.shell:Creating package script '/home/niic/427/427/sb_new_tor/WK_ZY/install/motor_communication_pkg/share/motor_communication_pkg/package.zsh'
[22.779s] Level 1:colcon.colcon_core.environment:create_file_with_runtime_dependencies(/home/niic/427/427/sb_new_tor/WK_ZY/install/motor_communication_pkg/share/colcon-core/packages/motor_communication_pkg)
[22.779s] DEBUG:colcon.colcon_parallel_executor.executor.parallel:closing loop
[22.780s] DEBUG:colcon.colcon_parallel_executor.executor.parallel:loop closed
[22.780s] DEBUG:colcon.colcon_parallel_executor.executor.parallel:run_until_complete finished with '0'
[22.780s] DEBUG:colcon.colcon_core.event_reactor:joining thread
[22.788s] INFO:colcon.colcon_core.plugin_system:Skipping extension 'colcon_notification.desktop_notification.terminal_notifier': Not used on non-Darwin systems
[22.788s] INFO:colcon.colcon_core.plugin_system:Skipping extension 'colcon_notification.desktop_notification.win32': Not used on non-Windows systems
[22.788s] INFO:colcon.colcon_notification.desktop_notification:Sending desktop notification using 'notify2'
[23.052s] DEBUG:colcon.colcon_core.event_reactor:joined thread
[23.054s] INFO:colcon.colcon_core.shell:Creating prefix script '/home/niic/427/427/sb_new_tor/WK_ZY/install/local_setup.ps1'
[23.056s] INFO:colcon.colcon_core.shell:Creating prefix util module '/home/niic/427/427/sb_new_tor/WK_ZY/install/_local_setup_util_ps1.py'
[23.058s] INFO:colcon.colcon_core.shell:Creating prefix chain script '/home/niic/427/427/sb_new_tor/WK_ZY/install/setup.ps1'
[23.059s] INFO:colcon.colcon_core.shell:Creating prefix script '/home/niic/427/427/sb_new_tor/WK_ZY/install/local_setup.sh'
[23.060s] INFO:colcon.colcon_core.shell:Creating prefix util module '/home/niic/427/427/sb_new_tor/WK_ZY/install/_local_setup_util_sh.py'
[23.061s] INFO:colcon.colcon_core.shell:Creating prefix chain script '/home/niic/427/427/sb_new_tor/WK_ZY/install/setup.sh'
[23.062s] INFO:colcon.colcon_core.shell:Creating prefix script '/home/niic/427/427/sb_new_tor/WK_ZY/install/local_setup.bash'
[23.063s] INFO:colcon.colcon_core.shell:Creating prefix chain script '/home/niic/427/427/sb_new_tor/WK_ZY/install/setup.bash'
[23.064s] INFO:colcon.colcon_core.shell:Creating prefix script '/home/niic/427/427/sb_new_tor/WK_ZY/install/local_setup.zsh'
[23.065s] INFO:colcon.colcon_core.shell:Creating prefix chain script '/home/niic/427/427/sb_new_tor/WK_ZY/install/setup.zsh'
