[0.153s] DEBUG:colcon:Command line arguments: ['/usr/bin/colcon', 'build']
[0.153s] DEBUG:colcon:Parsed command line arguments: Namespace(log_base=None, log_level=None, verb_name='build', build_base='build', install_base='install', merge_install=False, symlink_install=False, test_result_base=None, continue_on_error=False, executor='parallel', parallel_workers=9, event_handlers=None, ignore_user_meta=False, metas=['./colcon.meta'], base_paths=['.'], packages_ignore=None, packages_ignore_regex=None, paths=None, packages_up_to=None, packages_up_to_regex=None, packages_above=None, packages_above_and_dependencies=None, packages_above_depth=None, packages_select_by_dep=None, packages_skip_by_dep=None, packages_skip_up_to=None, packages_select_build_failed=False, packages_skip_build_finished=False, packages_select_test_failures=False, packages_skip_test_passed=False, packages_select=None, packages_skip=None, packages_select_regex=None, packages_skip_regex=None, packages_start=None, packages_end=None, allow_overriding=[], cmake_args=None, cmake_target=None, cmake_target_skip_unavailable=False, cmake_clean_cache=False, cmake_clean_first=False, cmake_force_configure=False, ament_cmake_args=None, catkin_cmake_args=None, catkin_skip_building_tests=False, verb_parser=<colcon_defaults.argument_parser.defaults.DefaultArgumentsDecorator object at 0xffff81d19120>, verb_extension=<colcon_core.verb.build.BuildVerb object at 0xffff81d18c10>, main=<bound method BuildVerb.main of <colcon_core.verb.build.BuildVerb object at 0xffff81d18c10>>)
[0.389s] Level 1:colcon.colcon_core.package_discovery:discover_packages(colcon_meta) check parameters
[0.390s] Level 1:colcon.colcon_core.package_discovery:discover_packages(recursive) check parameters
[0.390s] Level 1:colcon.colcon_core.package_discovery:discover_packages(ignore) check parameters
[0.390s] Level 1:colcon.colcon_core.package_discovery:discover_packages(path) check parameters
[0.390s] Level 1:colcon.colcon_core.package_discovery:discover_packages(colcon_meta) discover
[0.390s] Level 1:colcon.colcon_core.package_discovery:discover_packages(recursive) discover
[0.390s] INFO:colcon.colcon_core.package_discovery:Crawling recursively for packages in '/home/niic/427/427/sb_new_tor/WK_ZY'
[0.390s] Level 1:colcon.colcon_core.package_identification:_identify(.) by extensions ['ignore', 'ignore_ament_install']
[0.390s] Level 1:colcon.colcon_core.package_identification:_identify(.) by extension 'ignore'
[0.391s] Level 1:colcon.colcon_core.package_identification:_identify(.) by extension 'ignore_ament_install'
[0.391s] Level 1:colcon.colcon_core.package_identification:_identify(.) by extensions ['colcon_pkg']
[0.391s] Level 1:colcon.colcon_core.package_identification:_identify(.) by extension 'colcon_pkg'
[0.391s] Level 1:colcon.colcon_core.package_identification:_identify(.) by extensions ['colcon_meta']
[0.391s] Level 1:colcon.colcon_core.package_identification:_identify(.) by extension 'colcon_meta'
[0.391s] Level 1:colcon.colcon_core.package_identification:_identify(.) by extensions ['ros']
[0.391s] Level 1:colcon.colcon_core.package_identification:_identify(.) by extension 'ros'
[0.408s] Level 1:colcon.colcon_core.package_identification:_identify(.) by extensions ['cmake', 'python']
[0.408s] Level 1:colcon.colcon_core.package_identification:_identify(.) by extension 'cmake'
[0.408s] Level 1:colcon.colcon_core.package_identification:_identify(.) by extension 'python'
[0.408s] Level 1:colcon.colcon_core.package_identification:_identify(.) by extensions ['python_setup_py']
[0.408s] Level 1:colcon.colcon_core.package_identification:_identify(.) by extension 'python_setup_py'
[0.408s] Level 1:colcon.colcon_core.package_identification:_identify(build) by extensions ['ignore', 'ignore_ament_install']
[0.408s] Level 1:colcon.colcon_core.package_identification:_identify(build) by extension 'ignore'
[0.408s] Level 1:colcon.colcon_core.package_identification:_identify(build) ignored
[0.409s] Level 1:colcon.colcon_core.package_identification:_identify(install) by extensions ['ignore', 'ignore_ament_install']
[0.409s] Level 1:colcon.colcon_core.package_identification:_identify(install) by extension 'ignore'
[0.409s] Level 1:colcon.colcon_core.package_identification:_identify(install) ignored
[0.409s] Level 1:colcon.colcon_core.package_identification:_identify(log) by extensions ['ignore', 'ignore_ament_install']
[0.409s] Level 1:colcon.colcon_core.package_identification:_identify(log) by extension 'ignore'
[0.409s] Level 1:colcon.colcon_core.package_identification:_identify(log) ignored
[0.409s] Level 1:colcon.colcon_core.package_identification:_identify(src) by extensions ['ignore', 'ignore_ament_install']
[0.410s] Level 1:colcon.colcon_core.package_identification:_identify(src) by extension 'ignore'
[0.410s] Level 1:colcon.colcon_core.package_identification:_identify(src) by extension 'ignore_ament_install'
[0.410s] Level 1:colcon.colcon_core.package_identification:_identify(src) by extensions ['colcon_pkg']
[0.410s] Level 1:colcon.colcon_core.package_identification:_identify(src) by extension 'colcon_pkg'
[0.410s] Level 1:colcon.colcon_core.package_identification:_identify(src) by extensions ['colcon_meta']
[0.410s] Level 1:colcon.colcon_core.package_identification:_identify(src) by extension 'colcon_meta'
[0.410s] Level 1:colcon.colcon_core.package_identification:_identify(src) by extensions ['ros']
[0.410s] Level 1:colcon.colcon_core.package_identification:_identify(src) by extension 'ros'
[0.410s] Level 1:colcon.colcon_core.package_identification:_identify(src) by extensions ['cmake', 'python']
[0.410s] Level 1:colcon.colcon_core.package_identification:_identify(src) by extension 'cmake'
[0.410s] Level 1:colcon.colcon_core.package_identification:_identify(src) by extension 'python'
[0.410s] Level 1:colcon.colcon_core.package_identification:_identify(src) by extensions ['python_setup_py']
[0.410s] Level 1:colcon.colcon_core.package_identification:_identify(src) by extension 'python_setup_py'
[0.411s] Level 1:colcon.colcon_core.package_identification:_identify(src/motor_communication_pkg) by extensions ['ignore', 'ignore_ament_install']
[0.411s] Level 1:colcon.colcon_core.package_identification:_identify(src/motor_communication_pkg) by extension 'ignore'
[0.411s] Level 1:colcon.colcon_core.package_identification:_identify(src/motor_communication_pkg) by extension 'ignore_ament_install'
[0.411s] Level 1:colcon.colcon_core.package_identification:_identify(src/motor_communication_pkg) by extensions ['colcon_pkg']
[0.411s] Level 1:colcon.colcon_core.package_identification:_identify(src/motor_communication_pkg) by extension 'colcon_pkg'
[0.411s] Level 1:colcon.colcon_core.package_identification:_identify(src/motor_communication_pkg) by extensions ['colcon_meta']
[0.411s] Level 1:colcon.colcon_core.package_identification:_identify(src/motor_communication_pkg) by extension 'colcon_meta'
[0.411s] Level 1:colcon.colcon_core.package_identification:_identify(src/motor_communication_pkg) by extensions ['ros']
[0.411s] Level 1:colcon.colcon_core.package_identification:_identify(src/motor_communication_pkg) by extension 'ros'
[0.415s] DEBUG:colcon.colcon_core.package_identification:Package 'src/motor_communication_pkg' with type 'ros.ament_cmake' and name 'motor_communication_pkg'
[0.415s] Level 1:colcon.colcon_core.package_identification:_identify(src/motor_interface) by extensions ['ignore', 'ignore_ament_install']
[0.415s] Level 1:colcon.colcon_core.package_identification:_identify(src/motor_interface) by extension 'ignore'
[0.415s] Level 1:colcon.colcon_core.package_identification:_identify(src/motor_interface) by extension 'ignore_ament_install'
[0.415s] Level 1:colcon.colcon_core.package_identification:_identify(src/motor_interface) by extensions ['colcon_pkg']
[0.415s] Level 1:colcon.colcon_core.package_identification:_identify(src/motor_interface) by extension 'colcon_pkg'
[0.415s] Level 1:colcon.colcon_core.package_identification:_identify(src/motor_interface) by extensions ['colcon_meta']
[0.415s] Level 1:colcon.colcon_core.package_identification:_identify(src/motor_interface) by extension 'colcon_meta'
[0.415s] Level 1:colcon.colcon_core.package_identification:_identify(src/motor_interface) by extensions ['ros']
[0.416s] Level 1:colcon.colcon_core.package_identification:_identify(src/motor_interface) by extension 'ros'
[0.417s] DEBUG:colcon.colcon_core.package_identification:Package 'src/motor_interface' with type 'ros.ament_cmake' and name 'motor_interface'
[0.417s] Level 1:colcon.colcon_core.package_identification:_identify(src/motor_test_pkg) by extensions ['ignore', 'ignore_ament_install']
[0.417s] Level 1:colcon.colcon_core.package_identification:_identify(src/motor_test_pkg) by extension 'ignore'
[0.417s] Level 1:colcon.colcon_core.package_identification:_identify(src/motor_test_pkg) by extension 'ignore_ament_install'
[0.417s] Level 1:colcon.colcon_core.package_identification:_identify(src/motor_test_pkg) by extensions ['colcon_pkg']
[0.417s] Level 1:colcon.colcon_core.package_identification:_identify(src/motor_test_pkg) by extension 'colcon_pkg'
[0.417s] Level 1:colcon.colcon_core.package_identification:_identify(src/motor_test_pkg) by extensions ['colcon_meta']
[0.417s] Level 1:colcon.colcon_core.package_identification:_identify(src/motor_test_pkg) by extension 'colcon_meta'
[0.417s] Level 1:colcon.colcon_core.package_identification:_identify(src/motor_test_pkg) by extensions ['ros']
[0.418s] Level 1:colcon.colcon_core.package_identification:_identify(src/motor_test_pkg) by extension 'ros'
[0.418s] DEBUG:colcon.colcon_core.package_identification:Package 'src/motor_test_pkg' with type 'ros.ament_cmake' and name 'motor_test_pkg'
[0.418s] Level 1:colcon.colcon_core.package_discovery:discover_packages(recursive) using defaults
[0.419s] Level 1:colcon.colcon_core.package_discovery:discover_packages(ignore) discover
[0.419s] Level 1:colcon.colcon_core.package_discovery:discover_packages(ignore) using defaults
[0.419s] Level 1:colcon.colcon_core.package_discovery:discover_packages(path) discover
[0.419s] Level 1:colcon.colcon_core.package_discovery:discover_packages(path) using defaults
[0.446s] Level 1:colcon.colcon_core.package_discovery:discover_packages(prefix_path) check parameters
[0.446s] Level 1:colcon.colcon_core.package_discovery:discover_packages(prefix_path) discover
[0.449s] DEBUG:colcon.colcon_installed_package_information.package_discovery:Found 3 installed packages in /home/niic/427/427/sb_new_tor/WK_ZY/install
[0.451s] DEBUG:colcon.colcon_installed_package_information.package_discovery:Found 299 installed packages in /opt/ros/humble
[0.473s] Level 1:colcon.colcon_core.package_discovery:discover_packages(prefix_path) using defaults
[0.530s] Level 5:colcon.colcon_core.verb:set package 'motor_interface' build argument 'cmake_args' from command line to 'None'
[0.530s] Level 5:colcon.colcon_core.verb:set package 'motor_interface' build argument 'cmake_target' from command line to 'None'
[0.530s] Level 5:colcon.colcon_core.verb:set package 'motor_interface' build argument 'cmake_target_skip_unavailable' from command line to 'False'
[0.530s] Level 5:colcon.colcon_core.verb:set package 'motor_interface' build argument 'cmake_clean_cache' from command line to 'False'
[0.530s] Level 5:colcon.colcon_core.verb:set package 'motor_interface' build argument 'cmake_clean_first' from command line to 'False'
[0.530s] Level 5:colcon.colcon_core.verb:set package 'motor_interface' build argument 'cmake_force_configure' from command line to 'False'
[0.530s] Level 5:colcon.colcon_core.verb:set package 'motor_interface' build argument 'ament_cmake_args' from command line to 'None'
[0.530s] Level 5:colcon.colcon_core.verb:set package 'motor_interface' build argument 'catkin_cmake_args' from command line to 'None'
[0.530s] Level 5:colcon.colcon_core.verb:set package 'motor_interface' build argument 'catkin_skip_building_tests' from command line to 'False'
[0.530s] DEBUG:colcon.colcon_core.verb:Building package 'motor_interface' with the following arguments: {'ament_cmake_args': None, 'build_base': '/home/niic/427/427/sb_new_tor/WK_ZY/build/motor_interface', 'catkin_cmake_args': None, 'catkin_skip_building_tests': False, 'cmake_args': None, 'cmake_clean_cache': False, 'cmake_clean_first': False, 'cmake_force_configure': False, 'cmake_target': None, 'cmake_target_skip_unavailable': False, 'install_base': '/home/niic/427/427/sb_new_tor/WK_ZY/install/motor_interface', 'merge_install': False, 'path': '/home/niic/427/427/sb_new_tor/WK_ZY/src/motor_interface', 'symlink_install': False, 'test_result_base': None}
[0.531s] Level 5:colcon.colcon_core.verb:set package 'motor_communication_pkg' build argument 'cmake_args' from command line to 'None'
[0.531s] Level 5:colcon.colcon_core.verb:set package 'motor_communication_pkg' build argument 'cmake_target' from command line to 'None'
[0.531s] Level 5:colcon.colcon_core.verb:set package 'motor_communication_pkg' build argument 'cmake_target_skip_unavailable' from command line to 'False'
[0.531s] Level 5:colcon.colcon_core.verb:set package 'motor_communication_pkg' build argument 'cmake_clean_cache' from command line to 'False'
[0.531s] Level 5:colcon.colcon_core.verb:set package 'motor_communication_pkg' build argument 'cmake_clean_first' from command line to 'False'
[0.531s] Level 5:colcon.colcon_core.verb:set package 'motor_communication_pkg' build argument 'cmake_force_configure' from command line to 'False'
[0.531s] Level 5:colcon.colcon_core.verb:set package 'motor_communication_pkg' build argument 'ament_cmake_args' from command line to 'None'
[0.531s] Level 5:colcon.colcon_core.verb:set package 'motor_communication_pkg' build argument 'catkin_cmake_args' from command line to 'None'
[0.531s] Level 5:colcon.colcon_core.verb:set package 'motor_communication_pkg' build argument 'catkin_skip_building_tests' from command line to 'False'
[0.531s] DEBUG:colcon.colcon_core.verb:Building package 'motor_communication_pkg' with the following arguments: {'ament_cmake_args': None, 'build_base': '/home/niic/427/427/sb_new_tor/WK_ZY/build/motor_communication_pkg', 'catkin_cmake_args': None, 'catkin_skip_building_tests': False, 'cmake_args': None, 'cmake_clean_cache': False, 'cmake_clean_first': False, 'cmake_force_configure': False, 'cmake_target': None, 'cmake_target_skip_unavailable': False, 'install_base': '/home/niic/427/427/sb_new_tor/WK_ZY/install/motor_communication_pkg', 'merge_install': False, 'path': '/home/niic/427/427/sb_new_tor/WK_ZY/src/motor_communication_pkg', 'symlink_install': False, 'test_result_base': None}
[0.532s] Level 5:colcon.colcon_core.verb:set package 'motor_test_pkg' build argument 'cmake_args' from command line to 'None'
[0.532s] Level 5:colcon.colcon_core.verb:set package 'motor_test_pkg' build argument 'cmake_target' from command line to 'None'
[0.532s] Level 5:colcon.colcon_core.verb:set package 'motor_test_pkg' build argument 'cmake_target_skip_unavailable' from command line to 'False'
[0.532s] Level 5:colcon.colcon_core.verb:set package 'motor_test_pkg' build argument 'cmake_clean_cache' from command line to 'False'
[0.532s] Level 5:colcon.colcon_core.verb:set package 'motor_test_pkg' build argument 'cmake_clean_first' from command line to 'False'
[0.532s] Level 5:colcon.colcon_core.verb:set package 'motor_test_pkg' build argument 'cmake_force_configure' from command line to 'False'
[0.532s] Level 5:colcon.colcon_core.verb:set package 'motor_test_pkg' build argument 'ament_cmake_args' from command line to 'None'
[0.532s] Level 5:colcon.colcon_core.verb:set package 'motor_test_pkg' build argument 'catkin_cmake_args' from command line to 'None'
[0.532s] Level 5:colcon.colcon_core.verb:set package 'motor_test_pkg' build argument 'catkin_skip_building_tests' from command line to 'False'
[0.532s] DEBUG:colcon.colcon_core.verb:Building package 'motor_test_pkg' with the following arguments: {'ament_cmake_args': None, 'build_base': '/home/niic/427/427/sb_new_tor/WK_ZY/build/motor_test_pkg', 'catkin_cmake_args': None, 'catkin_skip_building_tests': False, 'cmake_args': None, 'cmake_clean_cache': False, 'cmake_clean_first': False, 'cmake_force_configure': False, 'cmake_target': None, 'cmake_target_skip_unavailable': False, 'install_base': '/home/niic/427/427/sb_new_tor/WK_ZY/install/motor_test_pkg', 'merge_install': False, 'path': '/home/niic/427/427/sb_new_tor/WK_ZY/src/motor_test_pkg', 'symlink_install': False, 'test_result_base': None}
[0.532s] INFO:colcon.colcon_core.executor:Executing jobs using 'parallel' executor
[0.534s] DEBUG:colcon.colcon_parallel_executor.executor.parallel:run_until_complete
[0.534s] INFO:colcon.colcon_ros.task.ament_cmake.build:Building ROS package in '/home/niic/427/427/sb_new_tor/WK_ZY/src/motor_interface' with build type 'ament_cmake'
[0.535s] INFO:colcon.colcon_cmake.task.cmake.build:Building CMake package in '/home/niic/427/427/sb_new_tor/WK_ZY/src/motor_interface'
[0.537s] INFO:colcon.colcon_core.plugin_system:Skipping extension 'colcon_core.shell.bat': Not used on non-Windows systems
[0.538s] INFO:colcon.colcon_core.shell:Skip shell extension 'powershell' for command environment: Not usable outside of PowerShell
[0.538s] DEBUG:colcon.colcon_core.shell:Skip shell extension 'dsv' for command environment
[0.551s] DEBUG:colcon.colcon_core.event_handler.log_command:Invoking command in '/home/niic/427/427/sb_new_tor/WK_ZY/build/motor_interface': CMAKE_PREFIX_PATH=${CMAKE_PREFIX_PATH}:/opt/ros/humble /usr/bin/cmake --build /home/niic/427/427/sb_new_tor/WK_ZY/build/motor_interface -- -j9 -l9
[1.067s] DEBUG:colcon.colcon_core.event_handler.log_command:Invoked command in '/home/niic/427/427/sb_new_tor/WK_ZY/build/motor_interface' returned '0': CMAKE_PREFIX_PATH=${CMAKE_PREFIX_PATH}:/opt/ros/humble /usr/bin/cmake --build /home/niic/427/427/sb_new_tor/WK_ZY/build/motor_interface -- -j9 -l9
[1.082s] DEBUG:colcon.colcon_core.event_handler.log_command:Invoking command in '/home/niic/427/427/sb_new_tor/WK_ZY/build/motor_interface': CMAKE_PREFIX_PATH=${CMAKE_PREFIX_PATH}:/opt/ros/humble /usr/bin/cmake --install /home/niic/427/427/sb_new_tor/WK_ZY/build/motor_interface
[1.158s] Level 1:colcon.colcon_core.environment:create_environment_scripts_only(motor_interface)
[1.158s] DEBUG:colcon.colcon_core.event_handler.log_command:Invoked command in '/home/niic/427/427/sb_new_tor/WK_ZY/build/motor_interface' returned '0': CMAKE_PREFIX_PATH=${CMAKE_PREFIX_PATH}:/opt/ros/humble /usr/bin/cmake --install /home/niic/427/427/sb_new_tor/WK_ZY/build/motor_interface
[1.162s] Level 1:colcon.colcon_core.environment:checking '/home/niic/427/427/sb_new_tor/WK_ZY/install/motor_interface' for CMake module files
[1.162s] Level 1:colcon.colcon_core.environment:checking '/home/niic/427/427/sb_new_tor/WK_ZY/install/motor_interface' for CMake config files
[1.163s] Level 1:colcon.colcon_core.shell:create_environment_hook('motor_interface', 'cmake_prefix_path')
[1.164s] INFO:colcon.colcon_core.shell:Creating environment hook '/home/niic/427/427/sb_new_tor/WK_ZY/install/motor_interface/share/motor_interface/hook/cmake_prefix_path.ps1'
[1.165s] INFO:colcon.colcon_core.shell:Creating environment descriptor '/home/niic/427/427/sb_new_tor/WK_ZY/install/motor_interface/share/motor_interface/hook/cmake_prefix_path.dsv'
[1.165s] INFO:colcon.colcon_core.shell:Creating environment hook '/home/niic/427/427/sb_new_tor/WK_ZY/install/motor_interface/share/motor_interface/hook/cmake_prefix_path.sh'
[1.167s] Level 1:colcon.colcon_core.environment:checking '/home/niic/427/427/sb_new_tor/WK_ZY/install/motor_interface/lib'
[1.167s] Level 1:colcon.colcon_core.shell:create_environment_hook('motor_interface', 'ld_library_path_lib')
[1.167s] INFO:colcon.colcon_core.shell:Creating environment hook '/home/niic/427/427/sb_new_tor/WK_ZY/install/motor_interface/share/motor_interface/hook/ld_library_path_lib.ps1'
[1.168s] INFO:colcon.colcon_core.shell:Creating environment descriptor '/home/niic/427/427/sb_new_tor/WK_ZY/install/motor_interface/share/motor_interface/hook/ld_library_path_lib.dsv'
[1.169s] INFO:colcon.colcon_core.shell:Creating environment hook '/home/niic/427/427/sb_new_tor/WK_ZY/install/motor_interface/share/motor_interface/hook/ld_library_path_lib.sh'
[1.169s] Level 1:colcon.colcon_core.environment:checking '/home/niic/427/427/sb_new_tor/WK_ZY/install/motor_interface/bin'
[1.169s] Level 1:colcon.colcon_core.environment:checking '/home/niic/427/427/sb_new_tor/WK_ZY/install/motor_interface/lib/pkgconfig/motor_interface.pc'
[1.170s] Level 1:colcon.colcon_core.environment:checking '/home/niic/427/427/sb_new_tor/WK_ZY/install/motor_interface/lib/python3.10/site-packages'
[1.170s] Level 1:colcon.colcon_core.environment:checking '/home/niic/427/427/sb_new_tor/WK_ZY/install/motor_interface/bin'
[1.170s] INFO:colcon.colcon_core.shell:Creating package script '/home/niic/427/427/sb_new_tor/WK_ZY/install/motor_interface/share/motor_interface/package.ps1'
[1.172s] INFO:colcon.colcon_core.shell:Creating package descriptor '/home/niic/427/427/sb_new_tor/WK_ZY/install/motor_interface/share/motor_interface/package.dsv'
[1.172s] INFO:colcon.colcon_core.shell:Creating package script '/home/niic/427/427/sb_new_tor/WK_ZY/install/motor_interface/share/motor_interface/package.sh'
[1.173s] INFO:colcon.colcon_core.shell:Creating package script '/home/niic/427/427/sb_new_tor/WK_ZY/install/motor_interface/share/motor_interface/package.bash'
[1.174s] INFO:colcon.colcon_core.shell:Creating package script '/home/niic/427/427/sb_new_tor/WK_ZY/install/motor_interface/share/motor_interface/package.zsh'
[1.176s] Level 1:colcon.colcon_core.environment:create_file_with_runtime_dependencies(/home/niic/427/427/sb_new_tor/WK_ZY/install/motor_interface/share/colcon-core/packages/motor_interface)
[1.177s] Level 1:colcon.colcon_core.environment:create_environment_scripts_only(motor_interface)
[1.177s] Level 1:colcon.colcon_core.environment:checking '/home/niic/427/427/sb_new_tor/WK_ZY/install/motor_interface' for CMake module files
[1.178s] Level 1:colcon.colcon_core.environment:checking '/home/niic/427/427/sb_new_tor/WK_ZY/install/motor_interface' for CMake config files
[1.179s] Level 1:colcon.colcon_core.shell:create_environment_hook('motor_interface', 'cmake_prefix_path')
[1.179s] INFO:colcon.colcon_core.shell:Creating environment hook '/home/niic/427/427/sb_new_tor/WK_ZY/install/motor_interface/share/motor_interface/hook/cmake_prefix_path.ps1'
[1.180s] INFO:colcon.colcon_core.shell:Creating environment descriptor '/home/niic/427/427/sb_new_tor/WK_ZY/install/motor_interface/share/motor_interface/hook/cmake_prefix_path.dsv'
[1.180s] INFO:colcon.colcon_core.shell:Creating environment hook '/home/niic/427/427/sb_new_tor/WK_ZY/install/motor_interface/share/motor_interface/hook/cmake_prefix_path.sh'
[1.181s] Level 1:colcon.colcon_core.environment:checking '/home/niic/427/427/sb_new_tor/WK_ZY/install/motor_interface/lib'
[1.181s] Level 1:colcon.colcon_core.shell:create_environment_hook('motor_interface', 'ld_library_path_lib')
[1.181s] INFO:colcon.colcon_core.shell:Creating environment hook '/home/niic/427/427/sb_new_tor/WK_ZY/install/motor_interface/share/motor_interface/hook/ld_library_path_lib.ps1'
[1.182s] INFO:colcon.colcon_core.shell:Creating environment descriptor '/home/niic/427/427/sb_new_tor/WK_ZY/install/motor_interface/share/motor_interface/hook/ld_library_path_lib.dsv'
[1.182s] INFO:colcon.colcon_core.shell:Creating environment hook '/home/niic/427/427/sb_new_tor/WK_ZY/install/motor_interface/share/motor_interface/hook/ld_library_path_lib.sh'
[1.183s] Level 1:colcon.colcon_core.environment:checking '/home/niic/427/427/sb_new_tor/WK_ZY/install/motor_interface/bin'
[1.183s] Level 1:colcon.colcon_core.environment:checking '/home/niic/427/427/sb_new_tor/WK_ZY/install/motor_interface/lib/pkgconfig/motor_interface.pc'
[1.183s] Level 1:colcon.colcon_core.environment:checking '/home/niic/427/427/sb_new_tor/WK_ZY/install/motor_interface/lib/python3.10/site-packages'
[1.184s] Level 1:colcon.colcon_core.environment:checking '/home/niic/427/427/sb_new_tor/WK_ZY/install/motor_interface/bin'
[1.184s] INFO:colcon.colcon_core.shell:Creating package script '/home/niic/427/427/sb_new_tor/WK_ZY/install/motor_interface/share/motor_interface/package.ps1'
[1.185s] INFO:colcon.colcon_core.shell:Creating package descriptor '/home/niic/427/427/sb_new_tor/WK_ZY/install/motor_interface/share/motor_interface/package.dsv'
[1.186s] INFO:colcon.colcon_core.shell:Creating package script '/home/niic/427/427/sb_new_tor/WK_ZY/install/motor_interface/share/motor_interface/package.sh'
[1.186s] INFO:colcon.colcon_core.shell:Creating package script '/home/niic/427/427/sb_new_tor/WK_ZY/install/motor_interface/share/motor_interface/package.bash'
[1.187s] INFO:colcon.colcon_core.shell:Creating package script '/home/niic/427/427/sb_new_tor/WK_ZY/install/motor_interface/share/motor_interface/package.zsh'
[1.188s] Level 1:colcon.colcon_core.environment:create_file_with_runtime_dependencies(/home/niic/427/427/sb_new_tor/WK_ZY/install/motor_interface/share/colcon-core/packages/motor_interface)
[1.188s] INFO:colcon.colcon_ros.task.ament_cmake.build:Building ROS package in '/home/niic/427/427/sb_new_tor/WK_ZY/src/motor_communication_pkg' with build type 'ament_cmake'
[1.188s] INFO:colcon.colcon_cmake.task.cmake.build:Building CMake package in '/home/niic/427/427/sb_new_tor/WK_ZY/src/motor_communication_pkg'
[1.189s] INFO:colcon.colcon_core.shell:Skip shell extension 'powershell' for command environment: Not usable outside of PowerShell
[1.189s] DEBUG:colcon.colcon_core.shell:Skip shell extension 'dsv' for command environment
[1.194s] INFO:colcon.colcon_ros.task.ament_cmake.build:Building ROS package in '/home/niic/427/427/sb_new_tor/WK_ZY/src/motor_test_pkg' with build type 'ament_cmake'
[1.194s] INFO:colcon.colcon_cmake.task.cmake.build:Building CMake package in '/home/niic/427/427/sb_new_tor/WK_ZY/src/motor_test_pkg'
[1.194s] INFO:colcon.colcon_core.shell:Skip shell extension 'powershell' for command environment: Not usable outside of PowerShell
[1.195s] DEBUG:colcon.colcon_core.shell:Skip shell extension 'dsv' for command environment
[1.204s] DEBUG:colcon.colcon_core.event_handler.log_command:Invoking command in '/home/niic/427/427/sb_new_tor/WK_ZY/build/motor_communication_pkg': CMAKE_PREFIX_PATH=/home/niic/427/427/sb_new_tor/WK_ZY/install/motor_interface:/home/niic/427/427/sb_new_tor/WK_ZY/install/motor_test_pkg:/home/niic/427/427/sb_new_tor/WK_ZY/install/motor_communication_pkg:/opt/ros/humble /usr/bin/cmake --build /home/niic/427/427/sb_new_tor/WK_ZY/build/motor_communication_pkg -- -j9 -l9
[1.208s] DEBUG:colcon.colcon_core.event_handler.log_command:Invoking command in '/home/niic/427/427/sb_new_tor/WK_ZY/build/motor_test_pkg': CMAKE_PREFIX_PATH=/home/niic/427/427/sb_new_tor/WK_ZY/install/motor_interface:/home/niic/427/427/sb_new_tor/WK_ZY/install/motor_test_pkg:/home/niic/427/427/sb_new_tor/WK_ZY/install/motor_communication_pkg:/opt/ros/humble /usr/bin/cmake --build /home/niic/427/427/sb_new_tor/WK_ZY/build/motor_test_pkg -- -j9 -l9
[1.294s] DEBUG:colcon.colcon_core.event_handler.log_command:Invoked command in '/home/niic/427/427/sb_new_tor/WK_ZY/build/motor_test_pkg' returned '0': CMAKE_PREFIX_PATH=/home/niic/427/427/sb_new_tor/WK_ZY/install/motor_interface:/home/niic/427/427/sb_new_tor/WK_ZY/install/motor_test_pkg:/home/niic/427/427/sb_new_tor/WK_ZY/install/motor_communication_pkg:/opt/ros/humble /usr/bin/cmake --build /home/niic/427/427/sb_new_tor/WK_ZY/build/motor_test_pkg -- -j9 -l9
[1.296s] DEBUG:colcon.colcon_core.event_handler.log_command:Invoking command in '/home/niic/427/427/sb_new_tor/WK_ZY/build/motor_test_pkg': CMAKE_PREFIX_PATH=/home/niic/427/427/sb_new_tor/WK_ZY/install/motor_interface:/home/niic/427/427/sb_new_tor/WK_ZY/install/motor_test_pkg:/home/niic/427/427/sb_new_tor/WK_ZY/install/motor_communication_pkg:/opt/ros/humble /usr/bin/cmake --install /home/niic/427/427/sb_new_tor/WK_ZY/build/motor_test_pkg
[1.310s] Level 1:colcon.colcon_core.environment:create_environment_scripts_only(motor_test_pkg)
[1.311s] Level 1:colcon.colcon_core.environment:checking '/home/niic/427/427/sb_new_tor/WK_ZY/install/motor_test_pkg' for CMake module files
[1.312s] DEBUG:colcon.colcon_core.event_handler.log_command:Invoked command in '/home/niic/427/427/sb_new_tor/WK_ZY/build/motor_test_pkg' returned '0': CMAKE_PREFIX_PATH=/home/niic/427/427/sb_new_tor/WK_ZY/install/motor_interface:/home/niic/427/427/sb_new_tor/WK_ZY/install/motor_test_pkg:/home/niic/427/427/sb_new_tor/WK_ZY/install/motor_communication_pkg:/opt/ros/humble /usr/bin/cmake --install /home/niic/427/427/sb_new_tor/WK_ZY/build/motor_test_pkg
[1.312s] Level 1:colcon.colcon_core.environment:checking '/home/niic/427/427/sb_new_tor/WK_ZY/install/motor_test_pkg' for CMake config files
[1.313s] Level 1:colcon.colcon_core.shell:create_environment_hook('motor_test_pkg', 'cmake_prefix_path')
[1.313s] INFO:colcon.colcon_core.shell:Creating environment hook '/home/niic/427/427/sb_new_tor/WK_ZY/install/motor_test_pkg/share/motor_test_pkg/hook/cmake_prefix_path.ps1'
[1.314s] INFO:colcon.colcon_core.shell:Creating environment descriptor '/home/niic/427/427/sb_new_tor/WK_ZY/install/motor_test_pkg/share/motor_test_pkg/hook/cmake_prefix_path.dsv'
[1.314s] INFO:colcon.colcon_core.shell:Creating environment hook '/home/niic/427/427/sb_new_tor/WK_ZY/install/motor_test_pkg/share/motor_test_pkg/hook/cmake_prefix_path.sh'
[1.315s] Level 1:colcon.colcon_core.environment:checking '/home/niic/427/427/sb_new_tor/WK_ZY/install/motor_test_pkg/lib'
[1.315s] Level 1:colcon.colcon_core.environment:checking '/home/niic/427/427/sb_new_tor/WK_ZY/install/motor_test_pkg/bin'
[1.316s] Level 1:colcon.colcon_core.environment:checking '/home/niic/427/427/sb_new_tor/WK_ZY/install/motor_test_pkg/lib/pkgconfig/motor_test_pkg.pc'
[1.316s] Level 1:colcon.colcon_core.environment:checking '/home/niic/427/427/sb_new_tor/WK_ZY/install/motor_test_pkg/lib/python3.10/site-packages'
[1.316s] Level 1:colcon.colcon_core.environment:checking '/home/niic/427/427/sb_new_tor/WK_ZY/install/motor_test_pkg/bin'
[1.317s] INFO:colcon.colcon_core.shell:Creating package script '/home/niic/427/427/sb_new_tor/WK_ZY/install/motor_test_pkg/share/motor_test_pkg/package.ps1'
[1.317s] INFO:colcon.colcon_core.shell:Creating package descriptor '/home/niic/427/427/sb_new_tor/WK_ZY/install/motor_test_pkg/share/motor_test_pkg/package.dsv'
[1.318s] INFO:colcon.colcon_core.shell:Creating package script '/home/niic/427/427/sb_new_tor/WK_ZY/install/motor_test_pkg/share/motor_test_pkg/package.sh'
[1.319s] INFO:colcon.colcon_core.shell:Creating package script '/home/niic/427/427/sb_new_tor/WK_ZY/install/motor_test_pkg/share/motor_test_pkg/package.bash'
[1.319s] INFO:colcon.colcon_core.shell:Creating package script '/home/niic/427/427/sb_new_tor/WK_ZY/install/motor_test_pkg/share/motor_test_pkg/package.zsh'
[1.320s] Level 1:colcon.colcon_core.environment:create_file_with_runtime_dependencies(/home/niic/427/427/sb_new_tor/WK_ZY/install/motor_test_pkg/share/colcon-core/packages/motor_test_pkg)
[1.321s] Level 1:colcon.colcon_core.environment:create_environment_scripts_only(motor_test_pkg)
[1.321s] Level 1:colcon.colcon_core.environment:checking '/home/niic/427/427/sb_new_tor/WK_ZY/install/motor_test_pkg' for CMake module files
[1.322s] Level 1:colcon.colcon_core.environment:checking '/home/niic/427/427/sb_new_tor/WK_ZY/install/motor_test_pkg' for CMake config files
[1.322s] Level 1:colcon.colcon_core.shell:create_environment_hook('motor_test_pkg', 'cmake_prefix_path')
[1.322s] INFO:colcon.colcon_core.shell:Creating environment hook '/home/niic/427/427/sb_new_tor/WK_ZY/install/motor_test_pkg/share/motor_test_pkg/hook/cmake_prefix_path.ps1'
[1.323s] INFO:colcon.colcon_core.shell:Creating environment descriptor '/home/niic/427/427/sb_new_tor/WK_ZY/install/motor_test_pkg/share/motor_test_pkg/hook/cmake_prefix_path.dsv'
[1.323s] INFO:colcon.colcon_core.shell:Creating environment hook '/home/niic/427/427/sb_new_tor/WK_ZY/install/motor_test_pkg/share/motor_test_pkg/hook/cmake_prefix_path.sh'
[1.324s] Level 1:colcon.colcon_core.environment:checking '/home/niic/427/427/sb_new_tor/WK_ZY/install/motor_test_pkg/lib'
[1.324s] Level 1:colcon.colcon_core.environment:checking '/home/niic/427/427/sb_new_tor/WK_ZY/install/motor_test_pkg/bin'
[1.324s] Level 1:colcon.colcon_core.environment:checking '/home/niic/427/427/sb_new_tor/WK_ZY/install/motor_test_pkg/lib/pkgconfig/motor_test_pkg.pc'
[1.325s] Level 1:colcon.colcon_core.environment:checking '/home/niic/427/427/sb_new_tor/WK_ZY/install/motor_test_pkg/lib/python3.10/site-packages'
[1.325s] Level 1:colcon.colcon_core.environment:checking '/home/niic/427/427/sb_new_tor/WK_ZY/install/motor_test_pkg/bin'
[1.326s] INFO:colcon.colcon_core.shell:Creating package script '/home/niic/427/427/sb_new_tor/WK_ZY/install/motor_test_pkg/share/motor_test_pkg/package.ps1'
[1.326s] INFO:colcon.colcon_core.shell:Creating package descriptor '/home/niic/427/427/sb_new_tor/WK_ZY/install/motor_test_pkg/share/motor_test_pkg/package.dsv'
[1.327s] INFO:colcon.colcon_core.shell:Creating package script '/home/niic/427/427/sb_new_tor/WK_ZY/install/motor_test_pkg/share/motor_test_pkg/package.sh'
[1.328s] INFO:colcon.colcon_core.shell:Creating package script '/home/niic/427/427/sb_new_tor/WK_ZY/install/motor_test_pkg/share/motor_test_pkg/package.bash'
[1.328s] INFO:colcon.colcon_core.shell:Creating package script '/home/niic/427/427/sb_new_tor/WK_ZY/install/motor_test_pkg/share/motor_test_pkg/package.zsh'
[1.329s] Level 1:colcon.colcon_core.environment:create_file_with_runtime_dependencies(/home/niic/427/427/sb_new_tor/WK_ZY/install/motor_test_pkg/share/colcon-core/packages/motor_test_pkg)
[3.005s] DEBUG:colcon.colcon_core.event_handler.log_command:Invoked command in '/home/niic/427/427/sb_new_tor/WK_ZY/build/motor_communication_pkg' returned '0': CMAKE_PREFIX_PATH=/home/niic/427/427/sb_new_tor/WK_ZY/install/motor_interface:/home/niic/427/427/sb_new_tor/WK_ZY/install/motor_test_pkg:/home/niic/427/427/sb_new_tor/WK_ZY/install/motor_communication_pkg:/opt/ros/humble /usr/bin/cmake --build /home/niic/427/427/sb_new_tor/WK_ZY/build/motor_communication_pkg -- -j9 -l9
[3.007s] DEBUG:colcon.colcon_core.event_handler.log_command:Invoking command in '/home/niic/427/427/sb_new_tor/WK_ZY/build/motor_communication_pkg': CMAKE_PREFIX_PATH=/home/niic/427/427/sb_new_tor/WK_ZY/install/motor_interface:/home/niic/427/427/sb_new_tor/WK_ZY/install/motor_test_pkg:/home/niic/427/427/sb_new_tor/WK_ZY/install/motor_communication_pkg:/opt/ros/humble /usr/bin/cmake --install /home/niic/427/427/sb_new_tor/WK_ZY/build/motor_communication_pkg
[3.030s] Level 1:colcon.colcon_core.environment:create_environment_scripts_only(motor_communication_pkg)
[3.030s] Level 1:colcon.colcon_core.environment:checking '/home/niic/427/427/sb_new_tor/WK_ZY/install/motor_communication_pkg' for CMake module files
[3.031s] DEBUG:colcon.colcon_core.event_handler.log_command:Invoked command in '/home/niic/427/427/sb_new_tor/WK_ZY/build/motor_communication_pkg' returned '0': CMAKE_PREFIX_PATH=/home/niic/427/427/sb_new_tor/WK_ZY/install/motor_interface:/home/niic/427/427/sb_new_tor/WK_ZY/install/motor_test_pkg:/home/niic/427/427/sb_new_tor/WK_ZY/install/motor_communication_pkg:/opt/ros/humble /usr/bin/cmake --install /home/niic/427/427/sb_new_tor/WK_ZY/build/motor_communication_pkg
[3.032s] Level 1:colcon.colcon_core.environment:checking '/home/niic/427/427/sb_new_tor/WK_ZY/install/motor_communication_pkg' for CMake config files
[3.032s] Level 1:colcon.colcon_core.shell:create_environment_hook('motor_communication_pkg', 'cmake_prefix_path')
[3.032s] INFO:colcon.colcon_core.shell:Creating environment hook '/home/niic/427/427/sb_new_tor/WK_ZY/install/motor_communication_pkg/share/motor_communication_pkg/hook/cmake_prefix_path.ps1'
[3.033s] INFO:colcon.colcon_core.shell:Creating environment descriptor '/home/niic/427/427/sb_new_tor/WK_ZY/install/motor_communication_pkg/share/motor_communication_pkg/hook/cmake_prefix_path.dsv'
[3.034s] INFO:colcon.colcon_core.shell:Creating environment hook '/home/niic/427/427/sb_new_tor/WK_ZY/install/motor_communication_pkg/share/motor_communication_pkg/hook/cmake_prefix_path.sh'
[3.034s] Level 1:colcon.colcon_core.environment:checking '/home/niic/427/427/sb_new_tor/WK_ZY/install/motor_communication_pkg/lib'
[3.035s] Level 1:colcon.colcon_core.environment:checking '/home/niic/427/427/sb_new_tor/WK_ZY/install/motor_communication_pkg/bin'
[3.035s] Level 1:colcon.colcon_core.environment:checking '/home/niic/427/427/sb_new_tor/WK_ZY/install/motor_communication_pkg/lib/pkgconfig/motor_communication_pkg.pc'
[3.035s] Level 1:colcon.colcon_core.environment:checking '/home/niic/427/427/sb_new_tor/WK_ZY/install/motor_communication_pkg/lib/python3.10/site-packages'
[3.035s] Level 1:colcon.colcon_core.environment:checking '/home/niic/427/427/sb_new_tor/WK_ZY/install/motor_communication_pkg/bin'
[3.036s] INFO:colcon.colcon_core.shell:Creating package script '/home/niic/427/427/sb_new_tor/WK_ZY/install/motor_communication_pkg/share/motor_communication_pkg/package.ps1'
[3.036s] INFO:colcon.colcon_core.shell:Creating package descriptor '/home/niic/427/427/sb_new_tor/WK_ZY/install/motor_communication_pkg/share/motor_communication_pkg/package.dsv'
[3.037s] INFO:colcon.colcon_core.shell:Creating package script '/home/niic/427/427/sb_new_tor/WK_ZY/install/motor_communication_pkg/share/motor_communication_pkg/package.sh'
[3.038s] INFO:colcon.colcon_core.shell:Creating package script '/home/niic/427/427/sb_new_tor/WK_ZY/install/motor_communication_pkg/share/motor_communication_pkg/package.bash'
[3.038s] INFO:colcon.colcon_core.shell:Creating package script '/home/niic/427/427/sb_new_tor/WK_ZY/install/motor_communication_pkg/share/motor_communication_pkg/package.zsh'
[3.039s] Level 1:colcon.colcon_core.environment:create_file_with_runtime_dependencies(/home/niic/427/427/sb_new_tor/WK_ZY/install/motor_communication_pkg/share/colcon-core/packages/motor_communication_pkg)
[3.040s] Level 1:colcon.colcon_core.environment:create_environment_scripts_only(motor_communication_pkg)
[3.040s] Level 1:colcon.colcon_core.environment:checking '/home/niic/427/427/sb_new_tor/WK_ZY/install/motor_communication_pkg' for CMake module files
[3.040s] Level 1:colcon.colcon_core.environment:checking '/home/niic/427/427/sb_new_tor/WK_ZY/install/motor_communication_pkg' for CMake config files
[3.041s] Level 1:colcon.colcon_core.shell:create_environment_hook('motor_communication_pkg', 'cmake_prefix_path')
[3.041s] INFO:colcon.colcon_core.shell:Creating environment hook '/home/niic/427/427/sb_new_tor/WK_ZY/install/motor_communication_pkg/share/motor_communication_pkg/hook/cmake_prefix_path.ps1'
[3.042s] INFO:colcon.colcon_core.shell:Creating environment descriptor '/home/niic/427/427/sb_new_tor/WK_ZY/install/motor_communication_pkg/share/motor_communication_pkg/hook/cmake_prefix_path.dsv'
[3.042s] INFO:colcon.colcon_core.shell:Creating environment hook '/home/niic/427/427/sb_new_tor/WK_ZY/install/motor_communication_pkg/share/motor_communication_pkg/hook/cmake_prefix_path.sh'
[3.043s] Level 1:colcon.colcon_core.environment:checking '/home/niic/427/427/sb_new_tor/WK_ZY/install/motor_communication_pkg/lib'
[3.043s] Level 1:colcon.colcon_core.environment:checking '/home/niic/427/427/sb_new_tor/WK_ZY/install/motor_communication_pkg/bin'
[3.043s] Level 1:colcon.colcon_core.environment:checking '/home/niic/427/427/sb_new_tor/WK_ZY/install/motor_communication_pkg/lib/pkgconfig/motor_communication_pkg.pc'
[3.044s] Level 1:colcon.colcon_core.environment:checking '/home/niic/427/427/sb_new_tor/WK_ZY/install/motor_communication_pkg/lib/python3.10/site-packages'
[3.044s] Level 1:colcon.colcon_core.environment:checking '/home/niic/427/427/sb_new_tor/WK_ZY/install/motor_communication_pkg/bin'
[3.044s] INFO:colcon.colcon_core.shell:Creating package script '/home/niic/427/427/sb_new_tor/WK_ZY/install/motor_communication_pkg/share/motor_communication_pkg/package.ps1'
[3.045s] INFO:colcon.colcon_core.shell:Creating package descriptor '/home/niic/427/427/sb_new_tor/WK_ZY/install/motor_communication_pkg/share/motor_communication_pkg/package.dsv'
[3.046s] INFO:colcon.colcon_core.shell:Creating package script '/home/niic/427/427/sb_new_tor/WK_ZY/install/motor_communication_pkg/share/motor_communication_pkg/package.sh'
[3.046s] INFO:colcon.colcon_core.shell:Creating package script '/home/niic/427/427/sb_new_tor/WK_ZY/install/motor_communication_pkg/share/motor_communication_pkg/package.bash'
[3.047s] INFO:colcon.colcon_core.shell:Creating package script '/home/niic/427/427/sb_new_tor/WK_ZY/install/motor_communication_pkg/share/motor_communication_pkg/package.zsh'
[3.048s] Level 1:colcon.colcon_core.environment:create_file_with_runtime_dependencies(/home/niic/427/427/sb_new_tor/WK_ZY/install/motor_communication_pkg/share/colcon-core/packages/motor_communication_pkg)
[3.048s] DEBUG:colcon.colcon_parallel_executor.executor.parallel:closing loop
[3.049s] DEBUG:colcon.colcon_parallel_executor.executor.parallel:loop closed
[3.049s] DEBUG:colcon.colcon_parallel_executor.executor.parallel:run_until_complete finished with '0'
[3.049s] DEBUG:colcon.colcon_core.event_reactor:joining thread
[3.057s] INFO:colcon.colcon_core.plugin_system:Skipping extension 'colcon_notification.desktop_notification.terminal_notifier': Not used on non-Darwin systems
[3.057s] INFO:colcon.colcon_core.plugin_system:Skipping extension 'colcon_notification.desktop_notification.win32': Not used on non-Windows systems
[3.057s] INFO:colcon.colcon_notification.desktop_notification:Sending desktop notification using 'notify2'
[3.227s] DEBUG:colcon.colcon_core.event_reactor:joined thread
[3.228s] INFO:colcon.colcon_core.shell:Creating prefix script '/home/niic/427/427/sb_new_tor/WK_ZY/install/local_setup.ps1'
[3.231s] INFO:colcon.colcon_core.shell:Creating prefix util module '/home/niic/427/427/sb_new_tor/WK_ZY/install/_local_setup_util_ps1.py'
[3.233s] INFO:colcon.colcon_core.shell:Creating prefix chain script '/home/niic/427/427/sb_new_tor/WK_ZY/install/setup.ps1'
[3.235s] INFO:colcon.colcon_core.shell:Creating prefix script '/home/niic/427/427/sb_new_tor/WK_ZY/install/local_setup.sh'
[3.236s] INFO:colcon.colcon_core.shell:Creating prefix util module '/home/niic/427/427/sb_new_tor/WK_ZY/install/_local_setup_util_sh.py'
[3.237s] INFO:colcon.colcon_core.shell:Creating prefix chain script '/home/niic/427/427/sb_new_tor/WK_ZY/install/setup.sh'
[3.239s] INFO:colcon.colcon_core.shell:Creating prefix script '/home/niic/427/427/sb_new_tor/WK_ZY/install/local_setup.bash'
[3.240s] INFO:colcon.colcon_core.shell:Creating prefix chain script '/home/niic/427/427/sb_new_tor/WK_ZY/install/setup.bash'
[3.241s] INFO:colcon.colcon_core.shell:Creating prefix script '/home/niic/427/427/sb_new_tor/WK_ZY/install/local_setup.zsh'
[3.242s] INFO:colcon.colcon_core.shell:Creating prefix chain script '/home/niic/427/427/sb_new_tor/WK_ZY/install/setup.zsh'
