[0.150s] DEBUG:colcon:Command line arguments: ['/usr/bin/colcon', 'build']
[0.150s] DEBUG:colcon:Parsed command line arguments: Namespace(log_base=None, log_level=None, verb_name='build', build_base='build', install_base='install', merge_install=False, symlink_install=False, test_result_base=None, continue_on_error=False, executor='parallel', parallel_workers=9, event_handlers=None, ignore_user_meta=False, metas=['./colcon.meta'], base_paths=['.'], packages_ignore=None, packages_ignore_regex=None, paths=None, packages_up_to=None, packages_up_to_regex=None, packages_above=None, packages_above_and_dependencies=None, packages_above_depth=None, packages_select_by_dep=None, packages_skip_by_dep=None, packages_skip_up_to=None, packages_select_build_failed=False, packages_skip_build_finished=False, packages_select_test_failures=False, packages_skip_test_passed=False, packages_select=None, packages_skip=None, packages_select_regex=None, packages_skip_regex=None, packages_start=None, packages_end=None, allow_overriding=[], cmake_args=None, cmake_target=None, cmake_target_skip_unavailable=False, cmake_clean_cache=False, cmake_clean_first=False, cmake_force_configure=False, ament_cmake_args=None, catkin_cmake_args=None, catkin_skip_building_tests=False, verb_parser=<colcon_defaults.argument_parser.defaults.DefaultArgumentsDecorator object at 0xffff9aa8cee0>, verb_extension=<colcon_core.verb.build.BuildVerb object at 0xffff9aa8c9d0>, main=<bound method BuildVerb.main of <colcon_core.verb.build.BuildVerb object at 0xffff9aa8c9d0>>)
[0.383s] Level 1:colcon.colcon_core.package_discovery:discover_packages(colcon_meta) check parameters
[0.384s] Level 1:colcon.colcon_core.package_discovery:discover_packages(recursive) check parameters
[0.384s] Level 1:colcon.colcon_core.package_discovery:discover_packages(ignore) check parameters
[0.384s] Level 1:colcon.colcon_core.package_discovery:discover_packages(path) check parameters
[0.384s] Level 1:colcon.colcon_core.package_discovery:discover_packages(colcon_meta) discover
[0.384s] Level 1:colcon.colcon_core.package_discovery:discover_packages(recursive) discover
[0.384s] INFO:colcon.colcon_core.package_discovery:Crawling recursively for packages in '/home/niic/427/427/sb_new_tor/WK_ZY'
[0.384s] Level 1:colcon.colcon_core.package_identification:_identify(.) by extensions ['ignore', 'ignore_ament_install']
[0.384s] Level 1:colcon.colcon_core.package_identification:_identify(.) by extension 'ignore'
[0.384s] Level 1:colcon.colcon_core.package_identification:_identify(.) by extension 'ignore_ament_install'
[0.384s] Level 1:colcon.colcon_core.package_identification:_identify(.) by extensions ['colcon_pkg']
[0.384s] Level 1:colcon.colcon_core.package_identification:_identify(.) by extension 'colcon_pkg'
[0.385s] Level 1:colcon.colcon_core.package_identification:_identify(.) by extensions ['colcon_meta']
[0.385s] Level 1:colcon.colcon_core.package_identification:_identify(.) by extension 'colcon_meta'
[0.385s] Level 1:colcon.colcon_core.package_identification:_identify(.) by extensions ['ros']
[0.385s] Level 1:colcon.colcon_core.package_identification:_identify(.) by extension 'ros'
[0.401s] Level 1:colcon.colcon_core.package_identification:_identify(.) by extensions ['cmake', 'python']
[0.401s] Level 1:colcon.colcon_core.package_identification:_identify(.) by extension 'cmake'
[0.401s] Level 1:colcon.colcon_core.package_identification:_identify(.) by extension 'python'
[0.401s] Level 1:colcon.colcon_core.package_identification:_identify(.) by extensions ['python_setup_py']
[0.401s] Level 1:colcon.colcon_core.package_identification:_identify(.) by extension 'python_setup_py'
[0.402s] Level 1:colcon.colcon_core.package_identification:_identify(build) by extensions ['ignore', 'ignore_ament_install']
[0.402s] Level 1:colcon.colcon_core.package_identification:_identify(build) by extension 'ignore'
[0.402s] Level 1:colcon.colcon_core.package_identification:_identify(build) ignored
[0.402s] Level 1:colcon.colcon_core.package_identification:_identify(install) by extensions ['ignore', 'ignore_ament_install']
[0.402s] Level 1:colcon.colcon_core.package_identification:_identify(install) by extension 'ignore'
[0.402s] Level 1:colcon.colcon_core.package_identification:_identify(install) ignored
[0.403s] Level 1:colcon.colcon_core.package_identification:_identify(log) by extensions ['ignore', 'ignore_ament_install']
[0.403s] Level 1:colcon.colcon_core.package_identification:_identify(log) by extension 'ignore'
[0.403s] Level 1:colcon.colcon_core.package_identification:_identify(log) ignored
[0.403s] Level 1:colcon.colcon_core.package_identification:_identify(src) by extensions ['ignore', 'ignore_ament_install']
[0.403s] Level 1:colcon.colcon_core.package_identification:_identify(src) by extension 'ignore'
[0.403s] Level 1:colcon.colcon_core.package_identification:_identify(src) by extension 'ignore_ament_install'
[0.403s] Level 1:colcon.colcon_core.package_identification:_identify(src) by extensions ['colcon_pkg']
[0.403s] Level 1:colcon.colcon_core.package_identification:_identify(src) by extension 'colcon_pkg'
[0.403s] Level 1:colcon.colcon_core.package_identification:_identify(src) by extensions ['colcon_meta']
[0.403s] Level 1:colcon.colcon_core.package_identification:_identify(src) by extension 'colcon_meta'
[0.403s] Level 1:colcon.colcon_core.package_identification:_identify(src) by extensions ['ros']
[0.403s] Level 1:colcon.colcon_core.package_identification:_identify(src) by extension 'ros'
[0.404s] Level 1:colcon.colcon_core.package_identification:_identify(src) by extensions ['cmake', 'python']
[0.404s] Level 1:colcon.colcon_core.package_identification:_identify(src) by extension 'cmake'
[0.404s] Level 1:colcon.colcon_core.package_identification:_identify(src) by extension 'python'
[0.404s] Level 1:colcon.colcon_core.package_identification:_identify(src) by extensions ['python_setup_py']
[0.404s] Level 1:colcon.colcon_core.package_identification:_identify(src) by extension 'python_setup_py'
[0.404s] Level 1:colcon.colcon_core.package_identification:_identify(src/motor_communication_pkg) by extensions ['ignore', 'ignore_ament_install']
[0.404s] Level 1:colcon.colcon_core.package_identification:_identify(src/motor_communication_pkg) by extension 'ignore'
[0.404s] Level 1:colcon.colcon_core.package_identification:_identify(src/motor_communication_pkg) by extension 'ignore_ament_install'
[0.404s] Level 1:colcon.colcon_core.package_identification:_identify(src/motor_communication_pkg) by extensions ['colcon_pkg']
[0.404s] Level 1:colcon.colcon_core.package_identification:_identify(src/motor_communication_pkg) by extension 'colcon_pkg'
[0.404s] Level 1:colcon.colcon_core.package_identification:_identify(src/motor_communication_pkg) by extensions ['colcon_meta']
[0.404s] Level 1:colcon.colcon_core.package_identification:_identify(src/motor_communication_pkg) by extension 'colcon_meta'
[0.405s] Level 1:colcon.colcon_core.package_identification:_identify(src/motor_communication_pkg) by extensions ['ros']
[0.405s] Level 1:colcon.colcon_core.package_identification:_identify(src/motor_communication_pkg) by extension 'ros'
[0.408s] DEBUG:colcon.colcon_core.package_identification:Package 'src/motor_communication_pkg' with type 'ros.ament_cmake' and name 'motor_communication_pkg'
[0.408s] Level 1:colcon.colcon_core.package_identification:_identify(src/motor_interface) by extensions ['ignore', 'ignore_ament_install']
[0.408s] Level 1:colcon.colcon_core.package_identification:_identify(src/motor_interface) by extension 'ignore'
[0.408s] Level 1:colcon.colcon_core.package_identification:_identify(src/motor_interface) by extension 'ignore_ament_install'
[0.409s] Level 1:colcon.colcon_core.package_identification:_identify(src/motor_interface) by extensions ['colcon_pkg']
[0.409s] Level 1:colcon.colcon_core.package_identification:_identify(src/motor_interface) by extension 'colcon_pkg'
[0.409s] Level 1:colcon.colcon_core.package_identification:_identify(src/motor_interface) by extensions ['colcon_meta']
[0.409s] Level 1:colcon.colcon_core.package_identification:_identify(src/motor_interface) by extension 'colcon_meta'
[0.409s] Level 1:colcon.colcon_core.package_identification:_identify(src/motor_interface) by extensions ['ros']
[0.409s] Level 1:colcon.colcon_core.package_identification:_identify(src/motor_interface) by extension 'ros'
[0.410s] DEBUG:colcon.colcon_core.package_identification:Package 'src/motor_interface' with type 'ros.ament_cmake' and name 'motor_interface'
[0.410s] Level 1:colcon.colcon_core.package_identification:_identify(src/motor_test_pkg) by extensions ['ignore', 'ignore_ament_install']
[0.410s] Level 1:colcon.colcon_core.package_identification:_identify(src/motor_test_pkg) by extension 'ignore'
[0.410s] Level 1:colcon.colcon_core.package_identification:_identify(src/motor_test_pkg) by extension 'ignore_ament_install'
[0.411s] Level 1:colcon.colcon_core.package_identification:_identify(src/motor_test_pkg) by extensions ['colcon_pkg']
[0.411s] Level 1:colcon.colcon_core.package_identification:_identify(src/motor_test_pkg) by extension 'colcon_pkg'
[0.411s] Level 1:colcon.colcon_core.package_identification:_identify(src/motor_test_pkg) by extensions ['colcon_meta']
[0.411s] Level 1:colcon.colcon_core.package_identification:_identify(src/motor_test_pkg) by extension 'colcon_meta'
[0.411s] Level 1:colcon.colcon_core.package_identification:_identify(src/motor_test_pkg) by extensions ['ros']
[0.411s] Level 1:colcon.colcon_core.package_identification:_identify(src/motor_test_pkg) by extension 'ros'
[0.412s] DEBUG:colcon.colcon_core.package_identification:Package 'src/motor_test_pkg' with type 'ros.ament_cmake' and name 'motor_test_pkg'
[0.412s] Level 1:colcon.colcon_core.package_discovery:discover_packages(recursive) using defaults
[0.412s] Level 1:colcon.colcon_core.package_discovery:discover_packages(ignore) discover
[0.412s] Level 1:colcon.colcon_core.package_discovery:discover_packages(ignore) using defaults
[0.412s] Level 1:colcon.colcon_core.package_discovery:discover_packages(path) discover
[0.412s] Level 1:colcon.colcon_core.package_discovery:discover_packages(path) using defaults
[0.438s] Level 1:colcon.colcon_core.package_discovery:discover_packages(prefix_path) check parameters
[0.439s] Level 1:colcon.colcon_core.package_discovery:discover_packages(prefix_path) discover
[0.442s] DEBUG:colcon.colcon_installed_package_information.package_discovery:Found 299 installed packages in /opt/ros/humble
[0.464s] Level 1:colcon.colcon_core.package_discovery:discover_packages(prefix_path) using defaults
[0.520s] Level 5:colcon.colcon_core.verb:set package 'motor_interface' build argument 'cmake_args' from command line to 'None'
[0.521s] Level 5:colcon.colcon_core.verb:set package 'motor_interface' build argument 'cmake_target' from command line to 'None'
[0.521s] Level 5:colcon.colcon_core.verb:set package 'motor_interface' build argument 'cmake_target_skip_unavailable' from command line to 'False'
[0.521s] Level 5:colcon.colcon_core.verb:set package 'motor_interface' build argument 'cmake_clean_cache' from command line to 'False'
[0.521s] Level 5:colcon.colcon_core.verb:set package 'motor_interface' build argument 'cmake_clean_first' from command line to 'False'
[0.521s] Level 5:colcon.colcon_core.verb:set package 'motor_interface' build argument 'cmake_force_configure' from command line to 'False'
[0.521s] Level 5:colcon.colcon_core.verb:set package 'motor_interface' build argument 'ament_cmake_args' from command line to 'None'
[0.521s] Level 5:colcon.colcon_core.verb:set package 'motor_interface' build argument 'catkin_cmake_args' from command line to 'None'
[0.521s] Level 5:colcon.colcon_core.verb:set package 'motor_interface' build argument 'catkin_skip_building_tests' from command line to 'False'
[0.521s] DEBUG:colcon.colcon_core.verb:Building package 'motor_interface' with the following arguments: {'ament_cmake_args': None, 'build_base': '/home/niic/427/427/sb_new_tor/WK_ZY/build/motor_interface', 'catkin_cmake_args': None, 'catkin_skip_building_tests': False, 'cmake_args': None, 'cmake_clean_cache': False, 'cmake_clean_first': False, 'cmake_force_configure': False, 'cmake_target': None, 'cmake_target_skip_unavailable': False, 'install_base': '/home/niic/427/427/sb_new_tor/WK_ZY/install/motor_interface', 'merge_install': False, 'path': '/home/niic/427/427/sb_new_tor/WK_ZY/src/motor_interface', 'symlink_install': False, 'test_result_base': None}
[0.521s] Level 5:colcon.colcon_core.verb:set package 'motor_communication_pkg' build argument 'cmake_args' from command line to 'None'
[0.521s] Level 5:colcon.colcon_core.verb:set package 'motor_communication_pkg' build argument 'cmake_target' from command line to 'None'
[0.522s] Level 5:colcon.colcon_core.verb:set package 'motor_communication_pkg' build argument 'cmake_target_skip_unavailable' from command line to 'False'
[0.522s] Level 5:colcon.colcon_core.verb:set package 'motor_communication_pkg' build argument 'cmake_clean_cache' from command line to 'False'
[0.522s] Level 5:colcon.colcon_core.verb:set package 'motor_communication_pkg' build argument 'cmake_clean_first' from command line to 'False'
[0.522s] Level 5:colcon.colcon_core.verb:set package 'motor_communication_pkg' build argument 'cmake_force_configure' from command line to 'False'
[0.522s] Level 5:colcon.colcon_core.verb:set package 'motor_communication_pkg' build argument 'ament_cmake_args' from command line to 'None'
[0.522s] Level 5:colcon.colcon_core.verb:set package 'motor_communication_pkg' build argument 'catkin_cmake_args' from command line to 'None'
[0.522s] Level 5:colcon.colcon_core.verb:set package 'motor_communication_pkg' build argument 'catkin_skip_building_tests' from command line to 'False'
[0.522s] DEBUG:colcon.colcon_core.verb:Building package 'motor_communication_pkg' with the following arguments: {'ament_cmake_args': None, 'build_base': '/home/niic/427/427/sb_new_tor/WK_ZY/build/motor_communication_pkg', 'catkin_cmake_args': None, 'catkin_skip_building_tests': False, 'cmake_args': None, 'cmake_clean_cache': False, 'cmake_clean_first': False, 'cmake_force_configure': False, 'cmake_target': None, 'cmake_target_skip_unavailable': False, 'install_base': '/home/niic/427/427/sb_new_tor/WK_ZY/install/motor_communication_pkg', 'merge_install': False, 'path': '/home/niic/427/427/sb_new_tor/WK_ZY/src/motor_communication_pkg', 'symlink_install': False, 'test_result_base': None}
[0.522s] Level 5:colcon.colcon_core.verb:set package 'motor_test_pkg' build argument 'cmake_args' from command line to 'None'
[0.522s] Level 5:colcon.colcon_core.verb:set package 'motor_test_pkg' build argument 'cmake_target' from command line to 'None'
[0.522s] Level 5:colcon.colcon_core.verb:set package 'motor_test_pkg' build argument 'cmake_target_skip_unavailable' from command line to 'False'
[0.522s] Level 5:colcon.colcon_core.verb:set package 'motor_test_pkg' build argument 'cmake_clean_cache' from command line to 'False'
[0.522s] Level 5:colcon.colcon_core.verb:set package 'motor_test_pkg' build argument 'cmake_clean_first' from command line to 'False'
[0.522s] Level 5:colcon.colcon_core.verb:set package 'motor_test_pkg' build argument 'cmake_force_configure' from command line to 'False'
[0.522s] Level 5:colcon.colcon_core.verb:set package 'motor_test_pkg' build argument 'ament_cmake_args' from command line to 'None'
[0.522s] Level 5:colcon.colcon_core.verb:set package 'motor_test_pkg' build argument 'catkin_cmake_args' from command line to 'None'
[0.523s] Level 5:colcon.colcon_core.verb:set package 'motor_test_pkg' build argument 'catkin_skip_building_tests' from command line to 'False'
[0.523s] DEBUG:colcon.colcon_core.verb:Building package 'motor_test_pkg' with the following arguments: {'ament_cmake_args': None, 'build_base': '/home/niic/427/427/sb_new_tor/WK_ZY/build/motor_test_pkg', 'catkin_cmake_args': None, 'catkin_skip_building_tests': False, 'cmake_args': None, 'cmake_clean_cache': False, 'cmake_clean_first': False, 'cmake_force_configure': False, 'cmake_target': None, 'cmake_target_skip_unavailable': False, 'install_base': '/home/niic/427/427/sb_new_tor/WK_ZY/install/motor_test_pkg', 'merge_install': False, 'path': '/home/niic/427/427/sb_new_tor/WK_ZY/src/motor_test_pkg', 'symlink_install': False, 'test_result_base': None}
[0.523s] INFO:colcon.colcon_core.executor:Executing jobs using 'parallel' executor
[0.524s] DEBUG:colcon.colcon_parallel_executor.executor.parallel:run_until_complete
[0.525s] INFO:colcon.colcon_ros.task.ament_cmake.build:Building ROS package in '/home/niic/427/427/sb_new_tor/WK_ZY/src/motor_interface' with build type 'ament_cmake'
[0.525s] INFO:colcon.colcon_cmake.task.cmake.build:Building CMake package in '/home/niic/427/427/sb_new_tor/WK_ZY/src/motor_interface'
[0.528s] INFO:colcon.colcon_core.plugin_system:Skipping extension 'colcon_core.shell.bat': Not used on non-Windows systems
[0.528s] INFO:colcon.colcon_core.shell:Skip shell extension 'powershell' for command environment: Not usable outside of PowerShell
[0.528s] DEBUG:colcon.colcon_core.shell:Skip shell extension 'dsv' for command environment
[0.540s] DEBUG:colcon.colcon_core.event_handler.log_command:Invoking command in '/home/niic/427/427/sb_new_tor/WK_ZY/build/motor_interface': CMAKE_PREFIX_PATH=/opt/ros/humble /usr/bin/cmake --build /home/niic/427/427/sb_new_tor/WK_ZY/build/motor_interface -- -j9 -l9
[1.040s] DEBUG:colcon.colcon_core.event_handler.log_command:Invoked command in '/home/niic/427/427/sb_new_tor/WK_ZY/build/motor_interface' returned '0': CMAKE_PREFIX_PATH=/opt/ros/humble /usr/bin/cmake --build /home/niic/427/427/sb_new_tor/WK_ZY/build/motor_interface -- -j9 -l9
[1.053s] DEBUG:colcon.colcon_core.event_handler.log_command:Invoking command in '/home/niic/427/427/sb_new_tor/WK_ZY/build/motor_interface': CMAKE_PREFIX_PATH=/opt/ros/humble /usr/bin/cmake --install /home/niic/427/427/sb_new_tor/WK_ZY/build/motor_interface
[1.126s] Level 1:colcon.colcon_core.environment:create_environment_scripts_only(motor_interface)
[1.127s] DEBUG:colcon.colcon_core.event_handler.log_command:Invoked command in '/home/niic/427/427/sb_new_tor/WK_ZY/build/motor_interface' returned '0': CMAKE_PREFIX_PATH=/opt/ros/humble /usr/bin/cmake --install /home/niic/427/427/sb_new_tor/WK_ZY/build/motor_interface
[1.130s] Level 1:colcon.colcon_core.environment:checking '/home/niic/427/427/sb_new_tor/WK_ZY/install/motor_interface' for CMake module files
[1.131s] Level 1:colcon.colcon_core.environment:checking '/home/niic/427/427/sb_new_tor/WK_ZY/install/motor_interface' for CMake config files
[1.132s] Level 1:colcon.colcon_core.shell:create_environment_hook('motor_interface', 'cmake_prefix_path')
[1.132s] INFO:colcon.colcon_core.shell:Creating environment hook '/home/niic/427/427/sb_new_tor/WK_ZY/install/motor_interface/share/motor_interface/hook/cmake_prefix_path.ps1'
[1.133s] INFO:colcon.colcon_core.shell:Creating environment descriptor '/home/niic/427/427/sb_new_tor/WK_ZY/install/motor_interface/share/motor_interface/hook/cmake_prefix_path.dsv'
[1.134s] INFO:colcon.colcon_core.shell:Creating environment hook '/home/niic/427/427/sb_new_tor/WK_ZY/install/motor_interface/share/motor_interface/hook/cmake_prefix_path.sh'
[1.135s] Level 1:colcon.colcon_core.environment:checking '/home/niic/427/427/sb_new_tor/WK_ZY/install/motor_interface/lib'
[1.136s] Level 1:colcon.colcon_core.shell:create_environment_hook('motor_interface', 'ld_library_path_lib')
[1.136s] INFO:colcon.colcon_core.shell:Creating environment hook '/home/niic/427/427/sb_new_tor/WK_ZY/install/motor_interface/share/motor_interface/hook/ld_library_path_lib.ps1'
[1.136s] INFO:colcon.colcon_core.shell:Creating environment descriptor '/home/niic/427/427/sb_new_tor/WK_ZY/install/motor_interface/share/motor_interface/hook/ld_library_path_lib.dsv'
[1.137s] INFO:colcon.colcon_core.shell:Creating environment hook '/home/niic/427/427/sb_new_tor/WK_ZY/install/motor_interface/share/motor_interface/hook/ld_library_path_lib.sh'
[1.138s] Level 1:colcon.colcon_core.environment:checking '/home/niic/427/427/sb_new_tor/WK_ZY/install/motor_interface/bin'
[1.138s] Level 1:colcon.colcon_core.environment:checking '/home/niic/427/427/sb_new_tor/WK_ZY/install/motor_interface/lib/pkgconfig/motor_interface.pc'
[1.138s] Level 1:colcon.colcon_core.environment:checking '/home/niic/427/427/sb_new_tor/WK_ZY/install/motor_interface/lib/python3.10/site-packages'
[1.138s] Level 1:colcon.colcon_core.environment:checking '/home/niic/427/427/sb_new_tor/WK_ZY/install/motor_interface/bin'
[1.139s] INFO:colcon.colcon_core.shell:Creating package script '/home/niic/427/427/sb_new_tor/WK_ZY/install/motor_interface/share/motor_interface/package.ps1'
[1.140s] INFO:colcon.colcon_core.shell:Creating package descriptor '/home/niic/427/427/sb_new_tor/WK_ZY/install/motor_interface/share/motor_interface/package.dsv'
[1.141s] INFO:colcon.colcon_core.shell:Creating package script '/home/niic/427/427/sb_new_tor/WK_ZY/install/motor_interface/share/motor_interface/package.sh'
[1.142s] INFO:colcon.colcon_core.shell:Creating package script '/home/niic/427/427/sb_new_tor/WK_ZY/install/motor_interface/share/motor_interface/package.bash'
[1.143s] INFO:colcon.colcon_core.shell:Creating package script '/home/niic/427/427/sb_new_tor/WK_ZY/install/motor_interface/share/motor_interface/package.zsh'
[1.144s] Level 1:colcon.colcon_core.environment:create_file_with_runtime_dependencies(/home/niic/427/427/sb_new_tor/WK_ZY/install/motor_interface/share/colcon-core/packages/motor_interface)
[1.145s] Level 1:colcon.colcon_core.environment:create_environment_scripts_only(motor_interface)
[1.146s] Level 1:colcon.colcon_core.environment:checking '/home/niic/427/427/sb_new_tor/WK_ZY/install/motor_interface' for CMake module files
[1.147s] Level 1:colcon.colcon_core.environment:checking '/home/niic/427/427/sb_new_tor/WK_ZY/install/motor_interface' for CMake config files
[1.147s] Level 1:colcon.colcon_core.shell:create_environment_hook('motor_interface', 'cmake_prefix_path')
[1.148s] INFO:colcon.colcon_core.shell:Creating environment hook '/home/niic/427/427/sb_new_tor/WK_ZY/install/motor_interface/share/motor_interface/hook/cmake_prefix_path.ps1'
[1.148s] INFO:colcon.colcon_core.shell:Creating environment descriptor '/home/niic/427/427/sb_new_tor/WK_ZY/install/motor_interface/share/motor_interface/hook/cmake_prefix_path.dsv'
[1.149s] INFO:colcon.colcon_core.shell:Creating environment hook '/home/niic/427/427/sb_new_tor/WK_ZY/install/motor_interface/share/motor_interface/hook/cmake_prefix_path.sh'
[1.150s] Level 1:colcon.colcon_core.environment:checking '/home/niic/427/427/sb_new_tor/WK_ZY/install/motor_interface/lib'
[1.150s] Level 1:colcon.colcon_core.shell:create_environment_hook('motor_interface', 'ld_library_path_lib')
[1.150s] INFO:colcon.colcon_core.shell:Creating environment hook '/home/niic/427/427/sb_new_tor/WK_ZY/install/motor_interface/share/motor_interface/hook/ld_library_path_lib.ps1'
[1.151s] INFO:colcon.colcon_core.shell:Creating environment descriptor '/home/niic/427/427/sb_new_tor/WK_ZY/install/motor_interface/share/motor_interface/hook/ld_library_path_lib.dsv'
[1.151s] INFO:colcon.colcon_core.shell:Creating environment hook '/home/niic/427/427/sb_new_tor/WK_ZY/install/motor_interface/share/motor_interface/hook/ld_library_path_lib.sh'
[1.152s] Level 1:colcon.colcon_core.environment:checking '/home/niic/427/427/sb_new_tor/WK_ZY/install/motor_interface/bin'
[1.152s] Level 1:colcon.colcon_core.environment:checking '/home/niic/427/427/sb_new_tor/WK_ZY/install/motor_interface/lib/pkgconfig/motor_interface.pc'
[1.152s] Level 1:colcon.colcon_core.environment:checking '/home/niic/427/427/sb_new_tor/WK_ZY/install/motor_interface/lib/python3.10/site-packages'
[1.152s] Level 1:colcon.colcon_core.environment:checking '/home/niic/427/427/sb_new_tor/WK_ZY/install/motor_interface/bin'
[1.153s] INFO:colcon.colcon_core.shell:Creating package script '/home/niic/427/427/sb_new_tor/WK_ZY/install/motor_interface/share/motor_interface/package.ps1'
[1.154s] INFO:colcon.colcon_core.shell:Creating package descriptor '/home/niic/427/427/sb_new_tor/WK_ZY/install/motor_interface/share/motor_interface/package.dsv'
[1.154s] INFO:colcon.colcon_core.shell:Creating package script '/home/niic/427/427/sb_new_tor/WK_ZY/install/motor_interface/share/motor_interface/package.sh'
[1.155s] INFO:colcon.colcon_core.shell:Creating package script '/home/niic/427/427/sb_new_tor/WK_ZY/install/motor_interface/share/motor_interface/package.bash'
[1.156s] INFO:colcon.colcon_core.shell:Creating package script '/home/niic/427/427/sb_new_tor/WK_ZY/install/motor_interface/share/motor_interface/package.zsh'
[1.156s] Level 1:colcon.colcon_core.environment:create_file_with_runtime_dependencies(/home/niic/427/427/sb_new_tor/WK_ZY/install/motor_interface/share/colcon-core/packages/motor_interface)
[1.157s] INFO:colcon.colcon_ros.task.ament_cmake.build:Building ROS package in '/home/niic/427/427/sb_new_tor/WK_ZY/src/motor_communication_pkg' with build type 'ament_cmake'
[1.157s] INFO:colcon.colcon_cmake.task.cmake.build:Building CMake package in '/home/niic/427/427/sb_new_tor/WK_ZY/src/motor_communication_pkg'
[1.157s] INFO:colcon.colcon_core.shell:Skip shell extension 'powershell' for command environment: Not usable outside of PowerShell
[1.158s] DEBUG:colcon.colcon_core.shell:Skip shell extension 'dsv' for command environment
[1.161s] INFO:colcon.colcon_ros.task.ament_cmake.build:Building ROS package in '/home/niic/427/427/sb_new_tor/WK_ZY/src/motor_test_pkg' with build type 'ament_cmake'
[1.161s] INFO:colcon.colcon_cmake.task.cmake.build:Building CMake package in '/home/niic/427/427/sb_new_tor/WK_ZY/src/motor_test_pkg'
[1.162s] INFO:colcon.colcon_core.shell:Skip shell extension 'powershell' for command environment: Not usable outside of PowerShell
[1.162s] DEBUG:colcon.colcon_core.shell:Skip shell extension 'dsv' for command environment
[1.171s] DEBUG:colcon.colcon_core.event_handler.log_command:Invoking command in '/home/niic/427/427/sb_new_tor/WK_ZY/build/motor_communication_pkg': AMENT_PREFIX_PATH=/home/niic/427/427/sb_new_tor/WK_ZY/install/motor_interface:${AMENT_PREFIX_PATH} CMAKE_PREFIX_PATH=/home/niic/427/427/sb_new_tor/WK_ZY/install/motor_interface:/opt/ros/humble LD_LIBRARY_PATH=/home/niic/427/427/sb_new_tor/WK_ZY/install/motor_interface/lib:${LD_LIBRARY_PATH} PYTHONPATH=/home/niic/427/427/sb_new_tor/WK_ZY/install/motor_interface/local/lib/python3.10/dist-packages:${PYTHONPATH} /usr/bin/cmake --build /home/niic/427/427/sb_new_tor/WK_ZY/build/motor_communication_pkg -- -j9 -l9
[1.175s] DEBUG:colcon.colcon_core.event_handler.log_command:Invoking command in '/home/niic/427/427/sb_new_tor/WK_ZY/build/motor_test_pkg': AMENT_PREFIX_PATH=/home/niic/427/427/sb_new_tor/WK_ZY/install/motor_interface:${AMENT_PREFIX_PATH} CMAKE_PREFIX_PATH=/home/niic/427/427/sb_new_tor/WK_ZY/install/motor_interface:/opt/ros/humble LD_LIBRARY_PATH=/home/niic/427/427/sb_new_tor/WK_ZY/install/motor_interface/lib:${LD_LIBRARY_PATH} PYTHONPATH=/home/niic/427/427/sb_new_tor/WK_ZY/install/motor_interface/local/lib/python3.10/dist-packages:${PYTHONPATH} /usr/bin/cmake --build /home/niic/427/427/sb_new_tor/WK_ZY/build/motor_test_pkg -- -j9 -l9
[1.260s] DEBUG:colcon.colcon_core.event_handler.log_command:Invoked command in '/home/niic/427/427/sb_new_tor/WK_ZY/build/motor_test_pkg' returned '0': AMENT_PREFIX_PATH=/home/niic/427/427/sb_new_tor/WK_ZY/install/motor_interface:${AMENT_PREFIX_PATH} CMAKE_PREFIX_PATH=/home/niic/427/427/sb_new_tor/WK_ZY/install/motor_interface:/opt/ros/humble LD_LIBRARY_PATH=/home/niic/427/427/sb_new_tor/WK_ZY/install/motor_interface/lib:${LD_LIBRARY_PATH} PYTHONPATH=/home/niic/427/427/sb_new_tor/WK_ZY/install/motor_interface/local/lib/python3.10/dist-packages:${PYTHONPATH} /usr/bin/cmake --build /home/niic/427/427/sb_new_tor/WK_ZY/build/motor_test_pkg -- -j9 -l9
[1.262s] DEBUG:colcon.colcon_core.event_handler.log_command:Invoking command in '/home/niic/427/427/sb_new_tor/WK_ZY/build/motor_test_pkg': AMENT_PREFIX_PATH=/home/niic/427/427/sb_new_tor/WK_ZY/install/motor_interface:${AMENT_PREFIX_PATH} CMAKE_PREFIX_PATH=/home/niic/427/427/sb_new_tor/WK_ZY/install/motor_interface:/opt/ros/humble LD_LIBRARY_PATH=/home/niic/427/427/sb_new_tor/WK_ZY/install/motor_interface/lib:${LD_LIBRARY_PATH} PYTHONPATH=/home/niic/427/427/sb_new_tor/WK_ZY/install/motor_interface/local/lib/python3.10/dist-packages:${PYTHONPATH} /usr/bin/cmake --install /home/niic/427/427/sb_new_tor/WK_ZY/build/motor_test_pkg
[1.277s] Level 1:colcon.colcon_core.environment:create_environment_scripts_only(motor_test_pkg)
[1.278s] Level 1:colcon.colcon_core.environment:checking '/home/niic/427/427/sb_new_tor/WK_ZY/install/motor_test_pkg' for CMake module files
[1.278s] DEBUG:colcon.colcon_core.event_handler.log_command:Invoked command in '/home/niic/427/427/sb_new_tor/WK_ZY/build/motor_test_pkg' returned '0': AMENT_PREFIX_PATH=/home/niic/427/427/sb_new_tor/WK_ZY/install/motor_interface:${AMENT_PREFIX_PATH} CMAKE_PREFIX_PATH=/home/niic/427/427/sb_new_tor/WK_ZY/install/motor_interface:/opt/ros/humble LD_LIBRARY_PATH=/home/niic/427/427/sb_new_tor/WK_ZY/install/motor_interface/lib:${LD_LIBRARY_PATH} PYTHONPATH=/home/niic/427/427/sb_new_tor/WK_ZY/install/motor_interface/local/lib/python3.10/dist-packages:${PYTHONPATH} /usr/bin/cmake --install /home/niic/427/427/sb_new_tor/WK_ZY/build/motor_test_pkg
[1.279s] Level 1:colcon.colcon_core.environment:checking '/home/niic/427/427/sb_new_tor/WK_ZY/install/motor_test_pkg' for CMake config files
[1.279s] Level 1:colcon.colcon_core.shell:create_environment_hook('motor_test_pkg', 'cmake_prefix_path')
[1.280s] INFO:colcon.colcon_core.shell:Creating environment hook '/home/niic/427/427/sb_new_tor/WK_ZY/install/motor_test_pkg/share/motor_test_pkg/hook/cmake_prefix_path.ps1'
[1.281s] INFO:colcon.colcon_core.shell:Creating environment descriptor '/home/niic/427/427/sb_new_tor/WK_ZY/install/motor_test_pkg/share/motor_test_pkg/hook/cmake_prefix_path.dsv'
[1.281s] INFO:colcon.colcon_core.shell:Creating environment hook '/home/niic/427/427/sb_new_tor/WK_ZY/install/motor_test_pkg/share/motor_test_pkg/hook/cmake_prefix_path.sh'
[1.282s] Level 1:colcon.colcon_core.environment:checking '/home/niic/427/427/sb_new_tor/WK_ZY/install/motor_test_pkg/lib'
[1.282s] Level 1:colcon.colcon_core.environment:checking '/home/niic/427/427/sb_new_tor/WK_ZY/install/motor_test_pkg/bin'
[1.282s] Level 1:colcon.colcon_core.environment:checking '/home/niic/427/427/sb_new_tor/WK_ZY/install/motor_test_pkg/lib/pkgconfig/motor_test_pkg.pc'
[1.283s] Level 1:colcon.colcon_core.environment:checking '/home/niic/427/427/sb_new_tor/WK_ZY/install/motor_test_pkg/lib/python3.10/site-packages'
[1.283s] Level 1:colcon.colcon_core.environment:checking '/home/niic/427/427/sb_new_tor/WK_ZY/install/motor_test_pkg/bin'
[1.284s] INFO:colcon.colcon_core.shell:Creating package script '/home/niic/427/427/sb_new_tor/WK_ZY/install/motor_test_pkg/share/motor_test_pkg/package.ps1'
[1.284s] INFO:colcon.colcon_core.shell:Creating package descriptor '/home/niic/427/427/sb_new_tor/WK_ZY/install/motor_test_pkg/share/motor_test_pkg/package.dsv'
[1.285s] INFO:colcon.colcon_core.shell:Creating package script '/home/niic/427/427/sb_new_tor/WK_ZY/install/motor_test_pkg/share/motor_test_pkg/package.sh'
[1.285s] INFO:colcon.colcon_core.shell:Creating package script '/home/niic/427/427/sb_new_tor/WK_ZY/install/motor_test_pkg/share/motor_test_pkg/package.bash'
[1.286s] INFO:colcon.colcon_core.shell:Creating package script '/home/niic/427/427/sb_new_tor/WK_ZY/install/motor_test_pkg/share/motor_test_pkg/package.zsh'
[1.287s] Level 1:colcon.colcon_core.environment:create_file_with_runtime_dependencies(/home/niic/427/427/sb_new_tor/WK_ZY/install/motor_test_pkg/share/colcon-core/packages/motor_test_pkg)
[1.287s] Level 1:colcon.colcon_core.environment:create_environment_scripts_only(motor_test_pkg)
[1.288s] Level 1:colcon.colcon_core.environment:checking '/home/niic/427/427/sb_new_tor/WK_ZY/install/motor_test_pkg' for CMake module files
[1.288s] Level 1:colcon.colcon_core.environment:checking '/home/niic/427/427/sb_new_tor/WK_ZY/install/motor_test_pkg' for CMake config files
[1.289s] Level 1:colcon.colcon_core.shell:create_environment_hook('motor_test_pkg', 'cmake_prefix_path')
[1.289s] INFO:colcon.colcon_core.shell:Creating environment hook '/home/niic/427/427/sb_new_tor/WK_ZY/install/motor_test_pkg/share/motor_test_pkg/hook/cmake_prefix_path.ps1'
[1.290s] INFO:colcon.colcon_core.shell:Creating environment descriptor '/home/niic/427/427/sb_new_tor/WK_ZY/install/motor_test_pkg/share/motor_test_pkg/hook/cmake_prefix_path.dsv'
[1.290s] INFO:colcon.colcon_core.shell:Creating environment hook '/home/niic/427/427/sb_new_tor/WK_ZY/install/motor_test_pkg/share/motor_test_pkg/hook/cmake_prefix_path.sh'
[1.291s] Level 1:colcon.colcon_core.environment:checking '/home/niic/427/427/sb_new_tor/WK_ZY/install/motor_test_pkg/lib'
[1.291s] Level 1:colcon.colcon_core.environment:checking '/home/niic/427/427/sb_new_tor/WK_ZY/install/motor_test_pkg/bin'
[1.291s] Level 1:colcon.colcon_core.environment:checking '/home/niic/427/427/sb_new_tor/WK_ZY/install/motor_test_pkg/lib/pkgconfig/motor_test_pkg.pc'
[1.292s] Level 1:colcon.colcon_core.environment:checking '/home/niic/427/427/sb_new_tor/WK_ZY/install/motor_test_pkg/lib/python3.10/site-packages'
[1.292s] Level 1:colcon.colcon_core.environment:checking '/home/niic/427/427/sb_new_tor/WK_ZY/install/motor_test_pkg/bin'
[1.292s] INFO:colcon.colcon_core.shell:Creating package script '/home/niic/427/427/sb_new_tor/WK_ZY/install/motor_test_pkg/share/motor_test_pkg/package.ps1'
[1.293s] INFO:colcon.colcon_core.shell:Creating package descriptor '/home/niic/427/427/sb_new_tor/WK_ZY/install/motor_test_pkg/share/motor_test_pkg/package.dsv'
[1.294s] INFO:colcon.colcon_core.shell:Creating package script '/home/niic/427/427/sb_new_tor/WK_ZY/install/motor_test_pkg/share/motor_test_pkg/package.sh'
[1.295s] INFO:colcon.colcon_core.shell:Creating package script '/home/niic/427/427/sb_new_tor/WK_ZY/install/motor_test_pkg/share/motor_test_pkg/package.bash'
[1.295s] INFO:colcon.colcon_core.shell:Creating package script '/home/niic/427/427/sb_new_tor/WK_ZY/install/motor_test_pkg/share/motor_test_pkg/package.zsh'
[1.296s] Level 1:colcon.colcon_core.environment:create_file_with_runtime_dependencies(/home/niic/427/427/sb_new_tor/WK_ZY/install/motor_test_pkg/share/colcon-core/packages/motor_test_pkg)
[6.434s] DEBUG:colcon.colcon_core.event_handler.log_command:Invoked command in '/home/niic/427/427/sb_new_tor/WK_ZY/build/motor_communication_pkg' returned '0': AMENT_PREFIX_PATH=/home/niic/427/427/sb_new_tor/WK_ZY/install/motor_interface:${AMENT_PREFIX_PATH} CMAKE_PREFIX_PATH=/home/niic/427/427/sb_new_tor/WK_ZY/install/motor_interface:/opt/ros/humble LD_LIBRARY_PATH=/home/niic/427/427/sb_new_tor/WK_ZY/install/motor_interface/lib:${LD_LIBRARY_PATH} PYTHONPATH=/home/niic/427/427/sb_new_tor/WK_ZY/install/motor_interface/local/lib/python3.10/dist-packages:${PYTHONPATH} /usr/bin/cmake --build /home/niic/427/427/sb_new_tor/WK_ZY/build/motor_communication_pkg -- -j9 -l9
[6.436s] DEBUG:colcon.colcon_core.event_handler.log_command:Invoking command in '/home/niic/427/427/sb_new_tor/WK_ZY/build/motor_communication_pkg': AMENT_PREFIX_PATH=/home/niic/427/427/sb_new_tor/WK_ZY/install/motor_interface:${AMENT_PREFIX_PATH} CMAKE_PREFIX_PATH=/home/niic/427/427/sb_new_tor/WK_ZY/install/motor_interface:/opt/ros/humble LD_LIBRARY_PATH=/home/niic/427/427/sb_new_tor/WK_ZY/install/motor_interface/lib:${LD_LIBRARY_PATH} PYTHONPATH=/home/niic/427/427/sb_new_tor/WK_ZY/install/motor_interface/local/lib/python3.10/dist-packages:${PYTHONPATH} /usr/bin/cmake --install /home/niic/427/427/sb_new_tor/WK_ZY/build/motor_communication_pkg
[6.459s] Level 1:colcon.colcon_core.environment:create_environment_scripts_only(motor_communication_pkg)
[6.459s] Level 1:colcon.colcon_core.environment:checking '/home/niic/427/427/sb_new_tor/WK_ZY/install/motor_communication_pkg' for CMake module files
[6.460s] DEBUG:colcon.colcon_core.event_handler.log_command:Invoked command in '/home/niic/427/427/sb_new_tor/WK_ZY/build/motor_communication_pkg' returned '0': AMENT_PREFIX_PATH=/home/niic/427/427/sb_new_tor/WK_ZY/install/motor_interface:${AMENT_PREFIX_PATH} CMAKE_PREFIX_PATH=/home/niic/427/427/sb_new_tor/WK_ZY/install/motor_interface:/opt/ros/humble LD_LIBRARY_PATH=/home/niic/427/427/sb_new_tor/WK_ZY/install/motor_interface/lib:${LD_LIBRARY_PATH} PYTHONPATH=/home/niic/427/427/sb_new_tor/WK_ZY/install/motor_interface/local/lib/python3.10/dist-packages:${PYTHONPATH} /usr/bin/cmake --install /home/niic/427/427/sb_new_tor/WK_ZY/build/motor_communication_pkg
[6.461s] Level 1:colcon.colcon_core.environment:checking '/home/niic/427/427/sb_new_tor/WK_ZY/install/motor_communication_pkg' for CMake config files
[6.461s] Level 1:colcon.colcon_core.shell:create_environment_hook('motor_communication_pkg', 'cmake_prefix_path')
[6.461s] INFO:colcon.colcon_core.shell:Creating environment hook '/home/niic/427/427/sb_new_tor/WK_ZY/install/motor_communication_pkg/share/motor_communication_pkg/hook/cmake_prefix_path.ps1'
[6.462s] INFO:colcon.colcon_core.shell:Creating environment descriptor '/home/niic/427/427/sb_new_tor/WK_ZY/install/motor_communication_pkg/share/motor_communication_pkg/hook/cmake_prefix_path.dsv'
[6.463s] INFO:colcon.colcon_core.shell:Creating environment hook '/home/niic/427/427/sb_new_tor/WK_ZY/install/motor_communication_pkg/share/motor_communication_pkg/hook/cmake_prefix_path.sh'
[6.464s] Level 1:colcon.colcon_core.environment:checking '/home/niic/427/427/sb_new_tor/WK_ZY/install/motor_communication_pkg/lib'
[6.464s] Level 1:colcon.colcon_core.environment:checking '/home/niic/427/427/sb_new_tor/WK_ZY/install/motor_communication_pkg/bin'
[6.464s] Level 1:colcon.colcon_core.environment:checking '/home/niic/427/427/sb_new_tor/WK_ZY/install/motor_communication_pkg/lib/pkgconfig/motor_communication_pkg.pc'
[6.464s] Level 1:colcon.colcon_core.environment:checking '/home/niic/427/427/sb_new_tor/WK_ZY/install/motor_communication_pkg/lib/python3.10/site-packages'
[6.464s] Level 1:colcon.colcon_core.environment:checking '/home/niic/427/427/sb_new_tor/WK_ZY/install/motor_communication_pkg/bin'
[6.465s] INFO:colcon.colcon_core.shell:Creating package script '/home/niic/427/427/sb_new_tor/WK_ZY/install/motor_communication_pkg/share/motor_communication_pkg/package.ps1'
[6.465s] INFO:colcon.colcon_core.shell:Creating package descriptor '/home/niic/427/427/sb_new_tor/WK_ZY/install/motor_communication_pkg/share/motor_communication_pkg/package.dsv'
[6.466s] INFO:colcon.colcon_core.shell:Creating package script '/home/niic/427/427/sb_new_tor/WK_ZY/install/motor_communication_pkg/share/motor_communication_pkg/package.sh'
[6.467s] INFO:colcon.colcon_core.shell:Creating package script '/home/niic/427/427/sb_new_tor/WK_ZY/install/motor_communication_pkg/share/motor_communication_pkg/package.bash'
[6.467s] INFO:colcon.colcon_core.shell:Creating package script '/home/niic/427/427/sb_new_tor/WK_ZY/install/motor_communication_pkg/share/motor_communication_pkg/package.zsh'
[6.468s] Level 1:colcon.colcon_core.environment:create_file_with_runtime_dependencies(/home/niic/427/427/sb_new_tor/WK_ZY/install/motor_communication_pkg/share/colcon-core/packages/motor_communication_pkg)
[6.469s] Level 1:colcon.colcon_core.environment:create_environment_scripts_only(motor_communication_pkg)
[6.469s] Level 1:colcon.colcon_core.environment:checking '/home/niic/427/427/sb_new_tor/WK_ZY/install/motor_communication_pkg' for CMake module files
[6.470s] Level 1:colcon.colcon_core.environment:checking '/home/niic/427/427/sb_new_tor/WK_ZY/install/motor_communication_pkg' for CMake config files
[6.470s] Level 1:colcon.colcon_core.shell:create_environment_hook('motor_communication_pkg', 'cmake_prefix_path')
[6.470s] INFO:colcon.colcon_core.shell:Creating environment hook '/home/niic/427/427/sb_new_tor/WK_ZY/install/motor_communication_pkg/share/motor_communication_pkg/hook/cmake_prefix_path.ps1'
[6.471s] INFO:colcon.colcon_core.shell:Creating environment descriptor '/home/niic/427/427/sb_new_tor/WK_ZY/install/motor_communication_pkg/share/motor_communication_pkg/hook/cmake_prefix_path.dsv'
[6.472s] INFO:colcon.colcon_core.shell:Creating environment hook '/home/niic/427/427/sb_new_tor/WK_ZY/install/motor_communication_pkg/share/motor_communication_pkg/hook/cmake_prefix_path.sh'
[6.473s] Level 1:colcon.colcon_core.environment:checking '/home/niic/427/427/sb_new_tor/WK_ZY/install/motor_communication_pkg/lib'
[6.473s] Level 1:colcon.colcon_core.environment:checking '/home/niic/427/427/sb_new_tor/WK_ZY/install/motor_communication_pkg/bin'
[6.473s] Level 1:colcon.colcon_core.environment:checking '/home/niic/427/427/sb_new_tor/WK_ZY/install/motor_communication_pkg/lib/pkgconfig/motor_communication_pkg.pc'
[6.473s] Level 1:colcon.colcon_core.environment:checking '/home/niic/427/427/sb_new_tor/WK_ZY/install/motor_communication_pkg/lib/python3.10/site-packages'
[6.473s] Level 1:colcon.colcon_core.environment:checking '/home/niic/427/427/sb_new_tor/WK_ZY/install/motor_communication_pkg/bin'
[6.474s] INFO:colcon.colcon_core.shell:Creating package script '/home/niic/427/427/sb_new_tor/WK_ZY/install/motor_communication_pkg/share/motor_communication_pkg/package.ps1'
[6.475s] INFO:colcon.colcon_core.shell:Creating package descriptor '/home/niic/427/427/sb_new_tor/WK_ZY/install/motor_communication_pkg/share/motor_communication_pkg/package.dsv'
[6.476s] INFO:colcon.colcon_core.shell:Creating package script '/home/niic/427/427/sb_new_tor/WK_ZY/install/motor_communication_pkg/share/motor_communication_pkg/package.sh'
[6.476s] INFO:colcon.colcon_core.shell:Creating package script '/home/niic/427/427/sb_new_tor/WK_ZY/install/motor_communication_pkg/share/motor_communication_pkg/package.bash'
[6.477s] INFO:colcon.colcon_core.shell:Creating package script '/home/niic/427/427/sb_new_tor/WK_ZY/install/motor_communication_pkg/share/motor_communication_pkg/package.zsh'
[6.478s] Level 1:colcon.colcon_core.environment:create_file_with_runtime_dependencies(/home/niic/427/427/sb_new_tor/WK_ZY/install/motor_communication_pkg/share/colcon-core/packages/motor_communication_pkg)
[6.478s] DEBUG:colcon.colcon_parallel_executor.executor.parallel:closing loop
[6.478s] DEBUG:colcon.colcon_parallel_executor.executor.parallel:loop closed
[6.479s] DEBUG:colcon.colcon_parallel_executor.executor.parallel:run_until_complete finished with '0'
[6.479s] DEBUG:colcon.colcon_core.event_reactor:joining thread
[6.487s] INFO:colcon.colcon_core.plugin_system:Skipping extension 'colcon_notification.desktop_notification.terminal_notifier': Not used on non-Darwin systems
[6.487s] INFO:colcon.colcon_core.plugin_system:Skipping extension 'colcon_notification.desktop_notification.win32': Not used on non-Windows systems
[6.487s] INFO:colcon.colcon_notification.desktop_notification:Sending desktop notification using 'notify2'
[6.655s] DEBUG:colcon.colcon_core.event_reactor:joined thread
[6.656s] INFO:colcon.colcon_core.shell:Creating prefix script '/home/niic/427/427/sb_new_tor/WK_ZY/install/local_setup.ps1'
[6.658s] INFO:colcon.colcon_core.shell:Creating prefix util module '/home/niic/427/427/sb_new_tor/WK_ZY/install/_local_setup_util_ps1.py'
[6.660s] INFO:colcon.colcon_core.shell:Creating prefix chain script '/home/niic/427/427/sb_new_tor/WK_ZY/install/setup.ps1'
[6.662s] INFO:colcon.colcon_core.shell:Creating prefix script '/home/niic/427/427/sb_new_tor/WK_ZY/install/local_setup.sh'
[6.663s] INFO:colcon.colcon_core.shell:Creating prefix util module '/home/niic/427/427/sb_new_tor/WK_ZY/install/_local_setup_util_sh.py'
[6.664s] INFO:colcon.colcon_core.shell:Creating prefix chain script '/home/niic/427/427/sb_new_tor/WK_ZY/install/setup.sh'
[6.666s] INFO:colcon.colcon_core.shell:Creating prefix script '/home/niic/427/427/sb_new_tor/WK_ZY/install/local_setup.bash'
[6.666s] INFO:colcon.colcon_core.shell:Creating prefix chain script '/home/niic/427/427/sb_new_tor/WK_ZY/install/setup.bash'
[6.668s] INFO:colcon.colcon_core.shell:Creating prefix script '/home/niic/427/427/sb_new_tor/WK_ZY/install/local_setup.zsh'
[6.668s] INFO:colcon.colcon_core.shell:Creating prefix chain script '/home/niic/427/427/sb_new_tor/WK_ZY/install/setup.zsh'
