[0.012s] Invoking command in '/home/niic/427/427/sb_new_tor/WK_ZY/build/motor_interface': CMAKE_PREFIX_PATH=/opt/ros/humble /usr/bin/cmake /home/niic/427/427/sb_new_tor/WK_ZY/src/motor_interface -DCMAKE_INSTALL_PREFIX=/home/niic/427/427/sb_new_tor/WK_ZY/install/motor_interface
[0.139s] -- The C compiler identification is GNU 11.4.0
[0.215s] -- The CXX compiler identification is GNU 11.4.0
[0.230s] -- Detecting C compiler ABI info
[0.321s] -- Detecting C compiler ABI info - done
[0.329s] -- Check for working C compiler: /usr/bin/cc - skipped
[0.330s] -- Detecting C compile features
[0.331s] -- Detecting C compile features - done
[0.336s] -- Detecting CXX compiler ABI info
[0.433s] -- Detecting CXX compiler ABI info - done
[0.442s] -- Check for working CXX compiler: /usr/bin/c++ - skipped
[0.442s] -- Detecting CXX compile features
[0.443s] -- Detecting CXX compile features - done
[0.454s] -- Found ament_cmake: 1.3.14 (/opt/ros/humble/share/ament_cmake/cmake)
[0.659s] -- Found Python3: /usr/bin/python3 (found version "3.10.12") found components: Interpreter 
[0.806s] -- Found rclcpp: 16.0.12 (/opt/ros/humble/share/rclcpp/cmake)
[0.886s] -- Found rosidl_generator_c: 3.1.6 (/opt/ros/humble/share/rosidl_generator_c/cmake)
[0.895s] -- Found rosidl_adapter: 3.1.6 (/opt/ros/humble/share/rosidl_adapter/cmake)
[0.910s] -- Found rosidl_generator_cpp: 3.1.6 (/opt/ros/humble/share/rosidl_generator_cpp/cmake)
[0.935s] -- Using all available rosidl_typesupport_c: rosidl_typesupport_fastrtps_c;rosidl_typesupport_introspection_c
[0.965s] -- Using all available rosidl_typesupport_cpp: rosidl_typesupport_fastrtps_cpp;rosidl_typesupport_introspection_cpp
[1.045s] -- Found rmw_implementation_cmake: 6.1.2 (/opt/ros/humble/share/rmw_implementation_cmake/cmake)
[1.050s] -- Found rmw_fastrtps_cpp: 6.2.7 (/opt/ros/humble/share/rmw_fastrtps_cpp/cmake)
[1.182s] -- Found OpenSSL: /usr/lib/aarch64-linux-gnu/libcrypto.so (found version "3.0.2")  
[1.220s] -- Found FastRTPS: /opt/ros/humble/include  
[1.275s] -- Using RMW implementation 'rmw_fastrtps_cpp' as default
[1.291s] -- Looking for pthread.h
[1.394s] -- Looking for pthread.h - found
[1.395s] -- Performing Test CMAKE_HAVE_LIBC_PTHREAD
[1.488s] -- Performing Test CMAKE_HAVE_LIBC_PTHREAD - Success
[1.490s] -- Found Threads: TRUE  
[1.583s] -- Found rosidl_default_generators: 1.2.1 (/opt/ros/humble/share/rosidl_default_generators/cmake)
[1.967s] -- Found ament_cmake_ros: 0.10.0 (/opt/ros/humble/share/ament_cmake_ros/cmake)
[2.461s] -- Using all available rosidl_typesupport_c: rosidl_typesupport_fastrtps_c;rosidl_typesupport_introspection_c
[2.653s] -- Using all available rosidl_typesupport_cpp: rosidl_typesupport_fastrtps_cpp;rosidl_typesupport_introspection_cpp
[2.684s] -- Found PythonInterp: /usr/bin/python3 (found suitable version "3.10.12", minimum required is "3.6") 
[2.687s] -- Found python_cmake_module: 0.10.0 (/opt/ros/humble/share/python_cmake_module/cmake)
[2.725s] -- Found PythonLibs: /usr/lib/aarch64-linux-gnu/libpython3.10.so (found suitable version "3.10.12", minimum required is "3.5") 
[2.725s] -- Using PYTHON_EXECUTABLE: /usr/bin/python3
[2.725s] -- Using PYTHON_INCLUDE_DIRS: /usr/include/python3.10
[2.725s] -- Using PYTHON_LIBRARIES: /usr/lib/aarch64-linux-gnu/libpython3.10.so
[2.754s] -- Found PythonExtra: .so  
[2.921s] -- Found ament_lint_auto: 0.12.12 (/opt/ros/humble/share/ament_lint_auto/cmake)
[2.959s] -- Added test 'lint_cmake' to check CMake code style
[2.961s] -- Added test 'xmllint' to check XML markup files
[2.966s] -- Configuring done
[3.018s] -- Generating done
[3.034s] -- Build files have been written to: /home/niic/427/427/sb_new_tor/WK_ZY/build/motor_interface
[3.056s] Invoked command in '/home/niic/427/427/sb_new_tor/WK_ZY/build/motor_interface' returned '0': CMAKE_PREFIX_PATH=/opt/ros/humble /usr/bin/cmake /home/niic/427/427/sb_new_tor/WK_ZY/src/motor_interface -DCMAKE_INSTALL_PREFIX=/home/niic/427/427/sb_new_tor/WK_ZY/install/motor_interface
[3.059s] Invoking command in '/home/niic/427/427/sb_new_tor/WK_ZY/build/motor_interface': CMAKE_PREFIX_PATH=/opt/ros/humble /usr/bin/cmake --build /home/niic/427/427/sb_new_tor/WK_ZY/build/motor_interface -- -j9 -l9
[3.110s] [  3%] [34m[1mGenerating C code for ROS interfaces[0m
[3.124s] [  6%] [34m[1mGenerating Rust code for ROS interfaces[0m
[3.124s] [  9%] [34m[1mGenerating C++ code for ROS interfaces[0m
[3.136s] [  9%] Built target ament_cmake_python_copy_motor_interface
[3.459s] [  9%] Built target motor_interface__rs
[3.490s] [  9%] Built target motor_interface__cpp
[3.494s] running egg_info
[3.495s] creating motor_interface.egg-info
[3.495s] writing motor_interface.egg-info/PKG-INFO
[3.496s] writing dependency_links to motor_interface.egg-info/dependency_links.txt
[3.496s] writing top-level names to motor_interface.egg-info/top_level.txt
[3.496s] writing manifest file 'motor_interface.egg-info/SOURCES.txt'
[3.500s] reading manifest file 'motor_interface.egg-info/SOURCES.txt'
[3.501s] writing manifest file 'motor_interface.egg-info/SOURCES.txt'
[3.504s] [ 18%] [34m[1mGenerating C++ type support for eProsima Fast-RTPS[0m
[3.504s] [ 18%] [32mBuilding C object CMakeFiles/motor_interface__rosidl_generator_c.dir/rosidl_generator_c/motor_interface/msg/detail/joint_motor__functions.c.o[0m
[3.504s] [ 18%] [34m[1mGenerating C++ type support dispatch for ROS interfaces[0m
[3.504s] [ 21%] [34m[1mGenerating C++ introspection for ROS interfaces[0m
[3.559s] [ 21%] Built target ament_cmake_python_build_motor_interface_egg
[3.612s] [ 25%] [32m[1mLinking C shared library libmotor_interface__rosidl_generator_c.so[0m
[3.666s] [ 25%] Built target motor_interface__rosidl_generator_c
[3.682s] [ 31%] [34m[1mGenerating C introspection for ROS interfaces[0m
[3.682s] [ 31%] [34m[1mGenerating C type support for eProsima Fast-RTPS[0m
[3.682s] [ 34%] [34m[1mGenerating C type support dispatch for ROS interfaces[0m
[3.832s] [ 37%] [32mBuilding CXX object CMakeFiles/motor_interface__rosidl_typesupport_cpp.dir/rosidl_typesupport_cpp/motor_interface/msg/joint_motor__type_support.cpp.o[0m
[3.863s] [ 40%] [32mBuilding CXX object CMakeFiles/motor_interface__rosidl_typesupport_introspection_cpp.dir/rosidl_typesupport_introspection_cpp/motor_interface/msg/detail/joint_motor__type_support.cpp.o[0m
[3.872s] [ 43%] [32mBuilding CXX object CMakeFiles/motor_interface__rosidl_typesupport_fastrtps_cpp.dir/rosidl_typesupport_fastrtps_cpp/motor_interface/msg/detail/dds_fastrtps/joint_motor__type_support.cpp.o[0m
[4.017s] [ 46%] [32mBuilding CXX object CMakeFiles/motor_interface__rosidl_typesupport_c.dir/rosidl_typesupport_c/motor_interface/msg/joint_motor__type_support.cpp.o[0m
[4.051s] [ 50%] [32mBuilding C object CMakeFiles/motor_interface__rosidl_typesupport_introspection_c.dir/rosidl_typesupport_introspection_c/motor_interface/msg/detail/joint_motor__type_support.c.o[0m
[4.055s] [ 53%] [32mBuilding CXX object CMakeFiles/motor_interface__rosidl_typesupport_fastrtps_c.dir/rosidl_typesupport_fastrtps_c/motor_interface/msg/detail/joint_motor__type_support_c.cpp.o[0m
[4.069s] [ 56%] [32m[1mLinking CXX shared library libmotor_interface__rosidl_typesupport_c.so[0m
[4.123s] [ 59%] [32m[1mLinking C shared library libmotor_interface__rosidl_typesupport_introspection_c.so[0m
[4.124s] [ 59%] Built target motor_interface__rosidl_typesupport_c
[4.167s] [ 59%] Built target motor_interface__rosidl_typesupport_introspection_c
[4.288s] [ 62%] [32m[1mLinking CXX shared library libmotor_interface__rosidl_typesupport_cpp.so[0m
[4.344s] [ 62%] Built target motor_interface__rosidl_typesupport_cpp
[4.524s] [ 68%] [32m[1mLinking CXX shared library libmotor_interface__rosidl_typesupport_fastrtps_cpp.so[0m
[4.525s] [ 68%] [32m[1mLinking CXX shared library libmotor_interface__rosidl_typesupport_introspection_cpp.so[0m
[4.596s] [ 71%] [32m[1mLinking CXX shared library libmotor_interface__rosidl_typesupport_fastrtps_c.so[0m
[4.635s] [ 71%] Built target motor_interface__rosidl_typesupport_introspection_cpp
[4.637s] [ 71%] Built target motor_interface__rosidl_typesupport_fastrtps_cpp
[4.696s] [ 71%] Built target motor_interface__rosidl_typesupport_fastrtps_c
[4.721s] [ 71%] Built target motor_interface
[4.747s] [ 75%] [34m[1mGenerating Python code for ROS interfaces[0m
[5.191s] [ 75%] Built target motor_interface__py
[5.217s] [ 78%] [32mBuilding C object CMakeFiles/motor_interface__rosidl_generator_py.dir/rosidl_generator_py/motor_interface/msg/_joint_motor_s.c.o[0m
[5.428s] [ 81%] [32m[1mLinking C shared library rosidl_generator_py/motor_interface/libmotor_interface__rosidl_generator_py.so[0m
[5.482s] [ 81%] Built target motor_interface__rosidl_generator_py
[5.509s] [ 90%] [32mBuilding C object CMakeFiles/motor_interface__rosidl_typesupport_introspection_c__pyext.dir/rosidl_generator_py/motor_interface/_motor_interface_s.ep.rosidl_typesupport_introspection_c.c.o[0m
[5.509s] [ 90%] [32mBuilding C object CMakeFiles/motor_interface__rosidl_typesupport_fastrtps_c__pyext.dir/rosidl_generator_py/motor_interface/_motor_interface_s.ep.rosidl_typesupport_fastrtps_c.c.o[0m
[5.510s] [ 90%] [32mBuilding C object CMakeFiles/motor_interface__rosidl_typesupport_c__pyext.dir/rosidl_generator_py/motor_interface/_motor_interface_s.ep.rosidl_typesupport_c.c.o[0m
[5.647s] [100%] [32m[1mLinking C shared library rosidl_generator_py/motor_interface/motor_interface_s__rosidl_typesupport_introspection_c.cpython-310-aarch64-linux-gnu.so[0m
[5.647s] [100%] [32m[1mLinking C shared library rosidl_generator_py/motor_interface/motor_interface_s__rosidl_typesupport_fastrtps_c.cpython-310-aarch64-linux-gnu.so[0m
[5.647s] [100%] [32m[1mLinking C shared library rosidl_generator_py/motor_interface/motor_interface_s__rosidl_typesupport_c.cpython-310-aarch64-linux-gnu.so[0m
[5.698s] [100%] Built target motor_interface__rosidl_typesupport_c__pyext
[5.699s] [100%] Built target motor_interface__rosidl_typesupport_fastrtps_c__pyext
[5.699s] [100%] Built target motor_interface__rosidl_typesupport_introspection_c__pyext
[5.715s] Invoked command in '/home/niic/427/427/sb_new_tor/WK_ZY/build/motor_interface' returned '0': CMAKE_PREFIX_PATH=/opt/ros/humble /usr/bin/cmake --build /home/niic/427/427/sb_new_tor/WK_ZY/build/motor_interface -- -j9 -l9
[5.728s] Invoking command in '/home/niic/427/427/sb_new_tor/WK_ZY/build/motor_interface': CMAKE_PREFIX_PATH=/opt/ros/humble /usr/bin/cmake --install /home/niic/427/427/sb_new_tor/WK_ZY/build/motor_interface
[5.739s] -- Install configuration: ""
[5.739s] -- Installing: /home/niic/427/427/sb_new_tor/WK_ZY/install/motor_interface/share/ament_index/resource_index/rosidl_interfaces/motor_interface
[5.739s] -- Installing: /home/niic/427/427/sb_new_tor/WK_ZY/install/motor_interface/include/motor_interface/motor_interface
[5.739s] -- Installing: /home/niic/427/427/sb_new_tor/WK_ZY/install/motor_interface/include/motor_interface/motor_interface/msg
[5.740s] -- Installing: /home/niic/427/427/sb_new_tor/WK_ZY/install/motor_interface/include/motor_interface/motor_interface/msg/rosidl_generator_c__visibility_control.h
[5.740s] -- Installing: /home/niic/427/427/sb_new_tor/WK_ZY/install/motor_interface/include/motor_interface/motor_interface/msg/detail
[5.740s] -- Installing: /home/niic/427/427/sb_new_tor/WK_ZY/install/motor_interface/include/motor_interface/motor_interface/msg/detail/joint_motor__type_support.h
[5.740s] -- Installing: /home/niic/427/427/sb_new_tor/WK_ZY/install/motor_interface/include/motor_interface/motor_interface/msg/detail/joint_motor__struct.h
[5.740s] -- Installing: /home/niic/427/427/sb_new_tor/WK_ZY/install/motor_interface/include/motor_interface/motor_interface/msg/detail/joint_motor__functions.c
[5.740s] -- Installing: /home/niic/427/427/sb_new_tor/WK_ZY/install/motor_interface/include/motor_interface/motor_interface/msg/detail/joint_motor__functions.h
[5.741s] -- Installing: /home/niic/427/427/sb_new_tor/WK_ZY/install/motor_interface/include/motor_interface/motor_interface/msg/joint_motor.h
[5.741s] -- Installing: /home/niic/427/427/sb_new_tor/WK_ZY/install/motor_interface/share/motor_interface/environment/library_path.sh
[5.741s] -- Installing: /home/niic/427/427/sb_new_tor/WK_ZY/install/motor_interface/share/motor_interface/environment/library_path.dsv
[5.741s] -- Installing: /home/niic/427/427/sb_new_tor/WK_ZY/install/motor_interface/lib/libmotor_interface__rosidl_generator_c.so
[5.742s] -- Set runtime path of "/home/niic/427/427/sb_new_tor/WK_ZY/install/motor_interface/lib/libmotor_interface__rosidl_generator_c.so" to ""
[5.742s] -- Up-to-date: /home/niic/427/427/sb_new_tor/WK_ZY/install/motor_interface/include/motor_interface/motor_interface
[5.742s] -- Up-to-date: /home/niic/427/427/sb_new_tor/WK_ZY/install/motor_interface/include/motor_interface/motor_interface/msg
[5.743s] -- Up-to-date: /home/niic/427/427/sb_new_tor/WK_ZY/install/motor_interface/include/motor_interface/motor_interface/msg/detail
[5.743s] -- Installing: /home/niic/427/427/sb_new_tor/WK_ZY/install/motor_interface/include/motor_interface/motor_interface/msg/detail/joint_motor__rosidl_typesupport_fastrtps_c.h
[5.743s] -- Installing: /home/niic/427/427/sb_new_tor/WK_ZY/install/motor_interface/include/motor_interface/motor_interface/msg/rosidl_typesupport_fastrtps_c__visibility_control.h
[5.743s] -- Installing: /home/niic/427/427/sb_new_tor/WK_ZY/install/motor_interface/lib/libmotor_interface__rosidl_typesupport_fastrtps_c.so
[5.743s] -- Set runtime path of "/home/niic/427/427/sb_new_tor/WK_ZY/install/motor_interface/lib/libmotor_interface__rosidl_typesupport_fastrtps_c.so" to ""
[5.743s] -- Up-to-date: /home/niic/427/427/sb_new_tor/WK_ZY/install/motor_interface/include/motor_interface/motor_interface
[5.744s] -- Up-to-date: /home/niic/427/427/sb_new_tor/WK_ZY/install/motor_interface/include/motor_interface/motor_interface/msg
[5.744s] -- Installing: /home/niic/427/427/sb_new_tor/WK_ZY/install/motor_interface/include/motor_interface/motor_interface/msg/joint_motor.hpp
[5.744s] -- Up-to-date: /home/niic/427/427/sb_new_tor/WK_ZY/install/motor_interface/include/motor_interface/motor_interface/msg/detail
[5.744s] -- Installing: /home/niic/427/427/sb_new_tor/WK_ZY/install/motor_interface/include/motor_interface/motor_interface/msg/detail/joint_motor__struct.hpp
[5.744s] -- Installing: /home/niic/427/427/sb_new_tor/WK_ZY/install/motor_interface/include/motor_interface/motor_interface/msg/detail/joint_motor__traits.hpp
[5.744s] -- Installing: /home/niic/427/427/sb_new_tor/WK_ZY/install/motor_interface/include/motor_interface/motor_interface/msg/detail/joint_motor__type_support.hpp
[5.744s] -- Installing: /home/niic/427/427/sb_new_tor/WK_ZY/install/motor_interface/include/motor_interface/motor_interface/msg/detail/joint_motor__builder.hpp
[5.744s] -- Installing: /home/niic/427/427/sb_new_tor/WK_ZY/install/motor_interface/include/motor_interface/motor_interface/msg/rosidl_generator_cpp__visibility_control.hpp
[5.745s] -- Up-to-date: /home/niic/427/427/sb_new_tor/WK_ZY/install/motor_interface/include/motor_interface/motor_interface
[5.745s] -- Up-to-date: /home/niic/427/427/sb_new_tor/WK_ZY/install/motor_interface/include/motor_interface/motor_interface/msg
[5.745s] -- Installing: /home/niic/427/427/sb_new_tor/WK_ZY/install/motor_interface/include/motor_interface/motor_interface/msg/rosidl_typesupport_fastrtps_cpp__visibility_control.h
[5.745s] -- Up-to-date: /home/niic/427/427/sb_new_tor/WK_ZY/install/motor_interface/include/motor_interface/motor_interface/msg/detail
[5.745s] -- Installing: /home/niic/427/427/sb_new_tor/WK_ZY/install/motor_interface/include/motor_interface/motor_interface/msg/detail/joint_motor__rosidl_typesupport_fastrtps_cpp.hpp
[5.745s] -- Installing: /home/niic/427/427/sb_new_tor/WK_ZY/install/motor_interface/include/motor_interface/motor_interface/msg/detail/dds_fastrtps
[5.745s] -- Installing: /home/niic/427/427/sb_new_tor/WK_ZY/install/motor_interface/lib/libmotor_interface__rosidl_typesupport_fastrtps_cpp.so
[5.746s] -- Set runtime path of "/home/niic/427/427/sb_new_tor/WK_ZY/install/motor_interface/lib/libmotor_interface__rosidl_typesupport_fastrtps_cpp.so" to ""
[5.746s] -- Up-to-date: /home/niic/427/427/sb_new_tor/WK_ZY/install/motor_interface/include/motor_interface/motor_interface
[5.746s] -- Up-to-date: /home/niic/427/427/sb_new_tor/WK_ZY/install/motor_interface/include/motor_interface/motor_interface/msg
[5.746s] -- Up-to-date: /home/niic/427/427/sb_new_tor/WK_ZY/install/motor_interface/include/motor_interface/motor_interface/msg/detail
[5.746s] -- Installing: /home/niic/427/427/sb_new_tor/WK_ZY/install/motor_interface/include/motor_interface/motor_interface/msg/detail/joint_motor__rosidl_typesupport_introspection_c.h
[5.746s] -- Installing: /home/niic/427/427/sb_new_tor/WK_ZY/install/motor_interface/include/motor_interface/motor_interface/msg/detail/joint_motor__type_support.c
[5.746s] -- Installing: /home/niic/427/427/sb_new_tor/WK_ZY/install/motor_interface/include/motor_interface/motor_interface/msg/rosidl_typesupport_introspection_c__visibility_control.h
[5.747s] -- Installing: /home/niic/427/427/sb_new_tor/WK_ZY/install/motor_interface/lib/libmotor_interface__rosidl_typesupport_introspection_c.so
[5.747s] -- Set runtime path of "/home/niic/427/427/sb_new_tor/WK_ZY/install/motor_interface/lib/libmotor_interface__rosidl_typesupport_introspection_c.so" to ""
[5.747s] -- Installing: /home/niic/427/427/sb_new_tor/WK_ZY/install/motor_interface/lib/libmotor_interface__rosidl_typesupport_c.so
[5.748s] -- Set runtime path of "/home/niic/427/427/sb_new_tor/WK_ZY/install/motor_interface/lib/libmotor_interface__rosidl_typesupport_c.so" to ""
[5.748s] -- Up-to-date: /home/niic/427/427/sb_new_tor/WK_ZY/install/motor_interface/include/motor_interface/motor_interface
[5.748s] -- Up-to-date: /home/niic/427/427/sb_new_tor/WK_ZY/install/motor_interface/include/motor_interface/motor_interface/msg
[5.748s] -- Up-to-date: /home/niic/427/427/sb_new_tor/WK_ZY/install/motor_interface/include/motor_interface/motor_interface/msg/detail
[5.748s] -- Installing: /home/niic/427/427/sb_new_tor/WK_ZY/install/motor_interface/include/motor_interface/motor_interface/msg/detail/joint_motor__rosidl_typesupport_introspection_cpp.hpp
[5.748s] -- Installing: /home/niic/427/427/sb_new_tor/WK_ZY/install/motor_interface/include/motor_interface/motor_interface/msg/detail/joint_motor__type_support.cpp
[5.748s] -- Installing: /home/niic/427/427/sb_new_tor/WK_ZY/install/motor_interface/lib/libmotor_interface__rosidl_typesupport_introspection_cpp.so
[5.749s] -- Set runtime path of "/home/niic/427/427/sb_new_tor/WK_ZY/install/motor_interface/lib/libmotor_interface__rosidl_typesupport_introspection_cpp.so" to ""
[5.749s] -- Installing: /home/niic/427/427/sb_new_tor/WK_ZY/install/motor_interface/lib/libmotor_interface__rosidl_typesupport_cpp.so
[5.749s] -- Set runtime path of "/home/niic/427/427/sb_new_tor/WK_ZY/install/motor_interface/lib/libmotor_interface__rosidl_typesupport_cpp.so" to ""
[5.749s] -- Installing: /home/niic/427/427/sb_new_tor/WK_ZY/install/motor_interface/share/motor_interface/environment/pythonpath.sh
[5.749s] -- Installing: /home/niic/427/427/sb_new_tor/WK_ZY/install/motor_interface/share/motor_interface/environment/pythonpath.dsv
[5.750s] -- Installing: /home/niic/427/427/sb_new_tor/WK_ZY/install/motor_interface/local/lib/python3.10/dist-packages/motor_interface-0.0.0-py3.10.egg-info
[5.750s] -- Installing: /home/niic/427/427/sb_new_tor/WK_ZY/install/motor_interface/local/lib/python3.10/dist-packages/motor_interface-0.0.0-py3.10.egg-info/PKG-INFO
[5.750s] -- Installing: /home/niic/427/427/sb_new_tor/WK_ZY/install/motor_interface/local/lib/python3.10/dist-packages/motor_interface-0.0.0-py3.10.egg-info/top_level.txt
[5.750s] -- Installing: /home/niic/427/427/sb_new_tor/WK_ZY/install/motor_interface/local/lib/python3.10/dist-packages/motor_interface-0.0.0-py3.10.egg-info/SOURCES.txt
[5.750s] -- Installing: /home/niic/427/427/sb_new_tor/WK_ZY/install/motor_interface/local/lib/python3.10/dist-packages/motor_interface-0.0.0-py3.10.egg-info/dependency_links.txt
[5.751s] -- Installing: /home/niic/427/427/sb_new_tor/WK_ZY/install/motor_interface/local/lib/python3.10/dist-packages/motor_interface
[5.751s] -- Installing: /home/niic/427/427/sb_new_tor/WK_ZY/install/motor_interface/local/lib/python3.10/dist-packages/motor_interface/motor_interface_s__rosidl_typesupport_c.cpython-310-aarch64-linux-gnu.so
[5.751s] -- Installing: /home/niic/427/427/sb_new_tor/WK_ZY/install/motor_interface/local/lib/python3.10/dist-packages/motor_interface/motor_interface_s__rosidl_typesupport_fastrtps_c.cpython-310-aarch64-linux-gnu.so
[5.751s] -- Installing: /home/niic/427/427/sb_new_tor/WK_ZY/install/motor_interface/local/lib/python3.10/dist-packages/motor_interface/motor_interface_s__rosidl_typesupport_introspection_c.cpython-310-aarch64-linux-gnu.so
[5.751s] -- Installing: /home/niic/427/427/sb_new_tor/WK_ZY/install/motor_interface/local/lib/python3.10/dist-packages/motor_interface/__init__.py
[5.751s] -- Installing: /home/niic/427/427/sb_new_tor/WK_ZY/install/motor_interface/local/lib/python3.10/dist-packages/motor_interface/msg
[5.752s] -- Installing: /home/niic/427/427/sb_new_tor/WK_ZY/install/motor_interface/local/lib/python3.10/dist-packages/motor_interface/msg/_joint_motor.py
[5.752s] -- Installing: /home/niic/427/427/sb_new_tor/WK_ZY/install/motor_interface/local/lib/python3.10/dist-packages/motor_interface/msg/_joint_motor_s.c
[5.752s] -- Installing: /home/niic/427/427/sb_new_tor/WK_ZY/install/motor_interface/local/lib/python3.10/dist-packages/motor_interface/msg/__init__.py
[5.752s] -- Installing: /home/niic/427/427/sb_new_tor/WK_ZY/install/motor_interface/local/lib/python3.10/dist-packages/motor_interface/libmotor_interface__rosidl_generator_py.so
[5.752s] -- Installing: /home/niic/427/427/sb_new_tor/WK_ZY/install/motor_interface/local/lib/python3.10/dist-packages/motor_interface/_motor_interface_s.ep.rosidl_typesupport_introspection_c.c
[5.753s] -- Installing: /home/niic/427/427/sb_new_tor/WK_ZY/install/motor_interface/local/lib/python3.10/dist-packages/motor_interface/_motor_interface_s.ep.rosidl_typesupport_c.c
[5.753s] -- Installing: /home/niic/427/427/sb_new_tor/WK_ZY/install/motor_interface/local/lib/python3.10/dist-packages/motor_interface/_motor_interface_s.ep.rosidl_typesupport_fastrtps_c.c
[5.800s] Listing '/home/niic/427/427/sb_new_tor/WK_ZY/install/motor_interface/local/lib/python3.10/dist-packages/motor_interface'...
[5.800s] Compiling '/home/niic/427/427/sb_new_tor/WK_ZY/install/motor_interface/local/lib/python3.10/dist-packages/motor_interface/__init__.py'...
[5.800s] Listing '/home/niic/427/427/sb_new_tor/WK_ZY/install/motor_interface/local/lib/python3.10/dist-packages/motor_interface/msg'...
[5.800s] Compiling '/home/niic/427/427/sb_new_tor/WK_ZY/install/motor_interface/local/lib/python3.10/dist-packages/motor_interface/msg/__init__.py'...
[5.800s] Compiling '/home/niic/427/427/sb_new_tor/WK_ZY/install/motor_interface/local/lib/python3.10/dist-packages/motor_interface/msg/_joint_motor.py'...
[5.809s] -- Installing: /home/niic/427/427/sb_new_tor/WK_ZY/install/motor_interface/local/lib/python3.10/dist-packages/motor_interface/motor_interface_s__rosidl_typesupport_fastrtps_c.cpython-310-aarch64-linux-gnu.so
[5.809s] -- Set runtime path of "/home/niic/427/427/sb_new_tor/WK_ZY/install/motor_interface/local/lib/python3.10/dist-packages/motor_interface/motor_interface_s__rosidl_typesupport_fastrtps_c.cpython-310-aarch64-linux-gnu.so" to ""
[5.809s] -- Installing: /home/niic/427/427/sb_new_tor/WK_ZY/install/motor_interface/local/lib/python3.10/dist-packages/motor_interface/motor_interface_s__rosidl_typesupport_introspection_c.cpython-310-aarch64-linux-gnu.so
[5.810s] -- Set runtime path of "/home/niic/427/427/sb_new_tor/WK_ZY/install/motor_interface/local/lib/python3.10/dist-packages/motor_interface/motor_interface_s__rosidl_typesupport_introspection_c.cpython-310-aarch64-linux-gnu.so" to ""
[5.810s] -- Installing: /home/niic/427/427/sb_new_tor/WK_ZY/install/motor_interface/local/lib/python3.10/dist-packages/motor_interface/motor_interface_s__rosidl_typesupport_c.cpython-310-aarch64-linux-gnu.so
[5.810s] -- Set runtime path of "/home/niic/427/427/sb_new_tor/WK_ZY/install/motor_interface/local/lib/python3.10/dist-packages/motor_interface/motor_interface_s__rosidl_typesupport_c.cpython-310-aarch64-linux-gnu.so" to ""
[5.810s] -- Installing: /home/niic/427/427/sb_new_tor/WK_ZY/install/motor_interface/lib/libmotor_interface__rosidl_generator_py.so
[5.811s] -- Set runtime path of "/home/niic/427/427/sb_new_tor/WK_ZY/install/motor_interface/lib/libmotor_interface__rosidl_generator_py.so" to ""
[5.811s] -- Installing: /home/niic/427/427/sb_new_tor/WK_ZY/install/motor_interface/share/ament_index/resource_index/rust_packages/motor_interface
[5.811s] -- Installing: /home/niic/427/427/sb_new_tor/WK_ZY/install/motor_interface/share/motor_interface/rust
[5.811s] -- Installing: /home/niic/427/427/sb_new_tor/WK_ZY/install/motor_interface/share/motor_interface/rust/src
[5.812s] -- Installing: /home/niic/427/427/sb_new_tor/WK_ZY/install/motor_interface/share/motor_interface/rust/src/msg.rs
[5.812s] -- Installing: /home/niic/427/427/sb_new_tor/WK_ZY/install/motor_interface/share/motor_interface/rust/src/msg
[5.812s] -- Installing: /home/niic/427/427/sb_new_tor/WK_ZY/install/motor_interface/share/motor_interface/rust/src/msg/rmw.rs
[5.812s] -- Installing: /home/niic/427/427/sb_new_tor/WK_ZY/install/motor_interface/share/motor_interface/rust/src/lib.rs
[5.812s] -- Installing: /home/niic/427/427/sb_new_tor/WK_ZY/install/motor_interface/share/motor_interface/rust/build.rs
[5.812s] -- Installing: /home/niic/427/427/sb_new_tor/WK_ZY/install/motor_interface/share/motor_interface/rust/Cargo.toml
[5.813s] -- Installing: /home/niic/427/427/sb_new_tor/WK_ZY/install/motor_interface/share/motor_interface/msg/JointMotor.idl
[5.813s] -- Installing: /home/niic/427/427/sb_new_tor/WK_ZY/install/motor_interface/share/motor_interface/msg/JointMotor.msg
[5.813s] -- Installing: /home/niic/427/427/sb_new_tor/WK_ZY/install/motor_interface/share/ament_index/resource_index/package_run_dependencies/motor_interface
[5.813s] -- Installing: /home/niic/427/427/sb_new_tor/WK_ZY/install/motor_interface/share/ament_index/resource_index/parent_prefix_path/motor_interface
[5.814s] -- Installing: /home/niic/427/427/sb_new_tor/WK_ZY/install/motor_interface/share/motor_interface/environment/ament_prefix_path.sh
[5.814s] -- Installing: /home/niic/427/427/sb_new_tor/WK_ZY/install/motor_interface/share/motor_interface/environment/ament_prefix_path.dsv
[5.814s] -- Installing: /home/niic/427/427/sb_new_tor/WK_ZY/install/motor_interface/share/motor_interface/environment/path.sh
[5.814s] -- Installing: /home/niic/427/427/sb_new_tor/WK_ZY/install/motor_interface/share/motor_interface/environment/path.dsv
[5.814s] -- Installing: /home/niic/427/427/sb_new_tor/WK_ZY/install/motor_interface/share/motor_interface/local_setup.bash
[5.814s] -- Installing: /home/niic/427/427/sb_new_tor/WK_ZY/install/motor_interface/share/motor_interface/local_setup.sh
[5.815s] -- Installing: /home/niic/427/427/sb_new_tor/WK_ZY/install/motor_interface/share/motor_interface/local_setup.zsh
[5.815s] -- Installing: /home/niic/427/427/sb_new_tor/WK_ZY/install/motor_interface/share/motor_interface/local_setup.dsv
[5.815s] -- Installing: /home/niic/427/427/sb_new_tor/WK_ZY/install/motor_interface/share/motor_interface/package.dsv
[5.815s] -- Installing: /home/niic/427/427/sb_new_tor/WK_ZY/install/motor_interface/share/ament_index/resource_index/packages/motor_interface
[5.816s] -- Installing: /home/niic/427/427/sb_new_tor/WK_ZY/install/motor_interface/share/motor_interface/cmake/export_motor_interface__rosidl_generator_cExport.cmake
[5.816s] -- Installing: /home/niic/427/427/sb_new_tor/WK_ZY/install/motor_interface/share/motor_interface/cmake/export_motor_interface__rosidl_generator_cExport-noconfig.cmake
[5.816s] -- Installing: /home/niic/427/427/sb_new_tor/WK_ZY/install/motor_interface/share/motor_interface/cmake/export_motor_interface__rosidl_typesupport_fastrtps_cExport.cmake
[5.816s] -- Installing: /home/niic/427/427/sb_new_tor/WK_ZY/install/motor_interface/share/motor_interface/cmake/export_motor_interface__rosidl_typesupport_fastrtps_cExport-noconfig.cmake
[5.816s] -- Installing: /home/niic/427/427/sb_new_tor/WK_ZY/install/motor_interface/share/motor_interface/cmake/export_motor_interface__rosidl_generator_cppExport.cmake
[5.817s] -- Installing: /home/niic/427/427/sb_new_tor/WK_ZY/install/motor_interface/share/motor_interface/cmake/export_motor_interface__rosidl_typesupport_fastrtps_cppExport.cmake
[5.817s] -- Installing: /home/niic/427/427/sb_new_tor/WK_ZY/install/motor_interface/share/motor_interface/cmake/export_motor_interface__rosidl_typesupport_fastrtps_cppExport-noconfig.cmake
[5.817s] -- Installing: /home/niic/427/427/sb_new_tor/WK_ZY/install/motor_interface/share/motor_interface/cmake/motor_interface__rosidl_typesupport_introspection_cExport.cmake
[5.817s] -- Installing: /home/niic/427/427/sb_new_tor/WK_ZY/install/motor_interface/share/motor_interface/cmake/motor_interface__rosidl_typesupport_introspection_cExport-noconfig.cmake
[5.817s] -- Installing: /home/niic/427/427/sb_new_tor/WK_ZY/install/motor_interface/share/motor_interface/cmake/motor_interface__rosidl_typesupport_cExport.cmake
[5.818s] -- Installing: /home/niic/427/427/sb_new_tor/WK_ZY/install/motor_interface/share/motor_interface/cmake/motor_interface__rosidl_typesupport_cExport-noconfig.cmake
[5.818s] -- Installing: /home/niic/427/427/sb_new_tor/WK_ZY/install/motor_interface/share/motor_interface/cmake/motor_interface__rosidl_typesupport_introspection_cppExport.cmake
[5.818s] -- Installing: /home/niic/427/427/sb_new_tor/WK_ZY/install/motor_interface/share/motor_interface/cmake/motor_interface__rosidl_typesupport_introspection_cppExport-noconfig.cmake
[5.818s] -- Installing: /home/niic/427/427/sb_new_tor/WK_ZY/install/motor_interface/share/motor_interface/cmake/motor_interface__rosidl_typesupport_cppExport.cmake
[5.819s] -- Installing: /home/niic/427/427/sb_new_tor/WK_ZY/install/motor_interface/share/motor_interface/cmake/motor_interface__rosidl_typesupport_cppExport-noconfig.cmake
[5.819s] -- Installing: /home/niic/427/427/sb_new_tor/WK_ZY/install/motor_interface/share/motor_interface/cmake/export_motor_interface__rosidl_generator_pyExport.cmake
[5.819s] -- Installing: /home/niic/427/427/sb_new_tor/WK_ZY/install/motor_interface/share/motor_interface/cmake/export_motor_interface__rosidl_generator_pyExport-noconfig.cmake
[5.819s] -- Installing: /home/niic/427/427/sb_new_tor/WK_ZY/install/motor_interface/share/motor_interface/cmake/rosidl_cmake-extras.cmake
[5.819s] -- Installing: /home/niic/427/427/sb_new_tor/WK_ZY/install/motor_interface/share/motor_interface/cmake/ament_cmake_export_dependencies-extras.cmake
[5.820s] -- Installing: /home/niic/427/427/sb_new_tor/WK_ZY/install/motor_interface/share/motor_interface/cmake/ament_cmake_export_include_directories-extras.cmake
[5.820s] -- Installing: /home/niic/427/427/sb_new_tor/WK_ZY/install/motor_interface/share/motor_interface/cmake/ament_cmake_export_libraries-extras.cmake
[5.820s] -- Installing: /home/niic/427/427/sb_new_tor/WK_ZY/install/motor_interface/share/motor_interface/cmake/ament_cmake_export_targets-extras.cmake
[5.820s] -- Installing: /home/niic/427/427/sb_new_tor/WK_ZY/install/motor_interface/share/motor_interface/cmake/rosidl_cmake_export_typesupport_targets-extras.cmake
[5.820s] -- Installing: /home/niic/427/427/sb_new_tor/WK_ZY/install/motor_interface/share/motor_interface/cmake/rosidl_cmake_export_typesupport_libraries-extras.cmake
[5.821s] -- Installing: /home/niic/427/427/sb_new_tor/WK_ZY/install/motor_interface/share/motor_interface/cmake/motor_interfaceConfig.cmake
[5.821s] -- Installing: /home/niic/427/427/sb_new_tor/WK_ZY/install/motor_interface/share/motor_interface/cmake/motor_interfaceConfig-version.cmake
[5.821s] -- Installing: /home/niic/427/427/sb_new_tor/WK_ZY/install/motor_interface/share/motor_interface/package.xml
[5.825s] Invoked command in '/home/niic/427/427/sb_new_tor/WK_ZY/build/motor_interface' returned '0': CMAKE_PREFIX_PATH=/opt/ros/humble /usr/bin/cmake --install /home/niic/427/427/sb_new_tor/WK_ZY/build/motor_interface
