[0.012s] Invoking command in '/home/niic/427/427/sb_new_tor/WK_ZY/build/motor_communication_pkg': AMENT_PREFIX_PATH=/home/niic/427/427/sb_new_tor/WK_ZY/install/motor_interface:${AMENT_PREFIX_PATH} CMAKE_PREFIX_PATH=/home/niic/427/427/sb_new_tor/WK_ZY/install/motor_interface:/opt/ros/humble LD_LIBRARY_PATH=/home/niic/427/427/sb_new_tor/WK_ZY/install/motor_interface/lib:${LD_LIBRARY_PATH} PYTHONPATH=/home/niic/427/427/sb_new_tor/WK_ZY/install/motor_interface/local/lib/python3.10/dist-packages:${PYTHONPATH} /usr/bin/cmake --build /home/niic/427/427/sb_new_tor/WK_ZY/build/motor_communication_pkg -- -j9 -l9
[0.070s] [35m[1mConsolidate compiler generated dependencies of target motor_node[0m
[0.105s] [ 33%] [32mBuilding CXX object CMakeFiles/motor_node.dir/src/main.cpp.o[0m
[0.105s] [ 33%] [32mBuilding CXX object CMakeFiles/motor_node.dir/src/global/globalParams.cpp.o[0m
[4.640s] [ 50%] [32m[1mLinking CXX executable motor_node[0m
[5.260s] [100%] Built target motor_node
[5.275s] Invoked command in '/home/niic/427/427/sb_new_tor/WK_ZY/build/motor_communication_pkg' returned '0': AMENT_PREFIX_PATH=/home/niic/427/427/sb_new_tor/WK_ZY/install/motor_interface:${AMENT_PREFIX_PATH} CMAKE_PREFIX_PATH=/home/niic/427/427/sb_new_tor/WK_ZY/install/motor_interface:/opt/ros/humble LD_LIBRARY_PATH=/home/niic/427/427/sb_new_tor/WK_ZY/install/motor_interface/lib:${LD_LIBRARY_PATH} PYTHONPATH=/home/niic/427/427/sb_new_tor/WK_ZY/install/motor_interface/local/lib/python3.10/dist-packages:${PYTHONPATH} /usr/bin/cmake --build /home/niic/427/427/sb_new_tor/WK_ZY/build/motor_communication_pkg -- -j9 -l9
[5.277s] Invoking command in '/home/niic/427/427/sb_new_tor/WK_ZY/build/motor_communication_pkg': AMENT_PREFIX_PATH=/home/niic/427/427/sb_new_tor/WK_ZY/install/motor_interface:${AMENT_PREFIX_PATH} CMAKE_PREFIX_PATH=/home/niic/427/427/sb_new_tor/WK_ZY/install/motor_interface:/opt/ros/humble LD_LIBRARY_PATH=/home/niic/427/427/sb_new_tor/WK_ZY/install/motor_interface/lib:${LD_LIBRARY_PATH} PYTHONPATH=/home/niic/427/427/sb_new_tor/WK_ZY/install/motor_interface/local/lib/python3.10/dist-packages:${PYTHONPATH} /usr/bin/cmake --install /home/niic/427/427/sb_new_tor/WK_ZY/build/motor_communication_pkg
[5.288s] -- Install configuration: ""
[5.288s] -- Installing: /home/niic/427/427/sb_new_tor/WK_ZY/install/motor_communication_pkg/lib/motor_communication_pkg/motor_node
[5.296s] -- Set runtime path of "/home/niic/427/427/sb_new_tor/WK_ZY/install/motor_communication_pkg/lib/motor_communication_pkg/motor_node" to ""
[5.297s] -- Up-to-date: /home/niic/427/427/sb_new_tor/WK_ZY/install/motor_communication_pkg/share/ament_index/resource_index/package_run_dependencies/motor_communication_pkg
[5.297s] -- Up-to-date: /home/niic/427/427/sb_new_tor/WK_ZY/install/motor_communication_pkg/share/ament_index/resource_index/parent_prefix_path/motor_communication_pkg
[5.297s] -- Up-to-date: /home/niic/427/427/sb_new_tor/WK_ZY/install/motor_communication_pkg/share/motor_communication_pkg/environment/ament_prefix_path.sh
[5.297s] -- Up-to-date: /home/niic/427/427/sb_new_tor/WK_ZY/install/motor_communication_pkg/share/motor_communication_pkg/environment/ament_prefix_path.dsv
[5.297s] -- Up-to-date: /home/niic/427/427/sb_new_tor/WK_ZY/install/motor_communication_pkg/share/motor_communication_pkg/environment/path.sh
[5.297s] -- Up-to-date: /home/niic/427/427/sb_new_tor/WK_ZY/install/motor_communication_pkg/share/motor_communication_pkg/environment/path.dsv
[5.298s] -- Up-to-date: /home/niic/427/427/sb_new_tor/WK_ZY/install/motor_communication_pkg/share/motor_communication_pkg/local_setup.bash
[5.298s] -- Up-to-date: /home/niic/427/427/sb_new_tor/WK_ZY/install/motor_communication_pkg/share/motor_communication_pkg/local_setup.sh
[5.298s] -- Up-to-date: /home/niic/427/427/sb_new_tor/WK_ZY/install/motor_communication_pkg/share/motor_communication_pkg/local_setup.zsh
[5.298s] -- Up-to-date: /home/niic/427/427/sb_new_tor/WK_ZY/install/motor_communication_pkg/share/motor_communication_pkg/local_setup.dsv
[5.298s] -- Installing: /home/niic/427/427/sb_new_tor/WK_ZY/install/motor_communication_pkg/share/motor_communication_pkg/package.dsv
[5.298s] -- Up-to-date: /home/niic/427/427/sb_new_tor/WK_ZY/install/motor_communication_pkg/share/ament_index/resource_index/packages/motor_communication_pkg
[5.298s] -- Up-to-date: /home/niic/427/427/sb_new_tor/WK_ZY/install/motor_communication_pkg/share/motor_communication_pkg/cmake/motor_communication_pkgConfig.cmake
[5.298s] -- Up-to-date: /home/niic/427/427/sb_new_tor/WK_ZY/install/motor_communication_pkg/share/motor_communication_pkg/cmake/motor_communication_pkgConfig-version.cmake
[5.298s] -- Up-to-date: /home/niic/427/427/sb_new_tor/WK_ZY/install/motor_communication_pkg/share/motor_communication_pkg/package.xml
[5.302s] Invoked command in '/home/niic/427/427/sb_new_tor/WK_ZY/build/motor_communication_pkg' returned '0': AMENT_PREFIX_PATH=/home/niic/427/427/sb_new_tor/WK_ZY/install/motor_interface:${AMENT_PREFIX_PATH} CMAKE_PREFIX_PATH=/home/niic/427/427/sb_new_tor/WK_ZY/install/motor_interface:/opt/ros/humble LD_LIBRARY_PATH=/home/niic/427/427/sb_new_tor/WK_ZY/install/motor_interface/lib:${LD_LIBRARY_PATH} PYTHONPATH=/home/niic/427/427/sb_new_tor/WK_ZY/install/motor_interface/local/lib/python3.10/dist-packages:${PYTHONPATH} /usr/bin/cmake --install /home/niic/427/427/sb_new_tor/WK_ZY/build/motor_communication_pkg
