[35m[1mConsolidate compiler generated dependencies of target motor_node[0m
[ 16%] [32mBuilding CXX object CMakeFiles/motor_node.dir/src/motor_comm/IPCComm.cpp.o[0m
[ 33%] [32m[1mLinking CXX executable motor_node[0m
[100%] Built target motor_node
-- Install configuration: ""
-- Installing: /home/niic/427/427/sb_new_tor/WK_ZY/install/motor_communication_pkg/lib/motor_communication_pkg/motor_node
-- Set runtime path of "/home/niic/427/427/sb_new_tor/WK_ZY/install/motor_communication_pkg/lib/motor_communication_pkg/motor_node" to ""
-- Up-to-date: /home/niic/427/427/sb_new_tor/WK_ZY/install/motor_communication_pkg/share/ament_index/resource_index/package_run_dependencies/motor_communication_pkg
-- Up-to-date: /home/niic/427/427/sb_new_tor/WK_ZY/install/motor_communication_pkg/share/ament_index/resource_index/parent_prefix_path/motor_communication_pkg
-- Up-to-date: /home/niic/427/427/sb_new_tor/WK_ZY/install/motor_communication_pkg/share/motor_communication_pkg/environment/ament_prefix_path.sh
-- Up-to-date: /home/niic/427/427/sb_new_tor/WK_ZY/install/motor_communication_pkg/share/motor_communication_pkg/environment/ament_prefix_path.dsv
-- Up-to-date: /home/niic/427/427/sb_new_tor/WK_ZY/install/motor_communication_pkg/share/motor_communication_pkg/environment/path.sh
-- Up-to-date: /home/niic/427/427/sb_new_tor/WK_ZY/install/motor_communication_pkg/share/motor_communication_pkg/environment/path.dsv
-- Up-to-date: /home/niic/427/427/sb_new_tor/WK_ZY/install/motor_communication_pkg/share/motor_communication_pkg/local_setup.bash
-- Up-to-date: /home/niic/427/427/sb_new_tor/WK_ZY/install/motor_communication_pkg/share/motor_communication_pkg/local_setup.sh
-- Up-to-date: /home/niic/427/427/sb_new_tor/WK_ZY/install/motor_communication_pkg/share/motor_communication_pkg/local_setup.zsh
-- Up-to-date: /home/niic/427/427/sb_new_tor/WK_ZY/install/motor_communication_pkg/share/motor_communication_pkg/local_setup.dsv
-- Installing: /home/niic/427/427/sb_new_tor/WK_ZY/install/motor_communication_pkg/share/motor_communication_pkg/package.dsv
-- Up-to-date: /home/niic/427/427/sb_new_tor/WK_ZY/install/motor_communication_pkg/share/ament_index/resource_index/packages/motor_communication_pkg
-- Up-to-date: /home/niic/427/427/sb_new_tor/WK_ZY/install/motor_communication_pkg/share/motor_communication_pkg/cmake/motor_communication_pkgConfig.cmake
-- Up-to-date: /home/niic/427/427/sb_new_tor/WK_ZY/install/motor_communication_pkg/share/motor_communication_pkg/cmake/motor_communication_pkgConfig-version.cmake
-- Up-to-date: /home/niic/427/427/sb_new_tor/WK_ZY/install/motor_communication_pkg/share/motor_communication_pkg/package.xml
