[0.014s] Invoking command in '/home/niic/427/427/sb_new_tor/WK_ZY/build/motor_communication_pkg': CMAKE_PREFIX_PATH=/home/niic/427/427/sb_new_tor/WK_ZY/install/motor_interface:/home/niic/427/427/sb_new_tor/WK_ZY/install/motor_test_pkg:/home/niic/427/427/sb_new_tor/WK_ZY/install/motor_communication_pkg:/opt/ros/humble /usr/bin/cmake --build /home/niic/427/427/sb_new_tor/WK_ZY/build/motor_communication_pkg -- -j9 -l9
[0.071s] [35m[1mConsolidate compiler generated dependencies of target motor_node[0m
[0.104s] [ 16%] [32mBuilding CXX object CMakeFiles/motor_node.dir/src/main.cpp.o[0m
[4.657s] [ 33%] [32m[1mLinking CXX executable motor_node[0m
[5.264s] [100%] Built target motor_node
[5.279s] Invoked command in '/home/niic/427/427/sb_new_tor/WK_ZY/build/motor_communication_pkg' returned '0': CMAKE_PREFIX_PATH=/home/niic/427/427/sb_new_tor/WK_ZY/install/motor_interface:/home/niic/427/427/sb_new_tor/WK_ZY/install/motor_test_pkg:/home/niic/427/427/sb_new_tor/WK_ZY/install/motor_communication_pkg:/opt/ros/humble /usr/bin/cmake --build /home/niic/427/427/sb_new_tor/WK_ZY/build/motor_communication_pkg -- -j9 -l9
[5.281s] Invoking command in '/home/niic/427/427/sb_new_tor/WK_ZY/build/motor_communication_pkg': CMAKE_PREFIX_PATH=/home/niic/427/427/sb_new_tor/WK_ZY/install/motor_interface:/home/niic/427/427/sb_new_tor/WK_ZY/install/motor_test_pkg:/home/niic/427/427/sb_new_tor/WK_ZY/install/motor_communication_pkg:/opt/ros/humble /usr/bin/cmake --install /home/niic/427/427/sb_new_tor/WK_ZY/build/motor_communication_pkg
[5.291s] -- Install configuration: ""
[5.292s] -- Installing: /home/niic/427/427/sb_new_tor/WK_ZY/install/motor_communication_pkg/lib/motor_communication_pkg/motor_node
[5.300s] -- Set runtime path of "/home/niic/427/427/sb_new_tor/WK_ZY/install/motor_communication_pkg/lib/motor_communication_pkg/motor_node" to ""
[5.300s] -- Up-to-date: /home/niic/427/427/sb_new_tor/WK_ZY/install/motor_communication_pkg/share/ament_index/resource_index/package_run_dependencies/motor_communication_pkg
[5.300s] -- Up-to-date: /home/niic/427/427/sb_new_tor/WK_ZY/install/motor_communication_pkg/share/ament_index/resource_index/parent_prefix_path/motor_communication_pkg
[5.301s] -- Up-to-date: /home/niic/427/427/sb_new_tor/WK_ZY/install/motor_communication_pkg/share/motor_communication_pkg/environment/ament_prefix_path.sh
[5.301s] -- Up-to-date: /home/niic/427/427/sb_new_tor/WK_ZY/install/motor_communication_pkg/share/motor_communication_pkg/environment/ament_prefix_path.dsv
[5.301s] -- Up-to-date: /home/niic/427/427/sb_new_tor/WK_ZY/install/motor_communication_pkg/share/motor_communication_pkg/environment/path.sh
[5.301s] -- Up-to-date: /home/niic/427/427/sb_new_tor/WK_ZY/install/motor_communication_pkg/share/motor_communication_pkg/environment/path.dsv
[5.301s] -- Up-to-date: /home/niic/427/427/sb_new_tor/WK_ZY/install/motor_communication_pkg/share/motor_communication_pkg/local_setup.bash
[5.301s] -- Up-to-date: /home/niic/427/427/sb_new_tor/WK_ZY/install/motor_communication_pkg/share/motor_communication_pkg/local_setup.sh
[5.301s] -- Up-to-date: /home/niic/427/427/sb_new_tor/WK_ZY/install/motor_communication_pkg/share/motor_communication_pkg/local_setup.zsh
[5.302s] -- Up-to-date: /home/niic/427/427/sb_new_tor/WK_ZY/install/motor_communication_pkg/share/motor_communication_pkg/local_setup.dsv
[5.302s] -- Installing: /home/niic/427/427/sb_new_tor/WK_ZY/install/motor_communication_pkg/share/motor_communication_pkg/package.dsv
[5.302s] -- Up-to-date: /home/niic/427/427/sb_new_tor/WK_ZY/install/motor_communication_pkg/share/ament_index/resource_index/packages/motor_communication_pkg
[5.302s] -- Up-to-date: /home/niic/427/427/sb_new_tor/WK_ZY/install/motor_communication_pkg/share/motor_communication_pkg/cmake/motor_communication_pkgConfig.cmake
[5.302s] -- Up-to-date: /home/niic/427/427/sb_new_tor/WK_ZY/install/motor_communication_pkg/share/motor_communication_pkg/cmake/motor_communication_pkgConfig-version.cmake
[5.302s] -- Up-to-date: /home/niic/427/427/sb_new_tor/WK_ZY/install/motor_communication_pkg/share/motor_communication_pkg/package.xml
[5.305s] Invoked command in '/home/niic/427/427/sb_new_tor/WK_ZY/build/motor_communication_pkg' returned '0': CMAKE_PREFIX_PATH=/home/niic/427/427/sb_new_tor/WK_ZY/install/motor_interface:/home/niic/427/427/sb_new_tor/WK_ZY/install/motor_test_pkg:/home/niic/427/427/sb_new_tor/WK_ZY/install/motor_communication_pkg:/opt/ros/humble /usr/bin/cmake --install /home/niic/427/427/sb_new_tor/WK_ZY/build/motor_communication_pkg
